#
# There is insufficient memory for the Java Runtime Environment to continue.
# Native memory allocation (malloc) failed to allocate 959536 bytes for Chunk::new
# Possible reasons:
#   The system is out of physical RAM or swap space
#   In 32 bit mode, the process size limit was hit
# Possible solutions:
#   Reduce memory load on the system
#   Increase physical memory or swap space
#   Check if swap backing store is full
#   Use 64 bit Java on a 64 bit OS
#   Decrease Java heap size (-Xmx/-Xms)
#   Decrease number of Java threads
#   Decrease Java thread stack sizes (-Xss)
#   Set larger code cache with -XX:ReservedCodeCacheSize=
# This output file may be truncated or incomplete.
#
#  Out of Memory Error (allocation.cpp:390), pid=8668, tid=0x0000000000000d08
#
# JRE version: Java(TM) SE Runtime Environment (8.0_112-b15) (build 1.8.0_112-b15)
# Java VM: Java HotSpot(TM) 64-Bit Server VM (25.112-b15 mixed mode windows-amd64 compressed oops)
# Failed to write core dump. Minidumps are not enabled by default on client versions of Windows
#

---------------  T H R E A D  ---------------

Current thread (0x000001e6d9542800):  JavaThread "C2 CompilerThread1" daemon [_thread_in_native, id=3336, stack(0x000000b37d600000,0x000000b37d700000)]

Stack: [0x000000b37d600000,0x000000b37d700000]
[error occurred during error reporting (printing stack bounds), id 0xc0000005]

Native frames: (J=compiled Java code, j=interpreted, Vv=VM code, C=native code)


Current CompileTask:
C2:2390943 17491   !   4       com.jidesoft.editor.CodeEditor::_offsetToX (1606 bytes)


---------------  P R O C E S S  ---------------

Java Threads: ( => current thread )
  0x000001e6dd0b6800 JavaThread "Secondary finalizer" [_thread_new, id=16400, stack(0x0000000000000000,0x0000000000000000)]
  0x000001e6dd0b3800 JavaThread "Trashcan" [_thread_blocked, id=17368, stack(0x000000b303500000,0x000000b303a00000)]
  0x000001e6dd0ba800 JavaThread "Thread-409" [_thread_in_native, id=940, stack(0x000000b301f00000,0x000000b302000000)]
  0x000001e6dee16800 JavaThread "Thread-408" [_thread_in_native, id=14228, stack(0x000000b301e00000,0x000000b301f00000)]
  0x000001e6dee10800 JavaThread "Thread-239" [_thread_in_native, id=16960, stack(0x000000b301f00000,0x000000b302000000)]
  0x000001e6dee18000 JavaThread "Thread-238" [_thread_in_native, id=17316, stack(0x000000b301e00000,0x000000b301f00000)]
  0x000001e6dee0e000 JavaThread "SyntheticaAnimation 50" daemon [_thread_blocked, id=7472, stack(0x000000b303f00000,0x000000b304400000)]
  0x000001e6dee0b000 JavaThread "Thread-190" [_thread_in_native, id=16696, stack(0x000000b301f00000,0x000000b302000000)]
  0x000001e6dee12000 JavaThread "Thread-189" [_thread_in_native, id=6560, stack(0x000000b301e00000,0x000000b301f00000)]
  0x000001e6dee13000 JavaThread "Timer-1" [_thread_blocked, id=2572, stack(0x000000b302b00000,0x000000b303000000)]
  0x000001e6dee13800 JavaThread "Thread-60" [_thread_in_native, id=11960, stack(0x000000b301f00000,0x000000b302000000)]
  0x000001e6dee0d800 JavaThread "Thread-59" [_thread_in_native, id=9452, stack(0x000000b301e00000,0x000000b301f00000)]
  0x000001e6dee14800 JavaThread "SyntheticaAnimation 50" daemon [_thread_blocked, id=12308, stack(0x000000b305800000,0x000000b305d00000)]
  0x000001e6dee0c800 JavaThread "Image Animator 2" daemon [_thread_blocked, id=12264, stack(0x000000b304400000,0x000000b304900000)]
  0x000001e6dee0f000 JavaThread "Thread-24" [_thread_in_native, id=17360, stack(0x000000b304a00000,0x000000b304b00000)]
  0x000001e6dee0c000 JavaThread "Thread-23" [_thread_in_native, id=17220, stack(0x000000b304900000,0x000000b304a00000)]
  0x000001e6dd0b8000 JavaThread "hw_ila_monitor" [_thread_blocked, id=6036, stack(0x000000b303a00000,0x000000b303f00000)]
  0x000001e6dd0b5000 JavaThread "Refresh Filesets Swing Worker" [_thread_blocked, id=16940, stack(0x000000b303000000,0x000000b303500000)]
  0x000001e6dd0b9800 JavaThread "SyntheticaAnimation 70" daemon [_thread_blocked, id=10904, stack(0x000000b301400000,0x000000b301900000)]
  0x000001e6dd0b6000 JavaThread "SyntheticaAnimation 25" daemon [_thread_blocked, id=7072, stack(0x000000b302600000,0x000000b302b00000)]
  0x000001e6dd0b9000 JavaThread "SyntheticaAnimation 50" daemon [_thread_blocked, id=10724, stack(0x000000b302100000,0x000000b302600000)]
  0x000001e6dd0b4800 JavaThread "SyntheticaCleanerThread" daemon [_thread_blocked, id=16616, stack(0x000000b301900000,0x000000b301e00000)]
  0x000001e6d955f000 JavaThread "Batik CleanerThread" daemon [_thread_blocked, id=12208, stack(0x000000b300000000,0x000000b300500000)]
  0x000001e6dc7c9800 JavaThread "AWT-EventQueue-1" [_thread_in_native, id=16552, stack(0x000000b300f00000,0x000000b301400000)]
  0x000001e6db03d800 JavaThread "Thread-3" [_thread_in_native, id=17012, stack(0x000000b37a400000,0x000000b37b800000)]
  0x000001e6dc609800 JavaThread "AWT-Shutdown" [_thread_blocked, id=1812, stack(0x000000b300500000,0x000000b300a00000)]
  0x000001e6d95f7000 JavaThread "AWT-Windows" daemon [_thread_in_native, id=5364, stack(0x000000b37ed00000,0x000000b37f200000)]
  0x000001e6dacf8800 JavaThread "Java2D Disposer" daemon [_thread_blocked, id=15572, stack(0x000000b37e300000,0x000000b37e800000)]
  0x000001e6dad49000 JavaThread "TimerQueue" daemon [_thread_blocked, id=11580, stack(0x000000b37de00000,0x000000b37e300000)]
  0x000001e6d9551000 JavaThread "Service Thread" daemon [_thread_blocked, id=1088, stack(0x000000b37d800000,0x000000b37dd00000)]
  0x000001e6d9547800 JavaThread "C1 CompilerThread2" daemon [_thread_in_vm, id=6216, stack(0x000000b37d700000,0x000000b37d800000)]
=>0x000001e6d9542800 JavaThread "C2 CompilerThread1" daemon [_thread_in_native, id=3336, stack(0x000000b37d600000,0x000000b37d700000)]
  0x000001e6d9541000 JavaThread "C2 CompilerThread0" daemon [_thread_blocked, id=14628, stack(0x000000b37d500000,0x000000b37d600000)]
  0x000001e6d953f000 JavaThread "Attach Listener" daemon [_thread_blocked, id=16976, stack(0x000000b37d000000,0x000000b37d500000)]
  0x000001e6d953d800 JavaThread "Signal Dispatcher" daemon [_thread_blocked, id=9836, stack(0x000000b37cb00000,0x000000b37d000000)]
  0x000001e6d9525000 JavaThread "Finalizer" daemon [_thread_blocked, id=6948, stack(0x000000b37c600000,0x000000b37cb00000)]
  0x000001e6c2466800 JavaThread "Reference Handler" daemon [_thread_blocked, id=2784, stack(0x000000b37c100000,0x000000b37c600000)]
  0x000001e6c2374000 JavaThread "main" [_thread_blocked, id=16872, stack(0x000000b37bb00000,0x000000b37bc00000)]

Other Threads:
  0x000001e6d9500800 VMThread [stack: 0x000000b37c000000,0x000000b37c100000] [id=16084]
  0x000001e6d9584000 WatcherThread [stack: 0x000000b37dd00000,0x000000b37de00000] [id=1584]

VM state:not at safepoint (normal execution)

VM Mutex/Monitor currently owned by a thread:  ([mutex/lock_event])
[0x000001e6c23723e0] CompiledIC_lock - owner thread: 0x0000000000000000

Heap:
 PSYoungGen      total 53760K, used 42119K [0x00000007bc400000, 0x00000007c0000000, 0x00000007c0000000)
  eden space 47104K, 77% used [0x00000007bc400000,0x00000007be7a6ef8,0x00000007bf200000)
  from space 6656K, 84% used [0x00000007bf980000,0x00000007bfefb060,0x00000007c0000000)
  to   space 7168K, 0% used [0x00000007bf200000,0x00000007bf200000,0x00000007bf900000)
 ParOldGen       total 107520K, used 59378K [0x0000000700000000, 0x0000000706900000, 0x00000007bc400000)
  object space 107520K, 55% used [0x0000000700000000,0x00000007039fc8a0,0x0000000706900000)
 Metaspace       used 69343K, capacity 69939K, committed 70528K, reserved 1110016K
  class space    used 9477K, capacity 9600K, committed 9600K, reserved 1048576K

Card table byte_map: [0x000001e6d1830000,0x000001e6d1e40000] byte_map_base: 0x000001e6ce030000

Marking Bits: (ParMarkBitMap*) 0x000000006964a6d0
 Begin Bits: [0x000001e6d2430000, 0x000001e6d5430000)
 End Bits:   [0x000001e6d5430000, 0x000001e6d8430000)

Polling page: 0x000001e6b91d0000

CodeCache: size=245760Kb used=52760Kb max_used=52783Kb free=192999Kb
 bounds [0x000001e6c2470000, 0x000001e6c5860000, 0x000001e6d1470000]
 total_blobs=14262 nmethods=13366 adapters=803
 compilation: enabled

Compilation events (10 events):
Event: 2390.905 Thread 0x000001e6d9547800 17516       3       sun.util.locale.StringTokenIterator::setStart (62 bytes)
Event: 2390.905 Thread 0x000001e6d9547800 nmethod 17516 0x000001e6c5850010 code [0x000001e6c58501a0, 0x000001e6c5850610]
Event: 2390.905 Thread 0x000001e6d9547800 17517       3       sun.util.locale.LanguageTag::parseLanguage (55 bytes)
Event: 2390.906 Thread 0x000001e6d9547800 nmethod 17517 0x000001e6c584f5d0 code [0x000001e6c584f780, 0x000001e6c584fdc0]
Event: 2390.906 Thread 0x000001e6d9547800 17518       3       sun.util.locale.LanguageTag::parseExtlangs (114 bytes)
Event: 2390.907 Thread 0x000001e6d9547800 nmethod 17518 0x000001e6c4682090 code [0x000001e6c46822a0, 0x000001e6c4682d40]
Event: 2390.907 Thread 0x000001e6d9547800 17519       3       sun.util.locale.LanguageTag::isExtlang (21 bytes)
Event: 2390.907 Thread 0x000001e6d9547800 nmethod 17519 0x000001e6c584e850 code [0x000001e6c584ea00, 0x000001e6c584f270]
Event: 2390.907 Thread 0x000001e6d9547800 17520       3       java.awt.Component::isRecursivelyVisible (30 bytes)
Event: 2390.908 Thread 0x000001e6d9547800 nmethod 17520 0x000001e6c4417410 code [0x000001e6c4417580, 0x000001e6c4417870]

GC Heap History (10 events):
Event: 2381.855 GC heap before
{Heap before GC invocations=104 (full 6):
 PSYoungGen      total 54272K, used 50147K [0x00000007bc400000, 0x00000007c0000000, 0x00000007c0000000)
  eden space 47104K, 100% used [0x00000007bc400000,0x00000007bf200000,0x00000007bf200000)
  from space 7168K, 42% used [0x00000007bf200000,0x00000007bf4f8e60,0x00000007bf900000)
  to   space 6656K, 0% used [0x00000007bf980000,0x00000007bf980000,0x00000007c0000000)
 ParOldGen       total 107520K, used 59086K [0x0000000700000000, 0x0000000706900000, 0x00000007bc400000)
  object space 107520K, 54% used [0x0000000700000000,0x00000007039b38b0,0x0000000706900000)
 Metaspace       used 69054K, capacity 69671K, committed 70272K, reserved 1110016K
  class space    used 9461K, capacity 9598K, committed 9600K, reserved 1048576K
Event: 2381.862 GC heap after
Heap after GC invocations=104 (full 6):
 PSYoungGen      total 54784K, used 4574K [0x00000007bc400000, 0x00000007c0000000, 0x00000007c0000000)
  eden space 48128K, 0% used [0x00000007bc400000,0x00000007bc400000,0x00000007bf300000)
  from space 6656K, 68% used [0x00000007bf980000,0x00000007bfdf7888,0x00000007c0000000)
  to   space 6656K, 0% used [0x00000007bf300000,0x00000007bf300000,0x00000007bf980000)
 ParOldGen       total 107520K, used 59118K [0x0000000700000000, 0x0000000706900000, 0x00000007bc400000)
  object space 107520K, 54% used [0x0000000700000000,0x00000007039bb8b0,0x0000000706900000)
 Metaspace       used 69054K, capacity 69671K, committed 70272K, reserved 1110016K
  class space    used 9461K, capacity 9598K, committed 9600K, reserved 1048576K
}
Event: 2384.301 GC heap before
{Heap before GC invocations=105 (full 6):
 PSYoungGen      total 54784K, used 52702K [0x00000007bc400000, 0x00000007c0000000, 0x00000007c0000000)
  eden space 48128K, 100% used [0x00000007bc400000,0x00000007bf300000,0x00000007bf300000)
  from space 6656K, 68% used [0x00000007bf980000,0x00000007bfdf7888,0x00000007c0000000)
  to   space 6656K, 0% used [0x00000007bf300000,0x00000007bf300000,0x00000007bf980000)
 ParOldGen       total 107520K, used 59118K [0x0000000700000000, 0x0000000706900000, 0x00000007bc400000)
  object space 107520K, 54% used [0x0000000700000000,0x00000007039bb8b0,0x0000000706900000)
 Metaspace       used 69106K, capacity 69735K, committed 70272K, reserved 1110016K
  class space    used 9464K, capacity 9598K, committed 9600K, reserved 1048576K
Event: 2384.308 GC heap after
Heap after GC invocations=105 (full 6):
 PSYoungGen      total 54784K, used 3469K [0x00000007bc400000, 0x00000007c0000000, 0x00000007c0000000)
  eden space 48128K, 0% used [0x00000007bc400000,0x00000007bc400000,0x00000007bf300000)
  from space 6656K, 52% used [0x00000007bf300000,0x00000007bf663660,0x00000007bf980000)
  to   space 6656K, 0% used [0x00000007bf980000,0x00000007bf980000,0x00000007c0000000)
 ParOldGen       total 107520K, used 59142K [0x0000000700000000, 0x0000000706900000, 0x00000007bc400000)
  object space 107520K, 55% used [0x0000000700000000,0x00000007039c18b0,0x0000000706900000)
 Metaspace       used 69106K, capacity 69735K, committed 70272K, reserved 1110016K
  class space    used 9464K, capacity 9598K, committed 9600K, reserved 1048576K
}
Event: 2384.689 GC heap before
{Heap before GC invocations=106 (full 6):
 PSYoungGen      total 54784K, used 51597K [0x00000007bc400000, 0x00000007c0000000, 0x00000007c0000000)
  eden space 48128K, 100% used [0x00000007bc400000,0x00000007bf300000,0x00000007bf300000)
  from space 6656K, 52% used [0x00000007bf300000,0x00000007bf663660,0x00000007bf980000)
  to   space 6656K, 0% used [0x00000007bf980000,0x00000007bf980000,0x00000007c0000000)
 ParOldGen       total 107520K, used 59142K [0x0000000700000000, 0x0000000706900000, 0x00000007bc400000)
  object space 107520K, 55% used [0x0000000700000000,0x00000007039c18b0,0x0000000706900000)
 Metaspace       used 69142K, capacity 69799K, committed 70272K, reserved 1110016K
  class space    used 9464K, capacity 9598K, committed 9600K, reserved 1048576K
Event: 2384.695 GC heap after
Heap after GC invocations=106 (full 6):
 PSYoungGen      total 54784K, used 3715K [0x00000007bc400000, 0x00000007c0000000, 0x00000007c0000000)
  eden space 48128K, 0% used [0x00000007bc400000,0x00000007bc400000,0x00000007bf300000)
  from space 6656K, 55% used [0x00000007bf980000,0x00000007bfd20e60,0x00000007c0000000)
  to   space 6656K, 0% used [0x00000007bf300000,0x00000007bf300000,0x00000007bf980000)
 ParOldGen       total 107520K, used 59158K [0x0000000700000000, 0x0000000706900000, 0x00000007bc400000)
  object space 107520K, 55% used [0x0000000700000000,0x00000007039c58b0,0x0000000706900000)
 Metaspace       used 69142K, capacity 69799K, committed 70272K, reserved 1110016K
  class space    used 9464K, capacity 9598K, committed 9600K, reserved 1048576K
}
Event: 2384.997 GC heap before
{Heap before GC invocations=107 (full 6):
 PSYoungGen      total 54784K, used 51843K [0x00000007bc400000, 0x00000007c0000000, 0x00000007c0000000)
  eden space 48128K, 100% used [0x00000007bc400000,0x00000007bf300000,0x00000007bf300000)
  from space 6656K, 55% used [0x00000007bf980000,0x00000007bfd20e60,0x00000007c0000000)
  to   space 6656K, 0% used [0x00000007bf300000,0x00000007bf300000,0x00000007bf980000)
 ParOldGen       total 107520K, used 59158K [0x0000000700000000, 0x0000000706900000, 0x00000007bc400000)
  object space 107520K, 55% used [0x0000000700000000,0x00000007039c58b0,0x0000000706900000)
 Metaspace       used 69197K, capacity 69799K, committed 70272K, reserved 1110016K
  class space    used 9464K, capacity 9598K, committed 9600K, reserved 1048576K
Event: 2385.004 GC heap after
Heap after GC invocations=107 (full 6):
 PSYoungGen      total 54784K, used 5146K [0x00000007bc400000, 0x00000007c0000000, 0x00000007c0000000)
  eden space 48128K, 0% used [0x00000007bc400000,0x00000007bc400000,0x00000007bf300000)
  from space 6656K, 77% used [0x00000007bf300000,0x00000007bf806a70,0x00000007bf980000)
  to   space 6656K, 0% used [0x00000007bf980000,0x00000007bf980000,0x00000007c0000000)
 ParOldGen       total 107520K, used 59182K [0x0000000700000000, 0x0000000706900000, 0x00000007bc400000)
  object space 107520K, 55% used [0x0000000700000000,0x00000007039cb8b0,0x0000000706900000)
 Metaspace       used 69197K, capacity 69799K, committed 70272K, reserved 1110016K
  class space    used 9464K, capacity 9598K, committed 9600K, reserved 1048576K
}
Event: 2385.398 GC heap before
{Heap before GC invocations=108 (full 6):
 PSYoungGen      total 54784K, used 53274K [0x00000007bc400000, 0x00000007c0000000, 0x00000007c0000000)
  eden space 48128K, 100% used [0x00000007bc400000,0x00000007bf300000,0x00000007bf300000)
  from space 6656K, 77% used [0x00000007bf300000,0x00000007bf806a70,0x00000007bf980000)
  to   space 6656K, 0% used [0x00000007bf980000,0x00000007bf980000,0x00000007c0000000)
 ParOldGen       total 107520K, used 59182K [0x0000000700000000, 0x0000000706900000, 0x00000007bc400000)
  object space 107520K, 55% used [0x0000000700000000,0x00000007039cb8b0,0x0000000706900000)
 Metaspace       used 69220K, capacity 69863K, committed 70272K, reserved 1110016K
  class space    used 9464K, capacity 9598K, committed 9600K, reserved 1048576K
Event: 2385.406 GC heap after
Heap after GC invocations=108 (full 6):
 PSYoungGen      total 53760K, used 5612K [0x00000007bc400000, 0x00000007c0000000, 0x00000007c0000000)
  eden space 47104K, 0% used [0x00000007bc400000,0x00000007bc400000,0x00000007bf200000)
  from space 6656K, 84% used [0x00000007bf980000,0x00000007bfefb060,0x00000007c0000000)
  to   space 7168K, 0% used [0x00000007bf200000,0x00000007bf200000,0x00000007bf900000)
 ParOldGen       total 107520K, used 59378K [0x0000000700000000, 0x0000000706900000, 0x00000007bc400000)
  object space 107520K, 55% used [0x0000000700000000,0x00000007039fc8a0,0x0000000706900000)
 Metaspace       used 69220K, capacity 69863K, committed 70272K, reserved 1110016K
  class space    used 9464K, capacity 9598K, committed 9600K, reserved 1048576K
}

Deoptimization events (10 events):
Event: 2390.728 Thread 0x000001e6dc7c9800 Uncommon trap: reason=unstable_if action=reinterpret pc=0x000001e6c583be5c method=ui.frmwork.h.J.N(Ljava/awt/Component;)Z @ 41
Event: 2390.731 Thread 0x000001e6dc7c9800 Uncommon trap: reason=null_check action=make_not_entrant pc=0x000001e6c2611b8c method=com.jidesoft.grid.SortableTableModel.getSortableModel(Ljavax/swing/table/TableModel;)Lcom/jidesoft/grid/ISortableTableModel; @ 5
Event: 2390.839 Thread 0x000001e6dc7c9800 Uncommon trap: reason=class_check action=maybe_recompile pc=0x000001e6c4e0dc80 method=com.jidesoft.editor.c.<init>(Lcom/jidesoft/editor/CodeEditor;I)V @ 40
Event: 2390.842 Thread 0x000001e6dc7c9800 Uncommon trap: reason=class_check action=maybe_recompile pc=0x000001e6c4e0dc80 method=com.jidesoft.editor.c.<init>(Lcom/jidesoft/editor/CodeEditor;I)V @ 40
Event: 2390.848 Thread 0x000001e6dc7c9800 Uncommon trap: reason=class_check action=maybe_recompile pc=0x000001e6c4e0dc80 method=com.jidesoft.editor.c.<init>(Lcom/jidesoft/editor/CodeEditor;I)V @ 40
Event: 2390.852 Thread 0x000001e6dc7c9800 Uncommon trap: reason=class_check action=maybe_recompile pc=0x000001e6c4e0dc80 method=com.jidesoft.editor.c.<init>(Lcom/jidesoft/editor/CodeEditor;I)V @ 40
Event: 2390.856 Thread 0x000001e6dc7c9800 Uncommon trap: reason=class_check action=maybe_recompile pc=0x000001e6c5018010 method=com.jidesoft.swing.JideBoxLayout.layoutContainer(Ljava/awt/Container;)V @ 229
Event: 2390.881 Thread 0x000001e6dc7c9800 Uncommon trap: reason=unstable_if action=reinterpret pc=0x000001e6c2587f3c method=ui.cx.bF()Z @ 4
Event: 2390.884 Thread 0x000001e6dc7c9800 Uncommon trap: reason=unstable_if action=reinterpret pc=0x000001e6c26d8814 method=ui.cx.bF()Z @ 4
Event: 2390.886 Thread 0x000001e6dc7c9800 Uncommon trap: reason=unstable_if action=reinterpret pc=0x000001e6c46af970 method=java.awt.Component.removePropertyChangeListener(Ljava/beans/PropertyChangeListener;)V @ 8

Internal exceptions (10 events):
Event: 2368.547 Thread 0x000001e6dc7c9800 Exception <a 'java/io/FileNotFoundException'> (0x00000007bdb42618) thrown at [C:\re\workspace\8-2-build-windows-amd64-cygwin\jdk8u112\7884\hotspot\src\share\vm\prims\jni.cpp, line 709]
Event: 2373.547 Thread 0x000001e6dc7c9800 Exception <a 'java/io/FileNotFoundException'> (0x00000007bdcd6678) thrown at [C:\re\workspace\8-2-build-windows-amd64-cygwin\jdk8u112\7884\hotspot\src\share\vm\prims\jni.cpp, line 709]
Event: 2378.549 Thread 0x000001e6dc7c9800 Exception <a 'java/io/FileNotFoundException'> (0x00000007be1293d0) thrown at [C:\re\workspace\8-2-build-windows-amd64-cygwin\jdk8u112\7884\hotspot\src\share\vm\prims\jni.cpp, line 709]
Event: 2383.541 Thread 0x000001e6dc7c9800 Exception <a 'sun/nio/fs/WindowsException'> (0x00000007be15de68) thrown at [C:\re\workspace\8-2-build-windows-amd64-cygwin\jdk8u112\7884\hotspot\src\share\vm\prims\jni.cpp, line 709]
Event: 2383.541 Thread 0x000001e6dc7c9800 Exception <a 'sun/nio/fs/WindowsException'> (0x00000007be15e6a8) thrown at [C:\re\workspace\8-2-build-windows-amd64-cygwin\jdk8u112\7884\hotspot\src\share\vm\prims\jni.cpp, line 709]
Event: 2390.661 Thread 0x000001e6dc7c9800 Implicit null exception at 0x000001e6c53b5c90 to 0x000001e6c53b5cbd
Event: 2390.731 Thread 0x000001e6dc7c9800 Implicit null exception at 0x000001e6c2611820 to 0x000001e6c2611b7d
Event: 2390.881 Thread 0x000001e6dc7c9800 Implicit null exception at 0x000001e6c2587ed3 to 0x000001e6c2587f2e
Event: 2390.886 Thread 0x000001e6dc7c9800 Implicit null exception at 0x000001e6c46aed7d to 0x000001e6c46af959
Event: 2390.914 Thread 0x000001e6dee15000 Exception <a 'java/lang/InterruptedException': sleep interrupted> (0x00000007be77eda0) thrown at [C:\re\workspace\8-2-build-windows-amd64-cygwin\jdk8u112\7884\hotspot\src\share\vm\prims\jvm.cpp, line 3228]

Events (10 events):
Event: 2390.890 Thread 0x000001e6d9547800 flushing nmethod 0x000001e6c47fe150
Event: 2390.902 loading class com/jidesoft/action/DefaultDockableBarManager$16
Event: 2390.902 loading class com/jidesoft/action/DefaultDockableBarManager$16 done
Event: 2390.916 Executing VM operation: RevokeBias
Event: 2390.937 Executing VM operation: RevokeBias done
Event: 2390.937 Thread 0x000001e6dee15000 Thread exited: 0x000001e6dee15000
Event: 2390.937 Executing VM operation: RevokeBias
Event: 2390.938 Executing VM operation: RevokeBias done
Event: 2390.939 Thread 0x000001e6dd0b6800 Thread added: 0x000001e6dd0b6800
Event: 2390.939 Thread 0x000001e6dc5d9000 Thread exited: 0x000001e6dc5d9000


Dynamic libraries:
0x00007ff762e40000 - 0x00007ff762e70000 	G:\Xilinx\Vivado\2018.2\bin\unwrapped\win64.o\vivado.exe
0x00007ffac0a50000 - 0x00007ffac0c48000 	C:\Windows\SYSTEM32\ntdll.dll
0x00007ffac02e0000 - 0x00007ffac03a2000 	C:\Windows\System32\KERNEL32.DLL
0x00007ffabe140000 - 0x00007ffabe43e000 	C:\Windows\System32\KERNELBASE.dll
0x00007ffabe790000 - 0x00007ffabe890000 	C:\Windows\System32\ucrtbase.dll
0x00007ffaa7fe0000 - 0x00007ffaa7ff4000 	G:\Xilinx\Vivado\2018.2\lib\win64.o\librdi_commonmain.dll
0x00007ffa65b70000 - 0x00007ffa66989000 	G:\Xilinx\Vivado\2018.2\lib\win64.o\librdi_common.dll
0x00007ffaa1bc0000 - 0x00007ffaa1c4e000 	C:\Windows\SYSTEM32\MSVCP140.dll
0x00007ffac0760000 - 0x00007ffac08fd000 	C:\Windows\System32\USER32.dll
0x00007ffaab6e0000 - 0x00007ffaab6fb000 	C:\Windows\SYSTEM32\VCRUNTIME140.dll
0x00007ffabe900000 - 0x00007ffabe922000 	C:\Windows\System32\win32u.dll
0x00007ffabea70000 - 0x00007ffabea9b000 	C:\Windows\System32\GDI32.dll
0x00007ffabe440000 - 0x00007ffabe557000 	C:\Windows\System32\gdi32full.dll
0x00007ffabe560000 - 0x00007ffabe5fd000 	C:\Windows\System32\msvcp_win.dll
0x00007ffac0220000 - 0x00007ffac02d1000 	C:\Windows\System32\ADVAPI32.dll
0x00007ffac0050000 - 0x00007ffac00ee000 	C:\Windows\System32\msvcrt.dll
0x00007ffab9340000 - 0x00007ffab934a000 	G:\Xilinx\Vivado\2018.2\lib\win64.o\librdi_commonversion.dll
0x00007ffabf6b0000 - 0x00007ffabf74f000 	C:\Windows\System32\sechost.dll
0x00007ffac0630000 - 0x00007ffac0753000 	C:\Windows\System32\RPCRT4.dll
0x00007ffaa7fc0000 - 0x00007ffaa7fd4000 	G:\Xilinx\Vivado\2018.2\lib\win64.o\libboost_signals.dll
0x00007ffabe760000 - 0x00007ffabe787000 	C:\Windows\System32\bcrypt.dll
0x00007ffabf8e0000 - 0x00007ffac004d000 	C:\Windows\System32\SHELL32.dll
0x00007ffaa2280000 - 0x00007ffaa23a1000 	G:\Xilinx\Vivado\2018.2\lib\win64.o\librdi_commonxillic.dll
0x00007ffaa2440000 - 0x00007ffaa2466000 	G:\Xilinx\Vivado\2018.2\lib\win64.o\libboost_filesystem.dll
0x00000000696d0000 - 0x00000000697fb000 	G:\Xilinx\Vivado\2018.2\lib\win64.o\tcl85t.dll
0x00007ffabf450000 - 0x00007ffabf4bb000 	C:\Windows\System32\WS2_32.dll
0x00007ffa6f860000 - 0x00007ffa6fbce000 	G:\Xilinx\Vivado\2018.2\lib\win64.o\libCOIN-all.dll
0x00007ffa6f5a0000 - 0x00007ffa6f855000 	G:\Xilinx\Vivado\2018.2\lib\win64.o\libXil_lmgr11.dll
0x00007ffaa2420000 - 0x00007ffaa2434000 	G:\Xilinx\Vivado\2018.2\lib\win64.o\libboost_date_time.dll
0x00007ffabf4c0000 - 0x00007ffabf59a000 	C:\Windows\System32\COMDLG32.dll
0x00007ffabeaa0000 - 0x00007ffabedf3000 	C:\Windows\System32\combase.dll
0x00007ffabf750000 - 0x00007ffabf7fd000 	C:\Windows\System32\shcore.dll
0x00007ffabf650000 - 0x00007ffabf6a5000 	C:\Windows\System32\SHLWAPI.dll
0x00007ffa9d660000 - 0x00007ffa9d6df000 	G:\Xilinx\Vivado\2018.2\lib\win64.o\libboost_program_options.dll
0x00007ffa7a190000 - 0x00007ffa7a2a4000 	G:\Xilinx\Vivado\2018.2\lib\win64.o\libboost_regex.dll
0x00007ffabf800000 - 0x00007ffabf8cd000 	C:\Windows\System32\OLEAUT32.dll
0x00007ffabf270000 - 0x00007ffabf39b000 	C:\Windows\System32\ole32.dll
0x00007ffabe890000 - 0x00007ffabe8f9000 	C:\Windows\System32\WINTRUST.dll
0x00007ffaab5a0000 - 0x00007ffaab5ab000 	G:\Xilinx\Vivado\2018.2\lib\win64.o\libboost_system.dll
0x00007ffabe600000 - 0x00007ffabe75c000 	C:\Windows\System32\CRYPT32.dll
0x00007ffa9fef0000 - 0x00007ffa9ff11000 	G:\Xilinx\Vivado\2018.2\lib\win64.o\libboost_thread.dll
0x00007ffaa2410000 - 0x00007ffaa241f000 	G:\Xilinx\Vivado\2018.2\lib\win64.o\libboost_xilinx.dll
0x00007ffa9ac80000 - 0x00007ffa9ad02000 	G:\Xilinx\Vivado\2018.2\lib\win64.o\libhdlpsolve.dll
0x00007ffa6d2c0000 - 0x00007ffa6db73c00 	G:\Xilinx\Vivado\2018.2\lib\win64.o\libisl_iostreams.dll
0x00007ffa99d70000 - 0x00007ffa99e15000 	G:\Xilinx\Vivado\2018.2\lib\win64.o\libhdxml.dll
0x00007ffab25c0000 - 0x00007ffab25cc000 	C:\Windows\SYSTEM32\VCRUNTIME140_1.dll
0x00007ffa9fec0000 - 0x00007ffa9feee000 	G:\Xilinx\Vivado\2018.2\lib\win64.o\libisl_sysinfo.dll
0x0000000068e30000 - 0x00000000696ca000 	G:\Xilinx\Vivado\2018.2\tps\win64\jre\bin\server\jvm.dll
0x00007ffa9d5f0000 - 0x00007ffa9d655000 	G:\Xilinx\Vivado\2018.2\lib\win64.o\liblmx6.0.dll
0x00007ffaa2260000 - 0x00007ffaa227a000 	G:\Xilinx\Vivado\2018.2\lib\win64.o\pthreadVC2.dll
0x00007ffa72680000 - 0x00007ffa727d1000 	G:\Xilinx\Vivado\2018.2\lib\win64.o\librdi_curl.dll
0x00007ffa9f5b0000 - 0x00007ffa9f5cc000 	G:\Xilinx\Vivado\2018.2\lib\win64.o\librdiconfig.dll
0x00007ffabf8d0000 - 0x00007ffabf8d8000 	C:\Windows\System32\PSAPI.DLL
0x00007ffa9ef10000 - 0x00007ffa9ef31000 	G:\Xilinx\Vivado\2018.2\lib\win64.o\librdizlib.dll
0x0000000012000000 - 0x0000000012272000 	G:\Xilinx\Vivado\2018.2\lib\win64.o\xerces-c_3_1.dll
0x00007ffa9b6f0000 - 0x00007ffa9bbc8000 	C:\Windows\SYSTEM32\WININET.dll
0x00007ffab8ae0000 - 0x00007ffab8bed000 	C:\Windows\SYSTEM32\WINHTTP.dll
0x00007ffab43a0000 - 0x00007ffab458c000 	C:\Windows\SYSTEM32\urlmon.dll
0x00007ffab2840000 - 0x00007ffab2849000 	C:\Windows\SYSTEM32\WSOCK32.dll
0x00007ffa9d820000 - 0x00007ffa9d851000 	C:\Windows\SYSTEM32\VCOMP140.DLL
0x00007ffa64cd0000 - 0x00007ffa65b61000 	G:\Xilinx\Vivado\2018.2\lib\win64.o\gurobi65.dll
0x00007ffaa3d20000 - 0x00007ffaa3d39000 	C:\Windows\SYSTEM32\NETAPI32.dll
0x00007ffaa3930000 - 0x00007ffaa39e0000 	C:\Windows\WinSxS\amd64_microsoft.windows.common-controls_6595b64144ccf1df_5.82.19041.4355_none_792ecafd2442822f\COMCTL32.dll
0x00007ffab8ef0000 - 0x00007ffab8f0d000 	C:\Windows\SYSTEM32\dhcpcsvc.DLL
0x00007ffaa0870000 - 0x00007ffaa087d000 	G:\Xilinx\Vivado\2018.2\lib\win64.o\libboost_chrono.dll
0x00007ffa9d7a0000 - 0x00007ffa9d7bb000 	G:\Xilinx\Vivado\2018.2\lib\win64.o\libboost_iostreams.dll
0x00007ffa9cd20000 - 0x00007ffa9cd45000 	G:\Xilinx\Vivado\2018.2\lib\win64.o\libisl_iosutils.dll
0x00007ffaa5360000 - 0x00007ffaa5387000 	C:\Windows\SYSTEM32\WINMM.dll
0x00007ffab72c0000 - 0x00007ffab72ca000 	C:\Windows\SYSTEM32\VERSION.dll
0x0000000068d50000 - 0x0000000068e21000 	C:\Windows\SYSTEM32\MSVCR100.dll
0x00007ffab0380000 - 0x00007ffab063e000 	C:\Windows\SYSTEM32\iertutil.dll
0x00007ffab8c00000 - 0x00007ffab8c28000 	C:\Windows\SYSTEM32\srvcli.dll
0x00007ffabd560000 - 0x00007ffabd56c000 	C:\Windows\SYSTEM32\netutils.dll
0x00007ffabf600000 - 0x00007ffabf62f000 	C:\Windows\System32\IMM32.DLL
0x00007ffabdbe0000 - 0x00007ffabdbf2000 	C:\Windows\SYSTEM32\MSASN1.dll
0x00007ffabbf50000 - 0x00007ffabbf62000 	C:\Windows\SYSTEM32\kernel.appcore.dll
0x00007ffa6e410000 - 0x00007ffa6e89c000 	G:\Xilinx\Vivado\2018.2\lib\win64.o\librdi_commontasks.dll
0x00007ffa6f320000 - 0x00007ffa6f597000 	G:\Xilinx\Vivado\2018.2\lib\win64.o\librdi_sio.dll
0x00007ffabd450000 - 0x00007ffabd48b000 	C:\Windows\SYSTEM32\IPHLPAPI.DLL
0x00007ffabc150000 - 0x00007ffabc8f4000 	C:\Windows\SYSTEM32\windows.storage.dll
0x00007ffabd970000 - 0x00007ffabd99e000 	C:\Windows\SYSTEM32\Wldp.dll
0x00007ffa4b590000 - 0x00007ffa4d78f000 	G:\Xilinx\Vivado\2018.2\lib\win64.o\librdi_tcltasks.dll
0x00007ffa6c7f0000 - 0x00007ffa6cbc5000 	G:\Xilinx\Vivado\2018.2\lib\win64.o\librdi_bitstream.dll
0x00007ffa8f810000 - 0x00007ffa8f87a000 	G:\Xilinx\Vivado\2018.2\lib\win64.o\librdi_boarddep.dll
0x00007ffa6f1a0000 - 0x00007ffa6f31e000 	G:\Xilinx\Vivado\2018.2\lib\win64.o\librdi_board.dll
0x00007ffa6e1c0000 - 0x00007ffa6e407000 	G:\Xilinx\Vivado\2018.2\lib\win64.o\librdi_chipscope.dll
0x00007ffa6c6c0000 - 0x00007ffa6c7e8000 	G:\Xilinx\Vivado\2018.2\lib\win64.o\librdi_containers.dll
0x00007ffa49d30000 - 0x00007ffa4b589000 	G:\Xilinx\Vivado\2018.2\lib\win64.o\librdi_constraints.dll
0x00007ffa48010000 - 0x00007ffa49d21000 	G:\Xilinx\Vivado\2018.2\lib\win64.o\librdi_coregen.dll
0x00007ffa6b340000 - 0x00007ffa6ba19000 	G:\Xilinx\Vivado\2018.2\lib\win64.o\librdi_coregenipxact.dll
0x00007ffa442a0000 - 0x00007ffa48002000 	G:\Xilinx\Vivado\2018.2\lib\win64.o\librdi_designutils.dll
0x00007ffa6c3a0000 - 0x00007ffa6c6b8000 	G:\Xilinx\Vivado\2018.2\lib\win64.o\librdi_dlyest.dll
0x00007ffa52330000 - 0x00007ffa52871000 	G:\Xilinx\Vivado\2018.2\lib\win64.o\librdi_drc.dll
0x00007ffa7ac80000 - 0x00007ffa7ad42000 	G:\Xilinx\Vivado\2018.2\lib\win64.o\librdi_dsp.dll
0x00007ffa512f0000 - 0x00007ffa51921000 	G:\Xilinx\Vivado\2018.2\lib\win64.o\librdi_filemgmt.dll
0x00007ffa6b060000 - 0x00007ffa6b331000 	G:\Xilinx\Vivado\2018.2\lib\win64.o\librdi_guitools.dll
0x00007ffa8a0f0000 - 0x00007ffa8a148000 	G:\Xilinx\Vivado\2018.2\lib\win64.o\librdi_hdf.dll
0x00007ffa50c90000 - 0x00007ffa512e1000 	G:\Xilinx\Vivado\2018.2\lib\win64.o\librdi_memdata.dll
0x00007ffa43060000 - 0x00007ffa44294000 	G:\Xilinx\Vivado\2018.2\lib\win64.o\librdi_implflow.dll
0x00007ffa0d040000 - 0x00007ffa1b838000 	G:\Xilinx\Vivado\2018.2\lib\win64.o\librdi_device.dll
0x00007ffa507e0000 - 0x00007ffa50c82000 	G:\Xilinx\Vivado\2018.2\lib\win64.o\librdi_netlist.dll
0x00007ffa9c940000 - 0x00007ffa9c989000 	G:\Xilinx\Vivado\2018.2\lib\win64.o\librdi_pfi.dll
0x00007ffa2ae30000 - 0x00007ffa2e63a000 	G:\Xilinx\Vivado\2018.2\lib\win64.o\librdi_mig.dll
0x00007ffa405d0000 - 0x00007ffa40cbc000 	G:\Xilinx\Vivado\2018.2\lib\win64.o\librdi_power.dll
0x00007ffa6c110000 - 0x00007ffa6c39a000 	G:\Xilinx\Vivado\2018.2\lib\win64.o\librdi_platform.dll
0x00007ffa40cc0000 - 0x00007ffa4305e000 	G:\Xilinx\Vivado\2018.2\lib\win64.o\librdi_place.dll
0x00007ffa333c0000 - 0x00007ffa338fd000 	G:\Xilinx\Vivado\2018.2\lib\win64.o\librdi_project.dll
0x00007ffa32cd0000 - 0x00007ffa333b1000 	G:\Xilinx\Vivado\2018.2\lib\win64.o\librdi_psta.dll
0x00007ffa32690000 - 0x00007ffa32cce000 	G:\Xilinx\Vivado\2018.2\lib\win64.o\librdi_rsb.dll
0x00007ffa4d930000 - 0x00007ffa4dcf3000 	G:\Xilinx\Vivado\2018.2\lib\win64.o\librdi_runs.dll
0x00007ffa6d1e0000 - 0x00007ffa6d2b7000 	G:\Xilinx\Vivado\2018.2\lib\win64.o\librdi_runsbase.dll
0x00007ffa6adb0000 - 0x00007ffa6afd6000 	G:\Xilinx\Vivado\2018.2\lib\win64.o\librdi_simdata.dll
0x00007ffa725b0000 - 0x00007ffa7267b000 	G:\Xilinx\Vivado\2018.2\lib\win64.o\librdi_xhub.dll
0x00007ffa31970000 - 0x00007ffa3268d000 	G:\Xilinx\Vivado\2018.2\lib\win64.o\librdi_timing.dll
0x00007ffa8f480000 - 0x00007ffa8f4cc000 	G:\Xilinx\Vivado\2018.2\lib\win64.o\libboost_serialization.dll
0x00007ffa857b0000 - 0x00007ffa8585f000 	G:\Xilinx\Vivado\2018.2\lib\win64.o\librdi_hip_devdesign.dll
0x00007ffa83f80000 - 0x00007ffa83fe6000 	G:\Xilinx\Vivado\2018.2\lib\win64.o\librdi_ipconfig_readwrite.dll
0x00007ffa9cce0000 - 0x00007ffa9cd18000 	G:\Xilinx\Vivado\2018.2\lib\win64.o\librdi_noc_frameworks.dll
0x00007ffa6c020000 - 0x00007ffa6c0be000 	G:\Xilinx\Vivado\2018.2\lib\win64.o\libise.dll
0x00007ffa30e70000 - 0x00007ffa31963000 	G:\Xilinx\Vivado\2018.2\lib\win64.o\libverific.dll
0x00007ffa64c40000 - 0x00007ffa64cc8000 	G:\Xilinx\Vivado\2018.2\lib\win64.o\librdi_hip_config.dll
0x00007ffa2a8e0000 - 0x00007ffa2ae2e000 	G:\Xilinx\Vivado\2018.2\lib\win64.o\librdi_xdm.dll
0x00007ffa2a330000 - 0x00007ffa2a8d1000 	G:\Xilinx\Vivado\2018.2\lib\win64.o\librdi_wavedata.dll
0x00007ffa8a710000 - 0x00007ffa8a759000 	G:\Xilinx\Vivado\2018.2\lib\win64.o\librdi_wavedata_SimpleApi.dll
0x00007ffa0c140000 - 0x00007ffa0d031000 	G:\Xilinx\Vivado\2018.2\lib\win64.o\librdi_route.dll
0x00007ffa0a350000 - 0x00007ffa0c132000 	G:\Xilinx\Vivado\2018.2\lib\win64.o\librdi_synth.dll
0x00007ffa520e0000 - 0x00007ffa52323000 	G:\Xilinx\Vivado\2018.2\lib\win64.o\librdi_hsm.dll
0x00007ffa09d80000 - 0x00007ffa0a342000 	G:\Xilinx\Vivado\2018.2\lib\win64.o\librdi_abc_nomp.dll

VM Arguments:
jvm_args: -Dsun.java2d.pmoffscreen=false -Dsun.java2d.xrender=false -Dsun.java2d.d3d=false -Dsun.awt.nopixfmt=true -Xverify:none -Dswing.aatext=true -XX:-UsePerfData -Djdk.map.althashing.threshold=512 -XX:StringTableSize=4072 -XX:NewSize=60m -XX:MaxNewSize=60m -Xms128m -Xmx3072m -Xss5m 
java_command: <unknown>
java_class_path (initial): G:/Xilinx/Vivado/2018.2\lib\classes\alloy.jar;G:/Xilinx/Vivado/2018.2\lib\classes\autopilot.scelaborator.jar;G:/Xilinx/Vivado/2018.2\lib\classes\autopilot.sourceprocessor.jar;G:/Xilinx/Vivado/2018.2\lib\classes\autopilot.tbprocessor.jar;G:/Xilinx/Vivado/2018.2\lib\classes\batik-anim.jar;G:/Xilinx/Vivado/2018.2\lib\classes\batik-awt-util.jar;G:/Xilinx/Vivado/2018.2\lib\classes\batik-bridge.jar;G:/Xilinx/Vivado/2018.2\lib\classes\batik-codec.jar;G:/Xilinx/Vivado/2018.2\lib\classes\batik-css.jar;G:/Xilinx/Vivado/2018.2\lib\classes\batik-dom.jar;G:/Xilinx/Vivado/2018.2\lib\classes\batik-ext.jar;G:/Xilinx/Vivado/2018.2\lib\classes\batik-gui-util.jar;G:/Xilinx/Vivado/2018.2\lib\classes\batik-gvt.jar;G:/Xilinx/Vivado/2018.2\lib\classes\batik-parser.jar;G:/Xilinx/Vivado/2018.2\lib\classes\batik-script.jar;G:/Xilinx/Vivado/2018.2\lib\classes\batik-svg-dom.jar;G:/Xilinx/Vivado/2018.2\lib\classes\batik-swing.jar;G:/Xilinx/Vivado/2018.2\lib\classes\batik-transcoder.jar;G:/Xilinx/Vivado/2018.2\lib\classes\batik-util.jar;G:/Xilinx/Vivado/2018.2\lib\classes\batik-xml.jar;G:/Xilinx/Vivado/2018.2\lib\classes\com.ibm.icu_4.4.2.v20110208.jar;G:/Xilinx/Vivado/2018.2\lib\classes\commons-collections4-4.1.jar;G:/Xilinx/Vivado/2018.2\lib\classes\commons-math-2.2.jar;G:/Xilinx/Vivado/2018.2\lib\classes\dom4j-1.6.1.jar;G:/Xilinx/Vivado/2018.2\lib\classes\guava-18.0.jar;G:/Xilinx/Vivado/2018.2\lib\classes\help.jar;G:/Xilinx/Vivado/2018.2\lib\classes\hsqldb.jar;G:/Xilinx/Vivado/2018.2\lib\classes\jargs.jar;G:/Xilinx/Vivado/2018.2\lib\classes\jh.jar;G:/Xilinx/Vivado/2018.2\lib\classes\jide-action.jar;G:/Xilinx/Vivado/2018.2\lib\classes\jide-charts.jar;G:/Xilinx/Vivado/2018.2\lib\classes\jide-common.jar;G:/Xilinx/Vivado/2018.2\lib\classes\jide-components.jar;G:/Xilinx/Vivado/2018.2\lib\classes\jide-dashboard.jar;G:/Xilinx/Vivado/2018.2\lib\classes\jide-data.jar;G:/Xilinx/Vivado/2018.2\lib\classes\jide-dialogs.jar;G:/Xilinx/Vivado/2018.2\lib\classes\jide-diff.jar;G:/X
Launcher Type: generic

Environment Variables:
PATH=G:/Xilinx/Vivado/2018.2/bin;G:/Xilinx/Vivado/2018.2/lib/win64.o;G:/Xilinx/Vivado/2018.2/tps/win64/jre/bin/server;G:/Xilinx/Vivado/2018.2/tps/win64/jre/bin;G:/Xilinx/SDK/2018.2/bin;G:/Xilinx/Vivado/2018.2/ids_lite/ISE/bin/nt64;G:/Xilinx/Vivado/2018.2/ids_lite/ISE/lib/nt64;C:\ProgramData\Oracle\Java\javapath;C:\Windows\system32;C:\Windows;C:\Windows\System32\Wbem;C:\Windows\System32\WindowsPowerShell\v1.0\;C:\Windows\System32\OpenSSH\;C:\Program Files (x86)\NVIDIA Corporation\PhysX\Common;C:\Program Files (x86)\sbt\bin;C:\Program Files\Docker\Docker\resources\bin;C:\Users\PC\AppData\Local\Programs\Python\Launcher\;C:\Users\PC\AppData\Local\Microsoft\WindowsApps;;C:\Users\PC\AppData\Local\Programs\Microsoft VS Code\bin;G:/Xilinx/Vivado/2018.2\tps\mingw\6.2.0\win64.o\nt\bin;G:/Xilinx/Vivado/2018.2\tps\mingw\6.2.0\win64.o\nt\libexec\gcc\x86_64-w64-mingw32\6.2.0
USERNAME=PC
OS=Windows_NT
PROCESSOR_IDENTIFIER=Intel64 Family 6 Model 58 Stepping 9, GenuineIntel



---------------  S Y S T E M  ---------------

OS: Windows 10.0 , 64 bit Build 19041 (10.0.19041.5198)

CPU:total 4 (4 cores per cpu, 1 threads per core) family 6 model 58 stepping 9, cmov, cx8, fxsr, mmx, sse, sse2, sse3, ssse3, sse4.1, sse4.2, popcnt, avx, aes, clmul, erms, tsc, tscinvbit, tscinv

Memory: 4k page, physical 8218460k(563724k free), swap 13289052k(5464k free)

vm_info: Java HotSpot(TM) 64-Bit Server VM (25.112-b15) for windows-amd64 JRE (1.8.0_112-b15), built on Sep 22 2016 21:31:56 by "java_re" with MS VC++ 10.0 (VS2010)

time: Sat Dec 28 04:22:52 2024
elapsed time: 2390 seconds (0d 0h 39m 50s)

