#
# There is insufficient memory for the Java Runtime Environment to continue.
# Native memory allocation (malloc) failed to allocate 32744 bytes for ChunkPool::allocate
# Possible reasons:
#   The system is out of physical RAM or swap space
#   In 32 bit mode, the process size limit was hit
# Possible solutions:
#   Reduce memory load on the system
#   Increase physical memory or swap space
#   Check if swap backing store is full
#   Use 64 bit Java on a 64 bit OS
#   Decrease Java heap size (-Xmx/-Xms)
#   Decrease number of Java threads
#   Decrease Java thread stack sizes (-Xss)
#   Set larger code cache with -XX:ReservedCodeCacheSize=
# This output file may be truncated or incomplete.
#
#  Out of Memory Error (allocation.cpp:273), pid=5628, tid=0x0000000000003b84
#
# JRE version: Java(TM) SE Runtime Environment (8.0_112-b15) (build 1.8.0_112-b15)
# Java VM: Java HotSpot(TM) 64-Bit Server VM (25.112-b15 mixed mode windows-amd64 compressed oops)
# Failed to write core dump. Minidumps are not enabled by default on client versions of Windows
#

---------------  T H R E A D  ---------------

Current thread (0x000001b928fd3800):  JavaThread "C2 CompilerThread1" daemon [_thread_in_native, id=15236, stack(0x000000b163a00000,0x000000b163b00000)]

Stack: [0x000000b163a00000,0x000000b163b00000]
[error occurred during error reporting (printing stack bounds), id 0xc0000005]

Native frames: (J=compiled Java code, j=interpreted, Vv=VM code, C=native code)


Current CompileTask:
C2: 245349 11337       4       javax.swing.plaf.synth.SynthPanelUI::paintBorder (17 bytes)


---------------  P R O C E S S  ---------------

Java Threads: ( => current thread )
  0x000001b949384000 JavaThread "SyntheticaAnimation 50" daemon [_thread_blocked, id=2292, stack(0x000000b16a100000,0x000000b16a600000)]
  0x000001b94938a800 JavaThread "Monitor File Timestamp Swing Worker" [_thread_in_Java, id=7476, stack(0x000000b169c00000,0x000000b16a100000)]
  0x000001b949389000 JavaThread "Timer-0" [_thread_blocked, id=15656, stack(0x000000b169700000,0x000000b169c00000)]
  0x000001b949384800 JavaThread "Image Animator 3" daemon [_thread_blocked, id=10628, stack(0x000000b166a00000,0x000000b166f00000)]
  0x000001b949385800 JavaThread "Thread-26" [_thread_in_native, id=6080, stack(0x000000b165900000,0x000000b165a00000)]
  0x000001b949388800 JavaThread "Thread-25" [_thread_in_native, id=7336, stack(0x000000b165a00000,0x000000b165b00000)]
  0x000001b947dca000 JavaThread "hw_ila_monitor" [_thread_blocked, id=6716, stack(0x000000b168d00000,0x000000b169200000)]
  0x000001b947dc8800 JavaThread "Update Runs Swing Worker" [_thread_in_native, id=12592, stack(0x000000b168800000,0x000000b168d00000)]
  0x000001b947dcc800 JavaThread "Refresh Filesets Swing Worker" [_thread_in_native, id=2096, stack(0x000000b168300000,0x000000b168800000)]
  0x000001b947dcb800 JavaThread "SyntheticaAnimation 70" daemon [_thread_blocked, id=11144, stack(0x000000b167e00000,0x000000b168300000)]
  0x000001b947dce000 JavaThread "SyntheticaAnimation 25" daemon [_thread_blocked, id=3320, stack(0x000000b167900000,0x000000b167e00000)]
  0x000001b947dc8000 JavaThread "SyntheticaAnimation 50" daemon [_thread_blocked, id=5540, stack(0x000000b167400000,0x000000b167900000)]
  0x000001b947dc9800 JavaThread "SyntheticaCleanerThread" daemon [_thread_blocked, id=1264, stack(0x000000b166f00000,0x000000b167400000)]
  0x000001b947357800 JavaThread "Batik CleanerThread" daemon [_thread_blocked, id=4052, stack(0x000000b166000000,0x000000b166500000)]
  0x000001b947279800 JavaThread "Process Messages" [_thread_blocked, id=13116, stack(0x000000b166500000,0x000000b166a00000)]
  0x000001b947271000 JavaThread "Thread-3" [_thread_in_native, id=16028, stack(0x000000b160800000,0x000000b161c00000)]
  0x000001b945fb0000 JavaThread "AWT-EventQueue-0" [_thread_blocked, id=2748, stack(0x000000b165b00000,0x000000b166000000)]
  0x000001b945e53000 JavaThread "AWT-Windows" daemon [_thread_in_native, id=11240, stack(0x000000b165100000,0x000000b165600000)]
  0x000001b945e52000 JavaThread "AWT-Shutdown" [_thread_blocked, id=10148, stack(0x000000b164c00000,0x000000b165100000)]
  0x000001b945e51800 JavaThread "Java2D Disposer" daemon [_thread_blocked, id=11612, stack(0x000000b164700000,0x000000b164c00000)]
  0x000001b945e98800 JavaThread "TimerQueue" daemon [_thread_blocked, id=13012, stack(0x000000b164200000,0x000000b164700000)]
  0x000001b928fe2000 JavaThread "Service Thread" daemon [_thread_blocked, id=12264, stack(0x000000b163c00000,0x000000b164100000)]
  0x000001b928fd8800 JavaThread "C1 CompilerThread2" daemon [_thread_blocked, id=6004, stack(0x000000b163b00000,0x000000b163c00000)]
=>0x000001b928fd3800 JavaThread "C2 CompilerThread1" daemon [_thread_in_native, id=15236, stack(0x000000b163a00000,0x000000b163b00000)]
  0x000001b928fd2000 JavaThread "C2 CompilerThread0" daemon [_thread_blocked, id=7496, stack(0x000000b163900000,0x000000b163a00000)]
  0x000001b928fd0000 JavaThread "Attach Listener" daemon [_thread_blocked, id=6200, stack(0x000000b163400000,0x000000b163900000)]
  0x000001b928fce800 JavaThread "Signal Dispatcher" daemon [_thread_blocked, id=12008, stack(0x000000b162f00000,0x000000b163400000)]
  0x000001b928fb5000 JavaThread "Finalizer" daemon [_thread_blocked, id=6724, stack(0x000000b162a00000,0x000000b162f00000)]
  0x000001b928b96800 JavaThread "Reference Handler" daemon [_thread_blocked, id=14596, stack(0x000000b162500000,0x000000b162a00000)]
  0x000001b928aa4000 JavaThread "main" [_thread_blocked, id=6616, stack(0x000000b161f00000,0x000000b162000000)]

Other Threads:
  0x000001b928f90800 VMThread [stack: 0x000000b162400000,0x000000b162500000] [id=1508]
  0x000001b929003800 WatcherThread [stack: 0x000000b164100000,0x000000b164200000] [id=6172]

VM state:not at safepoint (normal execution)

VM Mutex/Monitor currently owned by a thread: None

Heap:
 PSYoungGen      total 46080K, used 15413K [0x00000007bc400000, 0x00000007c0000000, 0x00000007c0000000)
  eden space 31744K, 38% used [0x00000007bc400000,0x00000007bcfef530,0x00000007be300000)
  from space 14336K, 22% used [0x00000007be300000,0x00000007be61e010,0x00000007bf100000)
  to   space 13312K, 0% used [0x00000007bf300000,0x00000007bf300000,0x00000007c0000000)
 ParOldGen       total 108544K, used 39463K [0x0000000700000000, 0x0000000706a00000, 0x00000007bc400000)
  object space 108544K, 36% used [0x0000000700000000,0x0000000702689fa8,0x0000000706a00000)
 Metaspace       used 60721K, capacity 61267K, committed 61744K, reserved 1101824K
  class space    used 8526K, capacity 8670K, committed 8752K, reserved 1048576K

Card table byte_map: [0x000001b93cd00000,0x000001b93d310000] byte_map_base: 0x000001b939500000

Marking Bits: (ParMarkBitMap*) 0x000000006964a6d0
 Begin Bits: [0x000001b93d900000, 0x000001b940900000)
 End Bits:   [0x000001b940900000, 0x000001b943900000)

Polling page: 0x000001b9241a0000

CodeCache: size=245760Kb used=32233Kb max_used=33049Kb free=213526Kb
 bounds [0x000001b92dd00000, 0x000001b92fd90000, 0x000001b93cd00000]
 total_blobs=9994 nmethods=9131 adapters=771
 compilation: enabled

Compilation events (10 events):
Event: 244.603 Thread 0x000001b928fd8800 nmethod 11330 0x000001b92ed9f850 code [0x000001b92ed9f9e0, 0x000001b92ed9fe80]
Event: 244.603 Thread 0x000001b928fd8800 11333       3       java.util.GregorianCalendar::computeFields (81 bytes)
Event: 244.604 Thread 0x000001b928fd8800 nmethod 11333 0x000001b92fb18d90 code [0x000001b92fb18f40, 0x000001b92fb19500]
Event: 244.604 Thread 0x000001b928fd8800 11334       3       java.util.Calendar::isPartiallyNormalized (20 bytes)
Event: 244.604 Thread 0x000001b928fd8800 nmethod 11334 0x000001b92e9f7090 code [0x000001b92e9f71e0, 0x000001b92e9f73d8]
Event: 244.604 Thread 0x000001b928fd8800 11335       3       java.util.HashSet::isEmpty (8 bytes)
Event: 244.604 Thread 0x000001b928fd8800 nmethod 11335 0x000001b92e153ad0 code [0x000001b92e153c40, 0x000001b92e153ed8]
Event: 244.886 Thread 0x000001b928fd2000 11336       4       java.util.ArrayList$SubList$1::next (79 bytes)
Event: 244.887 Thread 0x000001b928fd2000 nmethod 11336 0x000001b92e9f6c10 code [0x000001b92e9f6d60, 0x000001b92e9f6e98]
Event: 245.292 Thread 0x000001b928fd3800 11337       4       javax.swing.plaf.synth.SynthPanelUI::paintBorder (17 bytes)

GC Heap History (10 events):
Event: 91.270 GC heap before
{Heap before GC invocations=25 (full 4):
 PSYoungGen      total 42496K, used 23520K [0x00000007bc400000, 0x00000007c0000000, 0x00000007c0000000)
  eden space 23040K, 100% used [0x00000007bc400000,0x00000007bda80000,0x00000007bda80000)
  from space 19456K, 2% used [0x00000007bed00000,0x00000007bed78000,0x00000007c0000000)
  to   space 18944K, 0% used [0x00000007bda80000,0x00000007bda80000,0x00000007bed00000)
 ParOldGen       total 108544K, used 39423K [0x0000000700000000, 0x0000000706a00000, 0x00000007bc400000)
  object space 108544K, 36% used [0x0000000700000000,0x000000070267ffa8,0x0000000706a00000)
 Metaspace       used 59570K, capacity 60077K, committed 60592K, reserved 1101824K
  class space    used 8398K, capacity 8533K, committed 8624K, reserved 1048576K
Event: 91.275 GC heap after
Heap after GC invocations=25 (full 4):
 PSYoungGen      total 41984K, used 2211K [0x00000007bc400000, 0x00000007c0000000, 0x00000007c0000000)
  eden space 23040K, 0% used [0x00000007bc400000,0x00000007bc400000,0x00000007bda80000)
  from space 18944K, 11% used [0x00000007bda80000,0x00000007bdca8fe8,0x00000007bed00000)
  to   space 17920K, 0% used [0x00000007bee80000,0x00000007bee80000,0x00000007c0000000)
 ParOldGen       total 108544K, used 39431K [0x0000000700000000, 0x0000000706a00000, 0x00000007bc400000)
  object space 108544K, 36% used [0x0000000700000000,0x0000000702681fa8,0x0000000706a00000)
 Metaspace       used 59570K, capacity 60077K, committed 60592K, reserved 1101824K
  class space    used 8398K, capacity 8533K, committed 8624K, reserved 1048576K
}
Event: 91.945 GC heap before
{Heap before GC invocations=26 (full 4):
 PSYoungGen      total 41984K, used 25251K [0x00000007bc400000, 0x00000007c0000000, 0x00000007c0000000)
  eden space 23040K, 100% used [0x00000007bc400000,0x00000007bda80000,0x00000007bda80000)
  from space 18944K, 11% used [0x00000007bda80000,0x00000007bdca8fe8,0x00000007bed00000)
  to   space 17920K, 0% used [0x00000007bee80000,0x00000007bee80000,0x00000007c0000000)
 ParOldGen       total 108544K, used 39431K [0x0000000700000000, 0x0000000706a00000, 0x00000007bc400000)
  object space 108544K, 36% used [0x0000000700000000,0x0000000702681fa8,0x0000000706a00000)
 Metaspace       used 60042K, capacity 60537K, committed 61104K, reserved 1101824K
  class space    used 8479K, capacity 8599K, committed 8624K, reserved 1048576K
Event: 91.953 GC heap after
Heap after GC invocations=26 (full 4):
 PSYoungGen      total 45056K, used 2612K [0x00000007bc400000, 0x00000007c0000000, 0x00000007c0000000)
  eden space 27136K, 0% used [0x00000007bc400000,0x00000007bc400000,0x00000007bde80000)
  from space 17920K, 14% used [0x00000007bee80000,0x00000007bf10d0a8,0x00000007c0000000)
  to   space 16384K, 0% used [0x00000007bde80000,0x00000007bde80000,0x00000007bee80000)
 ParOldGen       total 108544K, used 39439K [0x0000000700000000, 0x0000000706a00000, 0x00000007bc400000)
  object space 108544K, 36% used [0x0000000700000000,0x0000000702683fa8,0x0000000706a00000)
 Metaspace       used 60042K, capacity 60537K, committed 61104K, reserved 1101824K
  class space    used 8479K, capacity 8599K, committed 8624K, reserved 1048576K
}
Event: 92.549 GC heap before
{Heap before GC invocations=27 (full 4):
 PSYoungGen      total 45056K, used 29748K [0x00000007bc400000, 0x00000007c0000000, 0x00000007c0000000)
  eden space 27136K, 100% used [0x00000007bc400000,0x00000007bde80000,0x00000007bde80000)
  from space 17920K, 14% used [0x00000007bee80000,0x00000007bf10d0a8,0x00000007c0000000)
  to   space 16384K, 0% used [0x00000007bde80000,0x00000007bde80000,0x00000007bee80000)
 ParOldGen       total 108544K, used 39439K [0x0000000700000000, 0x0000000706a00000, 0x00000007bc400000)
  object space 108544K, 36% used [0x0000000700000000,0x0000000702683fa8,0x0000000706a00000)
 Metaspace       used 60208K, capacity 60709K, committed 61232K, reserved 1101824K
  class space    used 8495K, capacity 8633K, committed 8752K, reserved 1048576K
Event: 92.553 GC heap after
Heap after GC invocations=27 (full 4):
 PSYoungGen      total 43520K, used 2816K [0x00000007bc400000, 0x00000007c0000000, 0x00000007c0000000)
  eden space 27136K, 0% used [0x00000007bc400000,0x00000007bc400000,0x00000007bde80000)
  from space 16384K, 17% used [0x00000007bde80000,0x00000007be140000,0x00000007bee80000)
  to   space 15360K, 0% used [0x00000007bf100000,0x00000007bf100000,0x00000007c0000000)
 ParOldGen       total 108544K, used 39447K [0x0000000700000000, 0x0000000706a00000, 0x00000007bc400000)
  object space 108544K, 36% used [0x0000000700000000,0x0000000702685fa8,0x0000000706a00000)
 Metaspace       used 60208K, capacity 60709K, committed 61232K, reserved 1101824K
  class space    used 8495K, capacity 8633K, committed 8752K, reserved 1048576K
}
Event: 130.415 GC heap before
{Heap before GC invocations=28 (full 4):
 PSYoungGen      total 43520K, used 29952K [0x00000007bc400000, 0x00000007c0000000, 0x00000007c0000000)
  eden space 27136K, 100% used [0x00000007bc400000,0x00000007bde80000,0x00000007bde80000)
  from space 16384K, 17% used [0x00000007bde80000,0x00000007be140000,0x00000007bee80000)
  to   space 15360K, 0% used [0x00000007bf100000,0x00000007bf100000,0x00000007c0000000)
 ParOldGen       total 108544K, used 39447K [0x0000000700000000, 0x0000000706a00000, 0x00000007bc400000)
  object space 108544K, 36% used [0x0000000700000000,0x0000000702685fa8,0x0000000706a00000)
 Metaspace       used 60653K, capacity 61139K, committed 61744K, reserved 1101824K
  class space    used 8525K, capacity 8670K, committed 8752K, reserved 1048576K
Event: 130.425 GC heap after
Heap after GC invocations=28 (full 4):
 PSYoungGen      total 47104K, used 3008K [0x00000007bc400000, 0x00000007c0000000, 0x00000007c0000000)
  eden space 31744K, 0% used [0x00000007bc400000,0x00000007bc400000,0x00000007be300000)
  from space 15360K, 19% used [0x00000007bf100000,0x00000007bf3f0000,0x00000007c0000000)
  to   space 14336K, 0% used [0x00000007be300000,0x00000007be300000,0x00000007bf100000)
 ParOldGen       total 108544K, used 39455K [0x0000000700000000, 0x0000000706a00000, 0x00000007bc400000)
  object space 108544K, 36% used [0x0000000700000000,0x0000000702687fa8,0x0000000706a00000)
 Metaspace       used 60653K, capacity 61139K, committed 61744K, reserved 1101824K
  class space    used 8525K, capacity 8670K, committed 8752K, reserved 1048576K
}
Event: 209.483 GC heap before
{Heap before GC invocations=29 (full 4):
 PSYoungGen      total 47104K, used 34752K [0x00000007bc400000, 0x00000007c0000000, 0x00000007c0000000)
  eden space 31744K, 100% used [0x00000007bc400000,0x00000007be300000,0x00000007be300000)
  from space 15360K, 19% used [0x00000007bf100000,0x00000007bf3f0000,0x00000007c0000000)
  to   space 14336K, 0% used [0x00000007be300000,0x00000007be300000,0x00000007bf100000)
 ParOldGen       total 108544K, used 39455K [0x0000000700000000, 0x0000000706a00000, 0x00000007bc400000)
  object space 108544K, 36% used [0x0000000700000000,0x0000000702687fa8,0x0000000706a00000)
 Metaspace       used 60709K, capacity 61203K, committed 61744K, reserved 1101824K
  class space    used 8526K, capacity 8670K, committed 8752K, reserved 1048576K
Event: 209.494 GC heap after
Heap after GC invocations=29 (full 4):
 PSYoungGen      total 46080K, used 3192K [0x00000007bc400000, 0x00000007c0000000, 0x00000007c0000000)
  eden space 31744K, 0% used [0x00000007bc400000,0x00000007bc400000,0x00000007be300000)
  from space 14336K, 22% used [0x00000007be300000,0x00000007be61e010,0x00000007bf100000)
  to   space 13312K, 0% used [0x00000007bf300000,0x00000007bf300000,0x00000007c0000000)
 ParOldGen       total 108544K, used 39463K [0x0000000700000000, 0x0000000706a00000, 0x00000007bc400000)
  object space 108544K, 36% used [0x0000000700000000,0x0000000702689fa8,0x0000000706a00000)
 Metaspace       used 60709K, capacity 61203K, committed 61744K, reserved 1101824K
  class space    used 8526K, capacity 8670K, committed 8752K, reserved 1048576K
}

Deoptimization events (10 events):
Event: 100.172 Thread 0x000001b945fb0000 Uncommon trap: reason=class_check action=maybe_recompile pc=0x000001b92e5b7444 method=java.util.HashSet.contains(Ljava/lang/Object;)Z @ 5
Event: 100.172 Thread 0x000001b945fb0000 Uncommon trap: reason=class_check action=maybe_recompile pc=0x000001b92e5b7444 method=java.util.HashSet.contains(Ljava/lang/Object;)Z @ 5
Event: 100.176 Thread 0x000001b945fb0000 Uncommon trap: reason=unstable_if action=reinterpret pc=0x000001b92e036058 method=java.util.HashMap.getNode(ILjava/lang/Object;)Ljava/util/HashMap$Node; @ 129
Event: 100.176 Thread 0x000001b945fb0000 Uncommon trap: reason=unstable_if action=reinterpret pc=0x000001b92e43e398 method=java.util.HashMap.putVal(ILjava/lang/Object;Ljava/lang/Object;ZZ)Ljava/lang/Object; @ 206
Event: 100.177 Thread 0x000001b945fb0000 Uncommon trap: reason=unstable_if action=reinterpret pc=0x000001b92e010144 method=java.util.HashMap.getNode(ILjava/lang/Object;)Ljava/util/HashMap$Node; @ 129
Event: 100.178 Thread 0x000001b945fb0000 Uncommon trap: reason=unstable_if action=reinterpret pc=0x000001b92e3a0204 method=java.util.HashMap.getNode(ILjava/lang/Object;)Ljava/util/HashMap$Node; @ 62
Event: 100.179 Thread 0x000001b945fb0000 Uncommon trap: reason=bimorphic action=maybe_recompile pc=0x000001b92e95c4b0 method=java.util.TreeMap.getEntryUsingComparator(Ljava/lang/Object;)Ljava/util/TreeMap$Entry; @ 29
Event: 100.179 Thread 0x000001b945fb0000 Uncommon trap: reason=bimorphic action=maybe_recompile pc=0x000001b92e95c4b0 method=java.util.TreeMap.getEntryUsingComparator(Ljava/lang/Object;)Ljava/util/TreeMap$Entry; @ 29
Event: 100.230 Thread 0x000001b945fb0000 Uncommon trap: reason=bimorphic action=maybe_recompile pc=0x000001b92e95c4b0 method=java.util.TreeMap.getEntryUsingComparator(Ljava/lang/Object;)Ljava/util/TreeMap$Entry; @ 29
Event: 100.231 Thread 0x000001b945fb0000 Uncommon trap: reason=bimorphic action=maybe_recompile pc=0x000001b92e95c4b0 method=java.util.TreeMap.getEntryUsingComparator(Ljava/lang/Object;)Ljava/util/TreeMap$Entry; @ 29

Internal exceptions (10 events):
Event: 222.798 Thread 0x000001b945fb0000 Exception <a 'java/io/FileNotFoundException'> (0x00000007bc817550) thrown at [C:\re\workspace\8-2-build-windows-amd64-cygwin\jdk8u112\7884\hotspot\src\share\vm\prims\jni.cpp, line 709]
Event: 222.853 Thread 0x000001b945fb0000 Exception <a 'java/io/FileNotFoundException'> (0x00000007bc817e90) thrown at [C:\re\workspace\8-2-build-windows-amd64-cygwin\jdk8u112\7884\hotspot\src\share\vm\prims\jni.cpp, line 709]
Event: 227.795 Thread 0x000001b945fb0000 Exception <a 'java/io/FileNotFoundException'> (0x00000007bca3eb58) thrown at [C:\re\workspace\8-2-build-windows-amd64-cygwin\jdk8u112\7884\hotspot\src\share\vm\prims\jni.cpp, line 709]
Event: 227.854 Thread 0x000001b945fb0000 Exception <a 'java/io/FileNotFoundException'> (0x00000007bca41d18) thrown at [C:\re\workspace\8-2-build-windows-amd64-cygwin\jdk8u112\7884\hotspot\src\share\vm\prims\jni.cpp, line 709]
Event: 233.009 Thread 0x000001b945fb0000 Exception <a 'java/io/FileNotFoundException'> (0x00000007bcbdbe60) thrown at [C:\re\workspace\8-2-build-windows-amd64-cygwin\jdk8u112\7884\hotspot\src\share\vm\prims\jni.cpp, line 709]
Event: 233.009 Thread 0x000001b945fb0000 Exception <a 'java/io/FileNotFoundException'> (0x00000007bcbdcd20) thrown at [C:\re\workspace\8-2-build-windows-amd64-cygwin\jdk8u112\7884\hotspot\src\share\vm\prims\jni.cpp, line 709]
Event: 238.010 Thread 0x000001b945fb0000 Exception <a 'java/io/FileNotFoundException'> (0x00000007bcd341c0) thrown at [C:\re\workspace\8-2-build-windows-amd64-cygwin\jdk8u112\7884\hotspot\src\share\vm\prims\jni.cpp, line 709]
Event: 238.011 Thread 0x000001b945fb0000 Exception <a 'java/io/FileNotFoundException'> (0x00000007bcd34ae0) thrown at [C:\re\workspace\8-2-build-windows-amd64-cygwin\jdk8u112\7884\hotspot\src\share\vm\prims\jni.cpp, line 709]
Event: 243.048 Thread 0x000001b945fb0000 Exception <a 'java/io/FileNotFoundException'> (0x00000007bceb4fa8) thrown at [C:\re\workspace\8-2-build-windows-amd64-cygwin\jdk8u112\7884\hotspot\src\share\vm\prims\jni.cpp, line 709]
Event: 243.048 Thread 0x000001b945fb0000 Exception <a 'java/io/FileNotFoundException'> (0x00000007bceb58c8) thrown at [C:\re\workspace\8-2-build-windows-amd64-cygwin\jdk8u112\7884\hotspot\src\share\vm\prims\jni.cpp, line 709]

Events (10 events):
Event: 224.503 Thread 0x000001b928fd8800 flushing nmethod 0x000001b92efc0310
Event: 224.503 Thread 0x000001b928fd8800 flushing nmethod 0x000001b92efc0c90
Event: 229.913 Thread 0x000001b94938a000 Thread added: 0x000001b94938a000
Event: 229.918 Executing VM operation: RevokeBias
Event: 229.918 Executing VM operation: RevokeBias done
Event: 229.918 Thread 0x000001b94938a000 Thread exited: 0x000001b94938a000
Event: 239.918 Thread 0x000001b94938b800 Thread added: 0x000001b94938b800
Event: 239.985 Executing VM operation: RevokeBias
Event: 240.420 Executing VM operation: RevokeBias done
Event: 240.420 Thread 0x000001b94938b800 Thread exited: 0x000001b94938b800


Dynamic libraries:
0x00007ff6ed590000 - 0x00007ff6ed5c0000 	G:\Xilinx\Vivado\2018.2\bin\unwrapped\win64.o\vivado.exe
0x00007ffac0a50000 - 0x00007ffac0c48000 	C:\Windows\SYSTEM32\ntdll.dll
0x00007ffac02e0000 - 0x00007ffac03a2000 	C:\Windows\System32\KERNEL32.DLL
0x00007ffabe140000 - 0x00007ffabe43e000 	C:\Windows\System32\KERNELBASE.dll
0x00007ffabe790000 - 0x00007ffabe890000 	C:\Windows\System32\ucrtbase.dll
0x00007ffaa1bc0000 - 0x00007ffaa1c4e000 	C:\Windows\SYSTEM32\MSVCP140.dll
0x00007ffaab6e0000 - 0x00007ffaab6fb000 	C:\Windows\SYSTEM32\VCRUNTIME140.dll
0x00007ffab25c0000 - 0x00007ffab25cc000 	C:\Windows\SYSTEM32\VCRUNTIME140_1.dll
0x00007ffa9fea0000 - 0x00007ffa9feb4000 	G:\Xilinx\Vivado\2018.2\lib\win64.o\libboost_signals.dll
0x00007ffa9ef20000 - 0x00007ffa9ef34000 	G:\Xilinx\Vivado\2018.2\lib\win64.o\librdi_commonmain.dll
0x00007ffaba9c0000 - 0x00007ffaba9ca000 	G:\Xilinx\Vivado\2018.2\lib\win64.o\librdi_commonversion.dll
0x00007ffa9cd20000 - 0x00007ffa9cd46000 	G:\Xilinx\Vivado\2018.2\lib\win64.o\libboost_filesystem.dll
0x00007ffac0220000 - 0x00007ffac02d1000 	C:\Windows\System32\ADVAPI32.dll
0x00007ffac0050000 - 0x00007ffac00ee000 	C:\Windows\System32\msvcrt.dll
0x00007ffabf6b0000 - 0x00007ffabf74f000 	C:\Windows\System32\sechost.dll
0x00007ffac0630000 - 0x00007ffac0753000 	C:\Windows\System32\RPCRT4.dll
0x00007ffabe760000 - 0x00007ffabe787000 	C:\Windows\System32\bcrypt.dll
0x00000000696d0000 - 0x00000000697fb000 	G:\Xilinx\Vivado\2018.2\lib\win64.o\tcl85t.dll
0x00007ffac0760000 - 0x00007ffac08fd000 	C:\Windows\System32\USER32.dll
0x00007ffabe900000 - 0x00007ffabe922000 	C:\Windows\System32\win32u.dll
0x00007ffabea70000 - 0x00007ffabea9b000 	C:\Windows\System32\GDI32.dll
0x00007ffabe440000 - 0x00007ffabe557000 	C:\Windows\System32\gdi32full.dll
0x00007ffabe560000 - 0x00007ffabe5fd000 	C:\Windows\System32\msvcp_win.dll
0x00007ffabf450000 - 0x00007ffabf4bb000 	C:\Windows\System32\WS2_32.dll
0x00007ffa65b70000 - 0x00007ffa66989000 	G:\Xilinx\Vivado\2018.2\lib\win64.o\librdi_common.dll
0x00007ffa7ae40000 - 0x00007ffa7af61000 	G:\Xilinx\Vivado\2018.2\lib\win64.o\librdi_commonxillic.dll
0x00007ffaab5a0000 - 0x00007ffaab5ab000 	G:\Xilinx\Vivado\2018.2\lib\win64.o\libboost_system.dll
0x00007ffabf8e0000 - 0x00007ffac004d000 	C:\Windows\System32\SHELL32.dll
0x00007ffa7ad20000 - 0x00007ffa7ae34000 	G:\Xilinx\Vivado\2018.2\lib\win64.o\libboost_regex.dll
0x00007ffa6f910000 - 0x00007ffa6fbc5000 	G:\Xilinx\Vivado\2018.2\lib\win64.o\libXil_lmgr11.dll
0x00007ffabf4c0000 - 0x00007ffabf59a000 	C:\Windows\System32\COMDLG32.dll
0x00007ffabeaa0000 - 0x00007ffabedf3000 	C:\Windows\System32\combase.dll
0x00007ffabf750000 - 0x00007ffabf7fd000 	C:\Windows\System32\shcore.dll
0x00007ffabf650000 - 0x00007ffabf6a5000 	C:\Windows\System32\SHLWAPI.dll
0x00007ffabf800000 - 0x00007ffabf8cd000 	C:\Windows\System32\OLEAUT32.dll
0x00007ffabf270000 - 0x00007ffabf39b000 	C:\Windows\System32\ole32.dll
0x00007ffabe890000 - 0x00007ffabe8f9000 	C:\Windows\System32\WINTRUST.dll
0x00007ffabe600000 - 0x00007ffabe75c000 	C:\Windows\System32\CRYPT32.dll
0x00007ffa9ac90000 - 0x00007ffa9ad0f000 	G:\Xilinx\Vivado\2018.2\lib\win64.o\libboost_program_options.dll
0x00007ffa9ef00000 - 0x00007ffa9ef14000 	G:\Xilinx\Vivado\2018.2\lib\win64.o\libboost_date_time.dll
0x00007ffa6f5a0000 - 0x00007ffa6f90e000 	G:\Xilinx\Vivado\2018.2\lib\win64.o\libCOIN-all.dll
0x00007ffa9ccf0000 - 0x00007ffa9cd11000 	G:\Xilinx\Vivado\2018.2\lib\win64.o\libboost_thread.dll
0x00007ffaa0870000 - 0x00007ffaa087f000 	G:\Xilinx\Vivado\2018.2\lib\win64.o\libboost_xilinx.dll
0x00007ffa99d70000 - 0x00007ffa99e15000 	G:\Xilinx\Vivado\2018.2\lib\win64.o\libhdxml.dll
0x00007ffa83f60000 - 0x00007ffa83fe2000 	G:\Xilinx\Vivado\2018.2\lib\win64.o\libhdlpsolve.dll
0x00007ffa8f810000 - 0x00007ffa8f875000 	G:\Xilinx\Vivado\2018.2\lib\win64.o\liblmx6.0.dll
0x00007ffa9fef0000 - 0x00007ffa9ff1e000 	G:\Xilinx\Vivado\2018.2\lib\win64.o\libisl_sysinfo.dll
0x00007ffa6d2c0000 - 0x00007ffa6db73c00 	G:\Xilinx\Vivado\2018.2\lib\win64.o\libisl_iostreams.dll
0x00007ffa9fed0000 - 0x00007ffa9feea000 	G:\Xilinx\Vivado\2018.2\lib\win64.o\pthreadVC2.dll
0x00007ffa9d7a0000 - 0x00007ffa9d7bc000 	G:\Xilinx\Vivado\2018.2\lib\win64.o\librdiconfig.dll
0x00007ffa9c960000 - 0x00007ffa9c981000 	G:\Xilinx\Vivado\2018.2\lib\win64.o\librdizlib.dll
0x00007ffa9b6f0000 - 0x00007ffa9bbc8000 	C:\Windows\SYSTEM32\WININET.dll
0x00007ffab8ae0000 - 0x00007ffab8bed000 	C:\Windows\SYSTEM32\WINHTTP.dll
0x00007ffab43a0000 - 0x00007ffab458c000 	C:\Windows\SYSTEM32\urlmon.dll
0x00007ffa72680000 - 0x00007ffa727d1000 	G:\Xilinx\Vivado\2018.2\lib\win64.o\librdi_curl.dll
0x0000000012000000 - 0x0000000012272000 	G:\Xilinx\Vivado\2018.2\lib\win64.o\xerces-c_3_1.dll
0x00007ffab2840000 - 0x00007ffab2849000 	C:\Windows\SYSTEM32\WSOCK32.dll
0x00007ffa99ec0000 - 0x00007ffa99ef1000 	C:\Windows\SYSTEM32\VCOMP140.DLL
0x0000000068e30000 - 0x00000000696ca000 	G:\Xilinx\Vivado\2018.2\tps\win64\jre\bin\server\jvm.dll
0x00007ffaa3d20000 - 0x00007ffaa3d39000 	C:\Windows\SYSTEM32\NETAPI32.dll
0x00007ffaa3930000 - 0x00007ffaa39e0000 	C:\Windows\WinSxS\amd64_microsoft.windows.common-controls_6595b64144ccf1df_5.82.19041.4355_none_792ecafd2442822f\COMCTL32.dll
0x00007ffab8ef0000 - 0x00007ffab8f0d000 	C:\Windows\SYSTEM32\dhcpcsvc.DLL
0x00007ffa64cd0000 - 0x00007ffa65b61000 	G:\Xilinx\Vivado\2018.2\lib\win64.o\gurobi65.dll
0x00007ffabf8d0000 - 0x00007ffabf8d8000 	C:\Windows\System32\PSAPI.DLL
0x00007ffa9d5e0000 - 0x00007ffa9d5fb000 	G:\Xilinx\Vivado\2018.2\lib\win64.o\libboost_iostreams.dll
0x00007ffab0380000 - 0x00007ffab063e000 	C:\Windows\SYSTEM32\iertutil.dll
0x00007ffab8c00000 - 0x00007ffab8c28000 	C:\Windows\SYSTEM32\srvcli.dll
0x00007ffabd560000 - 0x00007ffabd56c000 	C:\Windows\SYSTEM32\netutils.dll
0x00007ffaa5360000 - 0x00007ffaa5387000 	C:\Windows\SYSTEM32\WINMM.dll
0x00007ffab72c0000 - 0x00007ffab72ca000 	C:\Windows\SYSTEM32\VERSION.dll
0x0000000068d50000 - 0x0000000068e21000 	C:\Windows\SYSTEM32\MSVCR100.dll
0x00007ffaa0780000 - 0x00007ffaa078d000 	G:\Xilinx\Vivado\2018.2\lib\win64.o\libboost_chrono.dll
0x00007ffa920b0000 - 0x00007ffa920d5000 	G:\Xilinx\Vivado\2018.2\lib\win64.o\libisl_iosutils.dll
0x00007ffabf600000 - 0x00007ffabf62f000 	C:\Windows\System32\IMM32.DLL
0x00007ffabdbe0000 - 0x00007ffabdbf2000 	C:\Windows\SYSTEM32\MSASN1.dll
0x00007ffabbf50000 - 0x00007ffabbf62000 	C:\Windows\SYSTEM32\kernel.appcore.dll
0x00007ffa6c740000 - 0x00007ffa6cbcc000 	G:\Xilinx\Vivado\2018.2\lib\win64.o\librdi_commontasks.dll
0x00007ffa6f320000 - 0x00007ffa6f597000 	G:\Xilinx\Vivado\2018.2\lib\win64.o\librdi_sio.dll
0x00007ffabd450000 - 0x00007ffabd48b000 	C:\Windows\SYSTEM32\IPHLPAPI.DLL
0x00007ffabc150000 - 0x00007ffabc8f4000 	C:\Windows\SYSTEM32\windows.storage.dll
0x00007ffabd970000 - 0x00007ffabd99e000 	C:\Windows\SYSTEM32\Wldp.dll
0x00007ffa4b590000 - 0x00007ffa4d78f000 	G:\Xilinx\Vivado\2018.2\lib\win64.o\librdi_tcltasks.dll
0x00007ffa6f1a0000 - 0x00007ffa6f31e000 	G:\Xilinx\Vivado\2018.2\lib\win64.o\librdi_board.dll
0x00007ffa8a0d0000 - 0x00007ffa8a13a000 	G:\Xilinx\Vivado\2018.2\lib\win64.o\librdi_boarddep.dll
0x00007ffa7a180000 - 0x00007ffa7a2a8000 	G:\Xilinx\Vivado\2018.2\lib\win64.o\librdi_containers.dll
0x00007ffa6c360000 - 0x00007ffa6c735000 	G:\Xilinx\Vivado\2018.2\lib\win64.o\librdi_bitstream.dll
0x00007ffa6e1e0000 - 0x00007ffa6e427000 	G:\Xilinx\Vivado\2018.2\lib\win64.o\librdi_chipscope.dll
0x00007ffa49870000 - 0x00007ffa4b581000 	G:\Xilinx\Vivado\2018.2\lib\win64.o\librdi_coregen.dll
0x00007ffa48010000 - 0x00007ffa49869000 	G:\Xilinx\Vivado\2018.2\lib\win64.o\librdi_constraints.dll
0x00007ffa6b340000 - 0x00007ffa6ba19000 	G:\Xilinx\Vivado\2018.2\lib\win64.o\librdi_coregenipxact.dll
0x00007ffa442a0000 - 0x00007ffa48002000 	G:\Xilinx\Vivado\2018.2\lib\win64.o\librdi_designutils.dll
0x00007ffa0d040000 - 0x00007ffa1b838000 	G:\Xilinx\Vivado\2018.2\lib\win64.o\librdi_device.dll
0x00007ffa52560000 - 0x00007ffa52878000 	G:\Xilinx\Vivado\2018.2\lib\win64.o\librdi_dlyest.dll
0x00007ffa725b0000 - 0x00007ffa72672000 	G:\Xilinx\Vivado\2018.2\lib\win64.o\librdi_dsp.dll
0x00007ffa6b060000 - 0x00007ffa6b331000 	G:\Xilinx\Vivado\2018.2\lib\win64.o\librdi_guitools.dll
0x00007ffa52010000 - 0x00007ffa52551000 	G:\Xilinx\Vivado\2018.2\lib\win64.o\librdi_drc.dll
0x00007ffa7acc0000 - 0x00007ffa7ad18000 	G:\Xilinx\Vivado\2018.2\lib\win64.o\librdi_hdf.dll
0x00007ffa50c90000 - 0x00007ffa512c1000 	G:\Xilinx\Vivado\2018.2\lib\win64.o\librdi_filemgmt.dll
0x00007ffa43060000 - 0x00007ffa44294000 	G:\Xilinx\Vivado\2018.2\lib\win64.o\librdi_implflow.dll
0x00007ffa512d0000 - 0x00007ffa51921000 	G:\Xilinx\Vivado\2018.2\lib\win64.o\librdi_memdata.dll
0x00007ffa507e0000 - 0x00007ffa50c82000 	G:\Xilinx\Vivado\2018.2\lib\win64.o\librdi_netlist.dll
0x00007ffa8f480000 - 0x00007ffa8f4c9000 	G:\Xilinx\Vivado\2018.2\lib\win64.o\librdi_pfi.dll
0x00007ffa6ad50000 - 0x00007ffa6afda000 	G:\Xilinx\Vivado\2018.2\lib\win64.o\librdi_platform.dll
0x00007ffa2ae30000 - 0x00007ffa2e63a000 	G:\Xilinx\Vivado\2018.2\lib\win64.o\librdi_mig.dll
0x00007ffa40cc0000 - 0x00007ffa4305e000 	G:\Xilinx\Vivado\2018.2\lib\win64.o\librdi_place.dll
0x00007ffa405d0000 - 0x00007ffa40cbc000 	G:\Xilinx\Vivado\2018.2\lib\win64.o\librdi_power.dll
0x00007ffa32cd0000 - 0x00007ffa3320d000 	G:\Xilinx\Vivado\2018.2\lib\win64.o\librdi_project.dll
0x00007ffa32690000 - 0x00007ffa32cce000 	G:\Xilinx\Vivado\2018.2\lib\win64.o\librdi_rsb.dll
0x00007ffa33210000 - 0x00007ffa338f1000 	G:\Xilinx\Vivado\2018.2\lib\win64.o\librdi_psta.dll
0x00007ffa4d930000 - 0x00007ffa4dcf3000 	G:\Xilinx\Vivado\2018.2\lib\win64.o\librdi_runs.dll
0x00007ffa6d1e0000 - 0x00007ffa6d2b7000 	G:\Xilinx\Vivado\2018.2\lib\win64.o\librdi_runsbase.dll
0x00007ffa6bff0000 - 0x00007ffa6c0bb000 	G:\Xilinx\Vivado\2018.2\lib\win64.o\librdi_xhub.dll
0x00007ffa6c130000 - 0x00007ffa6c356000 	G:\Xilinx\Vivado\2018.2\lib\win64.o\librdi_simdata.dll
0x00007ffa31970000 - 0x00007ffa3268d000 	G:\Xilinx\Vivado\2018.2\lib\win64.o\librdi_timing.dll
0x00007ffa64c20000 - 0x00007ffa64ccf000 	G:\Xilinx\Vivado\2018.2\lib\win64.o\librdi_hip_devdesign.dll
0x00007ffa7a370000 - 0x00007ffa7a3d6000 	G:\Xilinx\Vivado\2018.2\lib\win64.o\librdi_ipconfig_readwrite.dll
0x00007ffa91e70000 - 0x00007ffa91ea8000 	G:\Xilinx\Vivado\2018.2\lib\win64.o\librdi_noc_frameworks.dll
0x00007ffa8a710000 - 0x00007ffa8a75c000 	G:\Xilinx\Vivado\2018.2\lib\win64.o\libboost_serialization.dll
0x00007ffa64b90000 - 0x00007ffa64c18000 	G:\Xilinx\Vivado\2018.2\lib\win64.o\librdi_hip_config.dll
0x00007ffa30e70000 - 0x00007ffa31963000 	G:\Xilinx\Vivado\2018.2\lib\win64.o\libverific.dll
0x00007ffa2a8e0000 - 0x00007ffa2ae2e000 	G:\Xilinx\Vivado\2018.2\lib\win64.o\librdi_xdm.dll
0x00007ffa7ac70000 - 0x00007ffa7acb9000 	G:\Xilinx\Vivado\2018.2\lib\win64.o\librdi_wavedata_SimpleApi.dll
0x00007ffa64af0000 - 0x00007ffa64b8e000 	G:\Xilinx\Vivado\2018.2\lib\win64.o\libise.dll
0x00007ffa2a330000 - 0x00007ffa2a8d1000 	G:\Xilinx\Vivado\2018.2\lib\win64.o\librdi_wavedata.dll
0x00007ffa0c140000 - 0x00007ffa0d031000 	G:\Xilinx\Vivado\2018.2\lib\win64.o\librdi_route.dll
0x00007ffa0a350000 - 0x00007ffa0c132000 	G:\Xilinx\Vivado\2018.2\lib\win64.o\librdi_synth.dll
0x00007ffa50590000 - 0x00007ffa507d3000 	G:\Xilinx\Vivado\2018.2\lib\win64.o\librdi_hsm.dll
0x00007ffa9c940000 - 0x00007ffa9c95a000 	G:\Xilinx\Vivado\2018.2\lib\win64.o\librdi_hmetis.dll

VM Arguments:
jvm_args: -Dsun.java2d.pmoffscreen=false -Dsun.java2d.xrender=false -Dsun.java2d.d3d=false -Dsun.awt.nopixfmt=true -Xverify:none -Dswing.aatext=true -XX:-UsePerfData -Djdk.map.althashing.threshold=512 -XX:StringTableSize=4072 -XX:NewSize=60m -XX:MaxNewSize=60m -Xms128m -Xmx3072m -Xss5m 
java_command: <unknown>
java_class_path (initial): G:/Xilinx/Vivado/2018.2\lib\classes\alloy.jar;G:/Xilinx/Vivado/2018.2\lib\classes\autopilot.scelaborator.jar;G:/Xilinx/Vivado/2018.2\lib\classes\autopilot.sourceprocessor.jar;G:/Xilinx/Vivado/2018.2\lib\classes\autopilot.tbprocessor.jar;G:/Xilinx/Vivado/2018.2\lib\classes\batik-anim.jar;G:/Xilinx/Vivado/2018.2\lib\classes\batik-awt-util.jar;G:/Xilinx/Vivado/2018.2\lib\classes\batik-bridge.jar;G:/Xilinx/Vivado/2018.2\lib\classes\batik-codec.jar;G:/Xilinx/Vivado/2018.2\lib\classes\batik-css.jar;G:/Xilinx/Vivado/2018.2\lib\classes\batik-dom.jar;G:/Xilinx/Vivado/2018.2\lib\classes\batik-ext.jar;G:/Xilinx/Vivado/2018.2\lib\classes\batik-gui-util.jar;G:/Xilinx/Vivado/2018.2\lib\classes\batik-gvt.jar;G:/Xilinx/Vivado/2018.2\lib\classes\batik-parser.jar;G:/Xilinx/Vivado/2018.2\lib\classes\batik-script.jar;G:/Xilinx/Vivado/2018.2\lib\classes\batik-svg-dom.jar;G:/Xilinx/Vivado/2018.2\lib\classes\batik-swing.jar;G:/Xilinx/Vivado/2018.2\lib\classes\batik-transcoder.jar;G:/Xilinx/Vivado/2018.2\lib\classes\batik-util.jar;G:/Xilinx/Vivado/2018.2\lib\classes\batik-xml.jar;G:/Xilinx/Vivado/2018.2\lib\classes\com.ibm.icu_4.4.2.v20110208.jar;G:/Xilinx/Vivado/2018.2\lib\classes\commons-collections4-4.1.jar;G:/Xilinx/Vivado/2018.2\lib\classes\commons-math-2.2.jar;G:/Xilinx/Vivado/2018.2\lib\classes\dom4j-1.6.1.jar;G:/Xilinx/Vivado/2018.2\lib\classes\guava-18.0.jar;G:/Xilinx/Vivado/2018.2\lib\classes\help.jar;G:/Xilinx/Vivado/2018.2\lib\classes\hsqldb.jar;G:/Xilinx/Vivado/2018.2\lib\classes\jargs.jar;G:/Xilinx/Vivado/2018.2\lib\classes\jh.jar;G:/Xilinx/Vivado/2018.2\lib\classes\jide-action.jar;G:/Xilinx/Vivado/2018.2\lib\classes\jide-charts.jar;G:/Xilinx/Vivado/2018.2\lib\classes\jide-common.jar;G:/Xilinx/Vivado/2018.2\lib\classes\jide-components.jar;G:/Xilinx/Vivado/2018.2\lib\classes\jide-dashboard.jar;G:/Xilinx/Vivado/2018.2\lib\classes\jide-data.jar;G:/Xilinx/Vivado/2018.2\lib\classes\jide-dialogs.jar;G:/Xilinx/Vivado/2018.2\lib\classes\jide-diff.jar;G:/X
Launcher Type: generic

Environment Variables:
PATH=G:/Xilinx/Vivado/2018.2/bin;G:/Xilinx/Vivado/2018.2/lib/win64.o;G:/Xilinx/Vivado/2018.2/tps/win64/jre/bin/server;G:/Xilinx/Vivado/2018.2/tps/win64/jre/bin;G:/Xilinx/SDK/2018.2/bin;G:/Xilinx/Vivado/2018.2/ids_lite/ISE/bin/nt64;G:/Xilinx/Vivado/2018.2/ids_lite/ISE/lib/nt64;C:\ProgramData\Oracle\Java\javapath;C:\Windows\system32;C:\Windows;C:\Windows\System32\Wbem;C:\Windows\System32\WindowsPowerShell\v1.0\;C:\Windows\System32\OpenSSH\;C:\Program Files (x86)\NVIDIA Corporation\PhysX\Common;C:\Program Files (x86)\sbt\bin;C:\Program Files\Docker\Docker\resources\bin;C:\Users\PC\AppData\Local\Programs\Python\Launcher\;C:\Users\PC\AppData\Local\Microsoft\WindowsApps;;C:\Users\PC\AppData\Local\Programs\Microsoft VS Code\bin;G:/Xilinx/Vivado/2018.2\tps\mingw\6.2.0\win64.o\nt\bin;G:/Xilinx/Vivado/2018.2\tps\mingw\6.2.0\win64.o\nt\libexec\gcc\x86_64-w64-mingw32\6.2.0
USERNAME=PC
OS=Windows_NT
PROCESSOR_IDENTIFIER=Intel64 Family 6 Model 58 Stepping 9, GenuineIntel



---------------  S Y S T E M  ---------------

OS: Windows 10.0 , 64 bit Build 19041 (10.0.19041.5198)

CPU:total 4 (4 cores per cpu, 1 threads per core) family 6 model 58 stepping 9, cmov, cx8, fxsr, mmx, sse, sse2, sse3, ssse3, sse4.1, sse4.2, popcnt, avx, aes, clmul, erms, tsc, tscinvbit, tscinv

Memory: 4k page, physical 8218460k(399892k free), swap 13289052k(96876k free)

vm_info: Java HotSpot(TM) 64-Bit Server VM (25.112-b15) for windows-amd64 JRE (1.8.0_112-b15), built on Sep 22 2016 21:31:56 by "java_re" with MS VC++ 10.0 (VS2010)

time: Sat Dec 28 03:13:20 2024
elapsed time: 245 seconds (0d 0h 4m 5s)

