#-----------------------------------------------------------
# Vivado v2018.2 (64-bit)
# SW Build 2258646 on Thu Jun 14 20:03:12 MDT 2018
# IP Build 2256618 on Thu Jun 14 22:10:49 MDT 2018
# Start of session at: Fri Feb 21 00:49:35 2025
# Process ID: 4928
# Current directory: C:/Users/hermain/Desktop/FYP/latest_skencode/check
# Command line: vivado.exe -gui_launcher_event rodinguilauncherevent14612 C:\Users\hermain\Desktop\FYP\latest_skencode\check\check.xpr
# Log file: C:/Users/hermain/Desktop/FYP/latest_skencode/check/vivado.log
# Journal file: C:/Users/hermain/Desktop/FYP/latest_skencode/check\vivado.jou
#-----------------------------------------------------------
start_gui
open_project C:/Users/hermain/Desktop/FYP/latest_skencode/check/check.xpr
INFO: [Project 1-313] Project file moved from 'C:/Users/HP/Downloads/check' since last save.
Scanning sources...
Finished scanning sources
INFO: [IP_Flow 19-234] Refreshing IP repositories
INFO: [IP_Flow 19-1704] No user IP repositories specified
INFO: [IP_Flow 19-2313] Loaded Vivado IP repository 'C:/Xilinx/Vivado/2018.2/data/ip'.
open_project: Time (s): cpu = 00:00:20 ; elapsed = 00:00:12 . Memory (MB): peak = 823.816 ; gain = 106.285
update_compile_order -fileset sources_1
reset_run synth_1
WARNING: [Vivado 12-1017] Problems encountered:
1. Process appears to be on host 'SHERYY' and cannot be killed from host 'DESKTOP-28EHFLJ'

exit
INFO: [Common 17-206] Exiting Vivado at Fri Feb 21 02:14:18 2025...
