#-----------------------------------------------------------
# Vivado v2018.2 (64-bit)
# SW Build 2258646 on Thu Jun 14 20:03:12 MDT 2018
# IP Build 2256618 on Thu Jun 14 22:10:49 MDT 2018
# Start of session at: Sun Mar  2 23:36:16 2025
# Process ID: 11152
# Current directory: C:/Users/Wasif Hassan/Downloads/FYP/latest_skencode/check
# Command line: vivado.exe -gui_launcher_event rodinguilauncherevent14132 C:\Users\Wasif Hassan\Downloads\FYP\latest_skencode\check\check.xpr
# Log file: C:/Users/Wasif Hassan/Downloads/FYP/latest_skencode/check/vivado.log
# Journal file: C:/Users/Wasif Hassan/Downloads/FYP/latest_skencode/check\vivado.jou
#-----------------------------------------------------------
start_gui
open_project {C:/Users/Wasif Hassan/Downloads/FYP/latest_skencode/check/check.xpr}
INFO: [Project 1-313] Project file moved from 'C:/Users/hermain/Desktop/FYP/latest_skencode/check' since last save.
Scanning sources...
Finished scanning sources
INFO: [IP_Flow 19-234] Refreshing IP repositories
INFO: [IP_Flow 19-1704] No user IP repositories specified
INFO: [IP_Flow 19-2313] Loaded Vivado IP repository 'E:/Vivado/2018.2/data/ip'.
open_project: Time (s): cpu = 00:00:22 ; elapsed = 00:00:15 . Memory (MB): peak = 829.566 ; gain = 106.559
update_compile_order -fileset sources_1
exit
INFO: [Common 17-206] Exiting Vivado at Mon Mar  3 11:42:15 2025...
