
*** Running vivado
    with args -log pkDecode.vds -m64 -product Vivado -mode batch -messageDb vivado.pb -notrace -source pkDecode.tcl


****** Vivado v2018.2 (64-bit)
  **** SW Build 2258646 on Thu Jun 14 20:02:38 MDT 2018
  **** IP Build 2256618 on Thu Jun 14 22:10:49 MDT 2018
    ** Copyright 1986-2018 Xilinx, Inc. All Rights Reserved.

source pkDecode.tcl -notrace
Command: synth_design -top pkDecode -part xc7a100tcsg324-1
Starting synth_design
Attempting to get a license for feature 'Synthesis' and/or device 'xc7a100t'
INFO: [Common 17-349] Got license for feature 'Synthesis' and/or device 'xc7a100t'
INFO: Launching helper process for spawning children vivado processes
INFO: Helper process launched with PID 167834 
---------------------------------------------------------------------------------
Starting Synthesize : Time (s): cpu = 00:00:02 ; elapsed = 00:00:03 . Memory (MB): peak = 1308.578 ; gain = 86.930 ; free physical = 51723 ; free virtual = 65767
---------------------------------------------------------------------------------
INFO: [Synth 8-6157] synthesizing module 'pkDecode' [/home/mlatif/Athestia/pkdecode1/pkdecode1.srcs/sources_1/new/pk_decode.sv:3]
WARNING: [Synth 8-451] negative shift count is treated as unsigned [/home/mlatif/Athestia/pkdecode1/pkdecode1.srcs/sources_1/new/pk_decode.sv:23]
	Parameter PK_SIZE bound to: 32'sb00000000000000000000000100000000 
	Parameter D bound to: 32'sb00000000000000000000000000001101 
	Parameter Q bound to: 32'sb00000000000000000000110100000001 
	Parameter k bound to: 8 - type: integer 
	Parameter Y bound to: 32'sb00000000000000000000000000001100 
	Parameter C bound to: 32'sb11111111111111111111111111111111 
	Parameter Blen bound to: 32'sb00000000000000000000000000001010 
	Parameter B bound to: 32'sb00000000000000000000001111111111 
	Parameter POLY_SIZE bound to: 32'sb00000000000000000000101000000000 
ERROR: [Synth 8-4556] size of variable 'pk' is too large to handle; the size of the variable is 8380417, the limit is 1000000 [/home/mlatif/Athestia/pkdecode1/pkdecode1.srcs/sources_1/new/pk_decode.sv:10]
ERROR: [Synth 8-6156] failed synthesizing module 'pkDecode' [/home/mlatif/Athestia/pkdecode1/pkdecode1.srcs/sources_1/new/pk_decode.sv:3]
---------------------------------------------------------------------------------
Finished Synthesize : Time (s): cpu = 00:00:02 ; elapsed = 00:00:04 . Memory (MB): peak = 1353.203 ; gain = 131.555 ; free physical = 51729 ; free virtual = 65775
---------------------------------------------------------------------------------
synthesize failed
INFO: [Common 17-83] Releasing license: Synthesis
3 Infos, 1 Warnings, 0 Critical Warnings and 3 Errors encountered.
synth_design failed
ERROR: [Common 17-69] Command failed: Vivado Synthesis failed
INFO: [Common 17-206] Exiting Vivado at Sat Mar 15 23:11:24 2025...
