#
# There is insufficient memory for the Java Runtime Environment to continue.
# Native memory allocation (malloc) failed to allocate 953776 bytes for Chunk::new
# Possible reasons:
#   The system is out of physical RAM or swap space
#   In 32 bit mode, the process size limit was hit
# Possible solutions:
#   Reduce memory load on the system
#   Increase physical memory or swap space
#   Check if swap backing store is full
#   Use 64 bit Java on a 64 bit OS
#   Decrease Java heap size (-Xmx/-Xms)
#   Decrease number of Java threads
#   Decrease Java thread stack sizes (-Xss)
#   Set larger code cache with -XX:ReservedCodeCacheSize=
# This output file may be truncated or incomplete.
#
#  Out of Memory Error (allocation.cpp:390), pid=10444, tid=0x0000000000001820
#
# JRE version: Java(TM) SE Runtime Environment (8.0_112-b15) (build 1.8.0_112-b15)
# Java VM: Java HotSpot(TM) 64-Bit Server VM (25.112-b15 mixed mode windows-amd64 compressed oops)
# Failed to write core dump. Minidumps are not enabled by default on client versions of Windows
#

---------------  T H R E A D  ---------------

Current thread (0x000001f470660000):  JavaThread "C2 CompilerThread0" daemon [_thread_in_native, id=6176, stack(0x000000439e800000,0x000000439e900000)]

Stack: [0x000000439e800000,0x000000439e900000]
[error occurred during error reporting (printing stack bounds), id 0xc0000005]

Native frames: (J=compiled Java code, j=interpreted, Vv=VM code, C=native code)


Current CompileTask:
C2: 112983 12719       4       java.util.TimSort::sort (229 bytes)


---------------  P R O C E S S  ---------------

Java Threads: ( => current thread )
  0x000001f475aa9800 JavaThread "Monitor File Timestamp Swing Worker" [_thread_blocked, id=8648, stack(0x00000043a4b00000,0x00000043a5000000)]
  0x000001f475aa6000 JavaThread "Timer-1" [_thread_blocked, id=12440, stack(0x00000043a4100000,0x00000043a4600000)]
  0x000001f475aa4800 JavaThread "Image Animator 2" daemon [_thread_blocked, id=6736, stack(0x00000043a5500000,0x00000043a5a00000)]
  0x000001f475aac800 JavaThread "SyntheticaAnimation 50" daemon [_thread_blocked, id=6704, stack(0x00000043a2b00000,0x00000043a3000000)]
  0x000001f475aa5000 JavaThread "Thread-24" [_thread_in_native, id=1564, stack(0x00000043a4a00000,0x00000043a4b00000)]
  0x000001f475aaa800 JavaThread "Thread-23" [_thread_in_native, id=9412, stack(0x00000043a4900000,0x00000043a4a00000)]
  0x000001f473d52000 JavaThread "hw_ila_monitor" [_thread_blocked, id=11728, stack(0x00000043a3a00000,0x00000043a3f00000)]
  0x000001f473d53000 JavaThread "Update Runs Swing Worker" [_thread_blocked, id=12504, stack(0x00000043a3500000,0x00000043a3a00000)]
  0x000001f473d59000 JavaThread "Refresh Filesets Swing Worker" [_thread_blocked, id=14240, stack(0x00000043a0500000,0x00000043a0a00000)]
  0x000001f473d58000 JavaThread "SyntheticaAnimation 70" daemon [_thread_blocked, id=15556, stack(0x00000043a3000000,0x00000043a3500000)]
  0x000001f473d56000 JavaThread "SyntheticaAnimation 25" daemon [_thread_blocked, id=11628, stack(0x00000043a1900000,0x00000043a1e00000)]
  0x000001f473d54800 JavaThread "SyntheticaAnimation 50" daemon [_thread_blocked, id=14932, stack(0x00000043a2600000,0x00000043a2b00000)]
  0x000001f473d53800 JavaThread "SyntheticaCleanerThread" daemon [_thread_blocked, id=14836, stack(0x00000043a1e00000,0x00000043a2300000)]
  0x000001f4735f1000 JavaThread "Batik CleanerThread" daemon [_thread_blocked, id=10948, stack(0x00000043a0a00000,0x00000043a0f00000)]
  0x000001f4737e9000 JavaThread "Process Messages" [_thread_blocked, id=10824, stack(0x00000043a1400000,0x00000043a1900000)]
  0x000001f4737e5000 JavaThread "Thread-3" [_thread_in_native, id=2664, stack(0x000000439b700000,0x000000439cb00000)]
  0x000001f4737e4000 JavaThread "AWT-EventQueue-0" [_thread_blocked, id=12236, stack(0x00000043a0f00000,0x00000043a1400000)]
  0x000001f471fc5800 JavaThread "AWT-Windows" daemon [_thread_in_native, id=11272, stack(0x00000043a0000000,0x00000043a0500000)]
  0x000001f471f0c800 JavaThread "AWT-Shutdown" [_thread_blocked, id=10072, stack(0x000000439fb00000,0x00000043a0000000)]
  0x000001f471f0c000 JavaThread "Java2D Disposer" daemon [_thread_blocked, id=8356, stack(0x000000439f600000,0x000000439fb00000)]
  0x000001f471f1e000 JavaThread "TimerQueue" daemon [_thread_blocked, id=14588, stack(0x000000439f100000,0x000000439f600000)]
  0x000001f470671000 JavaThread "Service Thread" daemon [_thread_blocked, id=11820, stack(0x000000439eb00000,0x000000439f000000)]
  0x000001f470667800 JavaThread "C1 CompilerThread2" daemon [_thread_blocked, id=14472, stack(0x000000439ea00000,0x000000439eb00000)]
  0x000001f470661800 JavaThread "C2 CompilerThread1" daemon [_thread_blocked, id=8628, stack(0x000000439e900000,0x000000439ea00000)]
=>0x000001f470660000 JavaThread "C2 CompilerThread0" daemon [_thread_in_native, id=6176, stack(0x000000439e800000,0x000000439e900000)]
  0x000001f47065e800 JavaThread "Attach Listener" daemon [_thread_blocked, id=3640, stack(0x000000439e300000,0x000000439e800000)]
  0x000001f47065d000 JavaThread "Signal Dispatcher" daemon [_thread_blocked, id=10112, stack(0x000000439de00000,0x000000439e300000)]
  0x000001f470644800 JavaThread "Finalizer" daemon [_thread_blocked, id=3264, stack(0x000000439d900000,0x000000439de00000)]
  0x000001f459584800 JavaThread "Reference Handler" daemon [_thread_blocked, id=5064, stack(0x000000439d400000,0x000000439d900000)]
  0x000001f459494000 JavaThread "main" [_thread_blocked, id=16176, stack(0x000000439ce00000,0x000000439cf00000)]

Other Threads:
  0x000001f470620800 VMThread [stack: 0x000000439d300000,0x000000439d400000] [id=14592]
  0x000001f4706a4000 WatcherThread [stack: 0x000000439f000000,0x000000439f100000] [id=15164]

VM state:not at safepoint (normal execution)

VM Mutex/Monitor currently owned by a thread: None

Heap:
 PSYoungGen      total 51200K, used 41210K [0x00000007bc400000, 0x00000007c0000000, 0x00000007c0000000)
  eden space 40448K, 97% used [0x00000007bc400000,0x00000007bea80a70,0x00000007beb80000)
  from space 10752K, 16% used [0x00000007bf580000,0x00000007bf73e0a8,0x00000007c0000000)
  to   space 10240K, 0% used [0x00000007beb80000,0x00000007beb80000,0x00000007bf580000)
 ParOldGen       total 163840K, used 40306K [0x0000000700000000, 0x000000070a000000, 0x00000007bc400000)
  object space 163840K, 24% used [0x0000000700000000,0x000000070275c8c8,0x000000070a000000)
 Metaspace       used 63164K, capacity 63753K, committed 64256K, reserved 1103872K
  class space    used 9028K, capacity 9161K, committed 9216K, reserved 1048576K

Card table byte_map: [0x000001f468950000,0x000001f468f60000] byte_map_base: 0x000001f465150000

Marking Bits: (ParMarkBitMap*) 0x000000005357a6d0
 Begin Bits: [0x000001f469550000, 0x000001f46c550000)
 End Bits:   [0x000001f46c550000, 0x000001f46f550000)

Polling page: 0x000001f450590000

CodeCache: size=245760Kb used=38206Kb max_used=38206Kb free=207553Kb
 bounds [0x000001f459590000, 0x000001f45bb20000, 0x000001f468590000]
 total_blobs=10977 nmethods=10106 adapters=776
 compilation: enabled

Compilation events (10 events):
Event: 111.927 Thread 0x000001f470667800 nmethod 12714 0x000001f45bad0510 code [0x000001f45bad0680, 0x000001f45bad09f0]
Event: 111.949 Thread 0x000001f470661800 12715       4       java.awt.EventQueue::postEvent (172 bytes)
Event: 112.004 Thread 0x000001f470661800 nmethod 12715 0x000001f45bb12f10 code [0x000001f45bb13160, 0x000001f45bb144c0]
Event: 112.180 Thread 0x000001f470667800 12716       3       java.text.MessageFormat::applyPattern (422 bytes)
Event: 112.188 Thread 0x000001f470667800 nmethod 12716 0x000001f45bb15650 code [0x000001f45bb15c40, 0x000001f45bb1a910]
Event: 112.188 Thread 0x000001f470667800 12717       3       com.jidesoft.editor.caret.CaretPosition::equals (58 bytes)
Event: 112.189 Thread 0x000001f470667800 nmethod 12717 0x000001f45bae6990 code [0x000001f45bae6b00, 0x000001f45bae6fd8]
Event: 112.189 Thread 0x000001f470667800 12718  s    3       ui.utils.B::eoC (4 bytes)
Event: 112.189 Thread 0x000001f470667800 nmethod 12718 0x000001f45bae64d0 code [0x000001f45bae6620, 0x000001f45bae68d8]
Event: 112.758 Thread 0x000001f470660000 12719       4       java.util.TimSort::sort (229 bytes)

GC Heap History (10 events):
Event: 72.511 GC heap before
{Heap before GC invocations=34 (full 3):
 PSYoungGen      total 49152K, used 15734K [0x00000007bc400000, 0x00000007c0000000, 0x00000007c0000000)
  eden space 36352K, 30% used [0x00000007bc400000,0x00000007bcee7e28,0x00000007be780000)
  from space 12800K, 35% used [0x00000007bf380000,0x00000007bf7f5ad0,0x00000007c0000000)
  to   space 12288K, 0% used [0x00000007be780000,0x00000007be780000,0x00000007bf380000)
 ParOldGen       total 163840K, used 40533K [0x0000000700000000, 0x000000070a000000, 0x00000007bc400000)
  object space 163840K, 24% used [0x0000000700000000,0x0000000702795508,0x000000070a000000)
 Metaspace       used 62398K, capacity 62937K, committed 63488K, reserved 1103872K
  class space    used 9004K, capacity 9127K, committed 9216K, reserved 1048576K
Event: 72.522 GC heap after
Heap after GC invocations=34 (full 3):
 PSYoungGen      total 48640K, used 4102K [0x00000007bc400000, 0x00000007c0000000, 0x00000007c0000000)
  eden space 36352K, 0% used [0x00000007bc400000,0x00000007bc400000,0x00000007be780000)
  from space 12288K, 33% used [0x00000007be780000,0x00000007beb81ac0,0x00000007bf380000)
  to   space 11264K, 0% used [0x00000007bf500000,0x00000007bf500000,0x00000007c0000000)
 ParOldGen       total 163840K, used 40533K [0x0000000700000000, 0x000000070a000000, 0x00000007bc400000)
  object space 163840K, 24% used [0x0000000700000000,0x0000000702795508,0x000000070a000000)
 Metaspace       used 62398K, capacity 62937K, committed 63488K, reserved 1103872K
  class space    used 9004K, capacity 9127K, committed 9216K, reserved 1048576K
}
Event: 72.522 GC heap before
{Heap before GC invocations=35 (full 4):
 PSYoungGen      total 48640K, used 4102K [0x00000007bc400000, 0x00000007c0000000, 0x00000007c0000000)
  eden space 36352K, 0% used [0x00000007bc400000,0x00000007bc400000,0x00000007be780000)
  from space 12288K, 33% used [0x00000007be780000,0x00000007beb81ac0,0x00000007bf380000)
  to   space 11264K, 0% used [0x00000007bf500000,0x00000007bf500000,0x00000007c0000000)
 ParOldGen       total 163840K, used 40533K [0x0000000700000000, 0x000000070a000000, 0x00000007bc400000)
  object space 163840K, 24% used [0x0000000700000000,0x0000000702795508,0x000000070a000000)
 Metaspace       used 62398K, capacity 62937K, committed 63488K, reserved 1103872K
  class space    used 9004K, capacity 9127K, committed 9216K, reserved 1048576K
Event: 72.917 GC heap after
Heap after GC invocations=35 (full 4):
 PSYoungGen      total 48640K, used 0K [0x00000007bc400000, 0x00000007c0000000, 0x00000007c0000000)
  eden space 36352K, 0% used [0x00000007bc400000,0x00000007bc400000,0x00000007be780000)
  from space 12288K, 0% used [0x00000007be780000,0x00000007be780000,0x00000007bf380000)
  to   space 11264K, 0% used [0x00000007bf500000,0x00000007bf500000,0x00000007c0000000)
 ParOldGen       total 163840K, used 40298K [0x0000000700000000, 0x000000070a000000, 0x00000007bc400000)
  object space 163840K, 24% used [0x0000000700000000,0x000000070275a8c8,0x000000070a000000)
 Metaspace       used 62398K, capacity 62937K, committed 63488K, reserved 1103872K
  class space    used 9004K, capacity 9127K, committed 9216K, reserved 1048576K
}
Event: 77.404 GC heap before
{Heap before GC invocations=36 (full 4):
 PSYoungGen      total 48640K, used 36352K [0x00000007bc400000, 0x00000007c0000000, 0x00000007c0000000)
  eden space 36352K, 100% used [0x00000007bc400000,0x00000007be780000,0x00000007be780000)
  from space 12288K, 0% used [0x00000007be780000,0x00000007be780000,0x00000007bf380000)
  to   space 11264K, 0% used [0x00000007bf500000,0x00000007bf500000,0x00000007c0000000)
 ParOldGen       total 163840K, used 40298K [0x0000000700000000, 0x000000070a000000, 0x00000007bc400000)
  object space 163840K, 24% used [0x0000000700000000,0x000000070275a8c8,0x000000070a000000)
 Metaspace       used 62730K, capacity 63295K, committed 63744K, reserved 1103872K
  class space    used 9027K, capacity 9160K, committed 9216K, reserved 1048576K
Event: 77.421 GC heap after
Heap after GC invocations=36 (full 4):
 PSYoungGen      total 50176K, used 1312K [0x00000007bc400000, 0x00000007c0000000, 0x00000007c0000000)
  eden space 38912K, 0% used [0x00000007bc400000,0x00000007bc400000,0x00000007bea00000)
  from space 11264K, 11% used [0x00000007bf500000,0x00000007bf648000,0x00000007c0000000)
  to   space 11264K, 0% used [0x00000007bea00000,0x00000007bea00000,0x00000007bf500000)
 ParOldGen       total 163840K, used 40306K [0x0000000700000000, 0x000000070a000000, 0x00000007bc400000)
  object space 163840K, 24% used [0x0000000700000000,0x000000070275c8c8,0x000000070a000000)
 Metaspace       used 62730K, capacity 63295K, committed 63744K, reserved 1103872K
  class space    used 9027K, capacity 9160K, committed 9216K, reserved 1048576K
}
Event: 81.362 GC heap before
{Heap before GC invocations=37 (full 4):
 PSYoungGen      total 50176K, used 40224K [0x00000007bc400000, 0x00000007c0000000, 0x00000007c0000000)
  eden space 38912K, 100% used [0x00000007bc400000,0x00000007bea00000,0x00000007bea00000)
  from space 11264K, 11% used [0x00000007bf500000,0x00000007bf648000,0x00000007c0000000)
  to   space 11264K, 0% used [0x00000007bea00000,0x00000007bea00000,0x00000007bf500000)
 ParOldGen       total 163840K, used 40306K [0x0000000700000000, 0x000000070a000000, 0x00000007bc400000)
  object space 163840K, 24% used [0x0000000700000000,0x000000070275c8c8,0x000000070a000000)
 Metaspace       used 62796K, capacity 63365K, committed 64000K, reserved 1103872K
  class space    used 9027K, capacity 9161K, committed 9216K, reserved 1048576K
Event: 81.374 GC heap after
Heap after GC invocations=37 (full 4):
 PSYoungGen      total 50176K, used 1088K [0x00000007bc400000, 0x00000007c0000000, 0x00000007c0000000)
  eden space 38912K, 0% used [0x00000007bc400000,0x00000007bc400000,0x00000007bea00000)
  from space 11264K, 9% used [0x00000007bea00000,0x00000007beb10000,0x00000007bf500000)
  to   space 10752K, 0% used [0x00000007bf580000,0x00000007bf580000,0x00000007c0000000)
 ParOldGen       total 163840K, used 40306K [0x0000000700000000, 0x000000070a000000, 0x00000007bc400000)
  object space 163840K, 24% used [0x0000000700000000,0x000000070275c8c8,0x000000070a000000)
 Metaspace       used 62796K, capacity 63365K, committed 64000K, reserved 1103872K
  class space    used 9027K, capacity 9161K, committed 9216K, reserved 1048576K
}
Event: 108.868 GC heap before
{Heap before GC invocations=38 (full 4):
 PSYoungGen      total 50176K, used 40000K [0x00000007bc400000, 0x00000007c0000000, 0x00000007c0000000)
  eden space 38912K, 100% used [0x00000007bc400000,0x00000007bea00000,0x00000007bea00000)
  from space 11264K, 9% used [0x00000007bea00000,0x00000007beb10000,0x00000007bf500000)
  to   space 10752K, 0% used [0x00000007bf580000,0x00000007bf580000,0x00000007c0000000)
 ParOldGen       total 163840K, used 40306K [0x0000000700000000, 0x000000070a000000, 0x00000007bc400000)
  object space 163840K, 24% used [0x0000000700000000,0x000000070275c8c8,0x000000070a000000)
 Metaspace       used 62999K, capacity 63493K, committed 64000K, reserved 1103872K
  class space    used 9028K, capacity 9161K, committed 9216K, reserved 1048576K
Event: 108.877 GC heap after
Heap after GC invocations=38 (full 4):
 PSYoungGen      total 51200K, used 1784K [0x00000007bc400000, 0x00000007c0000000, 0x00000007c0000000)
  eden space 40448K, 0% used [0x00000007bc400000,0x00000007bc400000,0x00000007beb80000)
  from space 10752K, 16% used [0x00000007bf580000,0x00000007bf73e0a8,0x00000007c0000000)
  to   space 10240K, 0% used [0x00000007beb80000,0x00000007beb80000,0x00000007bf580000)
 ParOldGen       total 163840K, used 40306K [0x0000000700000000, 0x000000070a000000, 0x00000007bc400000)
  object space 163840K, 24% used [0x0000000700000000,0x000000070275c8c8,0x000000070a000000)
 Metaspace       used 62999K, capacity 63493K, committed 64000K, reserved 1103872K
  class space    used 9028K, capacity 9161K, committed 9216K, reserved 1048576K
}

Deoptimization events (10 events):
Event: 111.257 Thread 0x000001f4737e4000 Uncommon trap: reason=speculate_class_check action=maybe_recompile pc=0x000001f45a6f77c4 method=java.awt.LightweightDispatcher.retargetMouseEvent(Ljava/awt/Component;ILjava/awt/event/MouseEvent;)V @ 70
Event: 111.258 Thread 0x000001f4737e4000 Uncommon trap: reason=class_check action=maybe_recompile pc=0x000001f45b47b250 method=java.awt.Container.dispatchEventImpl(Ljava/awt/AWTEvent;)V @ 19
Event: 111.271 Thread 0x000001f4737e4000 Uncommon trap: reason=class_check action=maybe_recompile pc=0x000001f45aeb53bc method=java.awt.EventQueue.coalesceEvent(Ljava/awt/AWTEvent;I)Z @ 77
Event: 111.271 Thread 0x000001f4737e4000 Uncommon trap: reason=class_check action=maybe_recompile pc=0x000001f45a24aeb0 method=java.awt.EventQueue.coalesceEvent(Ljava/awt/AWTEvent;I)Z @ 77
Event: 111.271 Thread 0x000001f4737e4000 Uncommon trap: reason=speculate_class_check action=maybe_recompile pc=0x000001f45a6f77c4 method=java.awt.LightweightDispatcher.retargetMouseEvent(Ljava/awt/Component;ILjava/awt/event/MouseEvent;)V @ 70
Event: 111.272 Thread 0x000001f4737e4000 Uncommon trap: reason=class_check action=maybe_recompile pc=0x000001f45b47b250 method=java.awt.Container.dispatchEventImpl(Ljava/awt/AWTEvent;)V @ 19
Event: 111.272 Thread 0x000001f4737e4000 Uncommon trap: reason=speculate_class_check action=maybe_recompile pc=0x000001f45a6f77c4 method=java.awt.LightweightDispatcher.retargetMouseEvent(Ljava/awt/Component;ILjava/awt/event/MouseEvent;)V @ 70
Event: 111.273 Thread 0x000001f4737e4000 Uncommon trap: reason=class_check action=maybe_recompile pc=0x000001f45b47b250 method=java.awt.Container.dispatchEventImpl(Ljava/awt/AWTEvent;)V @ 19
Event: 111.285 Thread 0x000001f4737e4000 Uncommon trap: reason=class_check action=maybe_recompile pc=0x000001f45aeb53bc method=java.awt.EventQueue.coalesceEvent(Ljava/awt/AWTEvent;I)Z @ 77
Event: 111.297 Thread 0x000001f471f1e000 Uncommon trap: reason=class_check action=maybe_recompile pc=0x000001f4598c59a4 method=java.awt.EventQueue.coalesceEvent(Ljava/awt/AWTEvent;I)Z @ 77

Internal exceptions (10 events):
Event: 95.077 Thread 0x000001f4737e4000 Exception <a 'java/io/FileNotFoundException'> (0x00000007bd049158) thrown at [C:\re\workspace\8-2-build-windows-amd64-cygwin\jdk8u112\7884\hotspot\src\share\vm\prims\jni.cpp, line 709]
Event: 99.861 Thread 0x000001f4737e4000 Exception <a 'java/io/FileNotFoundException'> (0x00000007bd3885a8) thrown at [C:\re\workspace\8-2-build-windows-amd64-cygwin\jdk8u112\7884\hotspot\src\share\vm\prims\jni.cpp, line 709]
Event: 99.981 Thread 0x000001f4737e4000 Exception <a 'java/io/FileNotFoundException'> (0x00000007bd395648) thrown at [C:\re\workspace\8-2-build-windows-amd64-cygwin\jdk8u112\7884\hotspot\src\share\vm\prims\jni.cpp, line 709]
Event: 100.077 Thread 0x000001f4737e4000 Exception <a 'java/io/FileNotFoundException'> (0x00000007bd398d00) thrown at [C:\re\workspace\8-2-build-windows-amd64-cygwin\jdk8u112\7884\hotspot\src\share\vm\prims\jni.cpp, line 709]
Event: 104.863 Thread 0x000001f4737e4000 Exception <a 'java/io/FileNotFoundException'> (0x00000007bd581890) thrown at [C:\re\workspace\8-2-build-windows-amd64-cygwin\jdk8u112\7884\hotspot\src\share\vm\prims\jni.cpp, line 709]
Event: 104.983 Thread 0x000001f4737e4000 Exception <a 'java/io/FileNotFoundException'> (0x00000007bd58ebc0) thrown at [C:\re\workspace\8-2-build-windows-amd64-cygwin\jdk8u112\7884\hotspot\src\share\vm\prims\jni.cpp, line 709]
Event: 105.079 Thread 0x000001f4737e4000 Exception <a 'java/io/FileNotFoundException'> (0x00000007bd5926d8) thrown at [C:\re\workspace\8-2-build-windows-amd64-cygwin\jdk8u112\7884\hotspot\src\share\vm\prims\jni.cpp, line 709]
Event: 109.863 Thread 0x000001f4737e4000 Exception <a 'java/io/FileNotFoundException'> (0x00000007be375980) thrown at [C:\re\workspace\8-2-build-windows-amd64-cygwin\jdk8u112\7884\hotspot\src\share\vm\prims\jni.cpp, line 709]
Event: 109.983 Thread 0x000001f4737e4000 Exception <a 'java/io/FileNotFoundException'> (0x00000007be3a5430) thrown at [C:\re\workspace\8-2-build-windows-amd64-cygwin\jdk8u112\7884\hotspot\src\share\vm\prims\jni.cpp, line 709]
Event: 110.080 Thread 0x000001f4737e4000 Exception <a 'java/io/FileNotFoundException'> (0x00000007be3b5460) thrown at [C:\re\workspace\8-2-build-windows-amd64-cygwin\jdk8u112\7884\hotspot\src\share\vm\prims\jni.cpp, line 709]

Events (10 events):
Event: 111.272 Thread 0x000001f4737e4000 DEOPT UNPACKING pc=0x000001f4595d5832 sp=0x00000043a13fd528 mode 2
Event: 111.273 Thread 0x000001f4737e4000 Uncommon trap: trap_request=0xffffffde fr.pc=0x000001f45b47b250
Event: 111.273 Thread 0x000001f4737e4000 DEOPT PACKING pc=0x000001f45b47b250 sp=0x00000043a13fd6d0
Event: 111.273 Thread 0x000001f4737e4000 DEOPT UNPACKING pc=0x000001f4595d5832 sp=0x00000043a13fd688 mode 2
Event: 111.285 Thread 0x000001f4737e4000 Uncommon trap: trap_request=0xffffffde fr.pc=0x000001f45aeb53bc
Event: 111.285 Thread 0x000001f4737e4000 DEOPT PACKING pc=0x000001f45aeb53bc sp=0x00000043a13fef10
Event: 111.285 Thread 0x000001f4737e4000 DEOPT UNPACKING pc=0x000001f4595d5832 sp=0x00000043a13fed20 mode 2
Event: 111.297 Thread 0x000001f471f1e000 Uncommon trap: trap_request=0xffffffde fr.pc=0x000001f4598c59a4
Event: 111.297 Thread 0x000001f471f1e000 DEOPT PACKING pc=0x000001f4598c59a4 sp=0x000000439f5fe240
Event: 111.297 Thread 0x000001f471f1e000 DEOPT UNPACKING pc=0x000001f4595d5832 sp=0x000000439f5fe1f0 mode 2


Dynamic libraries:
0x00007ff62b9e0000 - 0x00007ff62ba10000 	E:\Vivado\2018.2\bin\unwrapped\win64.o\vivado.exe
0x00007ff809030000 - 0x00007ff809228000 	C:\Windows\SYSTEM32\ntdll.dll
0x00007ff808bd0000 - 0x00007ff808c92000 	C:\Windows\System32\KERNEL32.DLL
0x00007ff806a90000 - 0x00007ff806d86000 	C:\Windows\System32\KERNELBASE.dll
0x00007ff8066c0000 - 0x00007ff8067c0000 	C:\Windows\System32\ucrtbase.dll
0x00007fffc4380000 - 0x00007fffc5199000 	E:\Vivado\2018.2\lib\win64.o\librdi_common.dll
0x00007ff800ad0000 - 0x00007ff800ae4000 	E:\Vivado\2018.2\lib\win64.o\librdi_commonmain.dll
0x00007ff800ab0000 - 0x00007ff800ac4000 	E:\Vivado\2018.2\lib\win64.o\libboost_signals.dll
0x00007ff808ca0000 - 0x00007ff808e3d000 	C:\Windows\System32\USER32.dll
0x00007fffc7d80000 - 0x00007fffc7e0d000 	C:\Windows\SYSTEM32\MSVCP140.dll
0x00007ff8067f0000 - 0x00007ff806812000 	C:\Windows\System32\win32u.dll
0x00007ff808260000 - 0x00007ff80828b000 	C:\Windows\System32\GDI32.dll
0x00007ffff1960000 - 0x00007ffff197e000 	C:\Windows\SYSTEM32\VCRUNTIME140.dll
0x00007ff806e90000 - 0x00007ff806faa000 	C:\Windows\System32\gdi32full.dll
0x00007ff806fb0000 - 0x00007ff80704d000 	C:\Windows\System32\msvcp_win.dll
0x00007fffcf190000 - 0x00007fffcf4fe000 	E:\Vivado\2018.2\lib\win64.o\libCOIN-all.dll
0x00007ff808070000 - 0x00007ff80811f000 	C:\Windows\System32\ADVAPI32.dll
0x00007ff8081c0000 - 0x00007ff80825e000 	C:\Windows\System32\msvcrt.dll
0x00007ff808120000 - 0x00007ff8081bf000 	C:\Windows\System32\sechost.dll
0x00007ff807e40000 - 0x00007ff807f63000 	C:\Windows\System32\RPCRT4.dll
0x00007fffdb400000 - 0x00007fffdb6b5000 	E:\Vivado\2018.2\lib\win64.o\libXil_lmgr11.dll
0x00007ff8067c0000 - 0x00007ff8067e7000 	C:\Windows\System32\bcrypt.dll
0x00007ff807c80000 - 0x00007ff807d5a000 	C:\Windows\System32\COMDLG32.dll
0x00007ff808300000 - 0x00007ff808a6f000 	C:\Windows\System32\SHELL32.dll
0x00007ff8078c0000 - 0x00007ff807c15000 	C:\Windows\System32\combase.dll
0x00007ff800a60000 - 0x00007ff800a74000 	E:\Vivado\2018.2\lib\win64.o\libboost_date_time.dll
0x00007ff808b20000 - 0x00007ff808bcd000 	C:\Windows\System32\shcore.dll
0x00007ff807de0000 - 0x00007ff807e35000 	C:\Windows\System32\SHLWAPI.dll
0x00007ff800a80000 - 0x00007ff800aa6000 	E:\Vivado\2018.2\lib\win64.o\libboost_filesystem.dll
0x00007fffe9540000 - 0x00007fffe9654000 	E:\Vivado\2018.2\lib\win64.o\libboost_regex.dll
0x00007ff8009e0000 - 0x00007ff800a5f000 	E:\Vivado\2018.2\lib\win64.o\libboost_program_options.dll
0x00007ff807620000 - 0x00007ff8076ed000 	C:\Windows\System32\OLEAUT32.dll
0x00007ff807070000 - 0x00007ff80719b000 	C:\Windows\System32\ole32.dll
0x00007ff8034c0000 - 0x00007ff8034cb000 	E:\Vivado\2018.2\lib\win64.o\libboost_system.dll
0x00007ff808290000 - 0x00007ff8082fb000 	C:\Windows\System32\WS2_32.dll
0x00007ff806980000 - 0x00007ff8069f3000 	C:\Windows\System32\WINTRUST.dll
0x00007ffff7160000 - 0x00007ffff7181000 	E:\Vivado\2018.2\lib\win64.o\libboost_thread.dll
0x00007ff806820000 - 0x00007ff80697d000 	C:\Windows\System32\CRYPT32.dll
0x00007ff802fc0000 - 0x00007ff802fcf000 	E:\Vivado\2018.2\lib\win64.o\libboost_xilinx.dll
0x00007ffff0070000 - 0x00007ffff00f2000 	E:\Vivado\2018.2\lib\win64.o\libhdlpsolve.dll
0x00007fffdf1d0000 - 0x00007fffdf275000 	E:\Vivado\2018.2\lib\win64.o\libhdxml.dll
0x00007ff803610000 - 0x00007ff80361a000 	E:\Vivado\2018.2\lib\win64.o\librdi_commonversion.dll
0x00007fffeab30000 - 0x00007fffeac51000 	E:\Vivado\2018.2\lib\win64.o\librdi_commonxillic.dll
0x0000000053600000 - 0x000000005372b000 	E:\Vivado\2018.2\lib\win64.o\tcl85t.dll
0x00007ffff41c0000 - 0x00007ffff41ee000 	E:\Vivado\2018.2\lib\win64.o\libisl_sysinfo.dll
0x00007fffc3ac0000 - 0x00007fffc4373c00 	E:\Vivado\2018.2\lib\win64.o\libisl_iostreams.dll
0x00007fffe7530000 - 0x00007fffe7595000 	E:\Vivado\2018.2\lib\win64.o\liblmx6.0.dll
0x0000000052d60000 - 0x00000000535fa000 	E:\Vivado\2018.2\tps\win64\jre\bin\server\jvm.dll
0x00007ff8009c0000 - 0x00007ff8009da000 	E:\Vivado\2018.2\lib\win64.o\pthreadVC2.dll
0x00007fffdca20000 - 0x00007fffdcb71000 	E:\Vivado\2018.2\lib\win64.o\librdi_curl.dll
0x00007ffff2610000 - 0x00007ffff262c000 	E:\Vivado\2018.2\lib\win64.o\librdiconfig.dll
0x00007ffff2170000 - 0x00007ffff2191000 	E:\Vivado\2018.2\lib\win64.o\librdizlib.dll
0x00007ff807050000 - 0x00007ff807058000 	C:\Windows\System32\PSAPI.DLL
0x0000000012000000 - 0x0000000012272000 	E:\Vivado\2018.2\lib\win64.o\xerces-c_3_1.dll
0x00007fffc7d70000 - 0x00007fffc7d7c000 	C:\Windows\SYSTEM32\VCRUNTIME140_1.dll
0x00007fffeef40000 - 0x00007fffeef59000 	C:\Windows\SYSTEM32\NETAPI32.dll
0x00007ffff4650000 - 0x00007ffff4b27000 	C:\Windows\SYSTEM32\WININET.dll
0x00007ffffd6e0000 - 0x00007ffffd7ea000 	C:\Windows\SYSTEM32\WINHTTP.dll
0x00007ffff8bd0000 - 0x00007ffff8dc1000 	C:\Windows\SYSTEM32\urlmon.dll
0x00007ffff0dd0000 - 0x00007ffff0dd9000 	C:\Windows\SYSTEM32\WSOCK32.dll
0x00007fffc2c20000 - 0x00007fffc3ab1000 	E:\Vivado\2018.2\lib\win64.o\gurobi65.dll
0x00007ffff2140000 - 0x00007ffff2170000 	C:\Windows\SYSTEM32\VCOMP140.DLL
0x00007ffff3140000 - 0x00007ffff31f0000 	C:\Windows\WinSxS\amd64_microsoft.windows.common-controls_6595b64144ccf1df_5.82.19041.4355_none_792ecafd2442822f\COMCTL32.dll
0x00007ff800140000 - 0x00007ff80015d000 	C:\Windows\SYSTEM32\dhcpcsvc.DLL
0x00007ff802e10000 - 0x00007ff802e1d000 	E:\Vivado\2018.2\lib\win64.o\libboost_chrono.dll
0x00007fffe9510000 - 0x00007fffe9535000 	E:\Vivado\2018.2\lib\win64.o\libisl_iosutils.dll
0x00007ffff6400000 - 0x00007ffff6427000 	C:\Windows\SYSTEM32\WINMM.dll
0x00007ffff69f0000 - 0x00007ffff69fa000 	C:\Windows\SYSTEM32\VERSION.dll
0x0000000053800000 - 0x00000000538d2000 	C:\Windows\SYSTEM32\MSVCR100.dll
0x00007ffff99b0000 - 0x00007ffff9c6f000 	C:\Windows\SYSTEM32\iertutil.dll
0x00007ffff9980000 - 0x00007ffff99a8000 	C:\Windows\SYSTEM32\srvcli.dll
0x00007ff805c00000 - 0x00007ff805c0c000 	C:\Windows\SYSTEM32\netutils.dll
0x00007ff804700000 - 0x00007ff804ea3000 	C:\Windows\SYSTEM32\windows.storage.dll
0x00007ffff1d10000 - 0x00007ffff1d2b000 	E:\Vivado\2018.2\lib\win64.o\libboost_iostreams.dll
0x00007ff806010000 - 0x00007ff80603b000 	C:\Windows\SYSTEM32\Wldp.dll
0x00007ff808af0000 - 0x00007ff808b1f000 	C:\Windows\System32\IMM32.DLL
0x00007ff8063a0000 - 0x00007ff8063b2000 	C:\Windows\SYSTEM32\MSASN1.dll
0x00007ff804500000 - 0x00007ff804512000 	C:\Windows\SYSTEM32\kernel.appcore.dll
0x00007fffc8850000 - 0x00007fffc8cdc000 	E:\Vivado\2018.2\lib\win64.o\librdi_commontasks.dll
0x00007fffd8e30000 - 0x00007fffd90a7000 	E:\Vivado\2018.2\lib\win64.o\librdi_sio.dll
0x00007ff805aa0000 - 0x00007ff805adb000 	C:\Windows\SYSTEM32\IPHLPAPI.DLL
0x00007fffae630000 - 0x00007fffb082f000 	E:\Vivado\2018.2\lib\win64.o\librdi_tcltasks.dll
0x00007fffc8d10000 - 0x00007fffc90e5000 	E:\Vivado\2018.2\lib\win64.o\librdi_bitstream.dll
0x00007fffd69f0000 - 0x00007fffd6b6e000 	E:\Vivado\2018.2\lib\win64.o\librdi_board.dll
0x00007fffe1320000 - 0x00007fffe138a000 	E:\Vivado\2018.2\lib\win64.o\librdi_boarddep.dll
0x00007fffacdd0000 - 0x00007fffae629000 	E:\Vivado\2018.2\lib\win64.o\librdi_constraints.dll
0x00007fffd5800000 - 0x00007fffd5928000 	E:\Vivado\2018.2\lib\win64.o\librdi_containers.dll
0x00007fffcec50000 - 0x00007fffcee97000 	E:\Vivado\2018.2\lib\win64.o\librdi_chipscope.dll
0x00007fffa7340000 - 0x00007fffa9051000 	E:\Vivado\2018.2\lib\win64.o\librdi_coregen.dll
0x00007fffa9060000 - 0x00007fffacdc2000 	E:\Vivado\2018.2\lib\win64.o\librdi_designutils.dll
0x00007fff774f0000 - 0x00007fff85ce8000 	E:\Vivado\2018.2\lib\win64.o\librdi_device.dll
0x00007fffa6c60000 - 0x00007fffa7339000 	E:\Vivado\2018.2\lib\win64.o\librdi_coregenipxact.dll
0x00007fffce1e0000 - 0x00007fffce4f8000 	E:\Vivado\2018.2\lib\win64.o\librdi_dlyest.dll
0x00007fffc26d0000 - 0x00007fffc2c11000 	E:\Vivado\2018.2\lib\win64.o\librdi_drc.dll
0x00007fffd4750000 - 0x00007fffd4812000 	E:\Vivado\2018.2\lib\win64.o\librdi_dsp.dll
0x00007fffc2090000 - 0x00007fffc26c1000 	E:\Vivado\2018.2\lib\win64.o\librdi_filemgmt.dll
0x00007fffc5890000 - 0x00007fffc5b61000 	E:\Vivado\2018.2\lib\win64.o\librdi_guitools.dll
0x00007fffe0f40000 - 0x00007fffe0f98000 	E:\Vivado\2018.2\lib\win64.o\librdi_hdf.dll
0x00007fffa5a20000 - 0x00007fffa6c54000 	E:\Vivado\2018.2\lib\win64.o\librdi_implflow.dll
0x00007fffa53c0000 - 0x00007fffa5a11000 	E:\Vivado\2018.2\lib\win64.o\librdi_memdata.dll
0x00007fffa1700000 - 0x00007fffa4f0a000 	E:\Vivado\2018.2\lib\win64.o\librdi_mig.dll
0x00007fffa4f10000 - 0x00007fffa53b2000 	E:\Vivado\2018.2\lib\win64.o\librdi_netlist.dll
0x00007fffdcc10000 - 0x00007fffdcc59000 	E:\Vivado\2018.2\lib\win64.o\librdi_pfi.dll
0x00007fff9ec70000 - 0x00007fffa100e000 	E:\Vivado\2018.2\lib\win64.o\librdi_place.dll
0x00007fffc6560000 - 0x00007fffc67ea000 	E:\Vivado\2018.2\lib\win64.o\librdi_platform.dll
0x00007fffa1010000 - 0x00007fffa16fc000 	E:\Vivado\2018.2\lib\win64.o\librdi_power.dll
0x00007fff9e730000 - 0x00007fff9ec6d000 	E:\Vivado\2018.2\lib\win64.o\librdi_project.dll
0x00007fff9da00000 - 0x00007fff9e0e1000 	E:\Vivado\2018.2\lib\win64.o\librdi_psta.dll
0x00007fff9e0f0000 - 0x00007fff9e72e000 	E:\Vivado\2018.2\lib\win64.o\librdi_rsb.dll
0x00007fff9d630000 - 0x00007fff9d9f3000 	E:\Vivado\2018.2\lib\win64.o\librdi_runs.dll
0x00007fffd4670000 - 0x00007fffd4747000 	E:\Vivado\2018.2\lib\win64.o\librdi_runsbase.dll
0x00007fffc7e60000 - 0x00007fffc8086000 	E:\Vivado\2018.2\lib\win64.o\librdi_simdata.dll
0x00007fff9b7a0000 - 0x00007fff9c4bd000 	E:\Vivado\2018.2\lib\win64.o\librdi_timing.dll
0x00007fffd3c70000 - 0x00007fffd3d3b000 	E:\Vivado\2018.2\lib\win64.o\librdi_xhub.dll
0x00007fffdcbc0000 - 0x00007fffdcc0c000 	E:\Vivado\2018.2\lib\win64.o\libboost_serialization.dll
0x00007fffd3bc0000 - 0x00007fffd3c6f000 	E:\Vivado\2018.2\lib\win64.o\librdi_hip_devdesign.dll
0x00007fffda870000 - 0x00007fffda8d6000 	E:\Vivado\2018.2\lib\win64.o\librdi_ipconfig_readwrite.dll
0x00007fffe11b0000 - 0x00007fffe11e8000 	E:\Vivado\2018.2\lib\win64.o\librdi_noc_frameworks.dll
0x00007fff9cb30000 - 0x00007fff9d623000 	E:\Vivado\2018.2\lib\win64.o\libverific.dll
0x00007fffd6950000 - 0x00007fffd69ee000 	E:\Vivado\2018.2\lib\win64.o\libise.dll
0x00007fffd8da0000 - 0x00007fffd8e28000 	E:\Vivado\2018.2\lib\win64.o\librdi_hip_config.dll
0x00007fff9b250000 - 0x00007fff9b79e000 	E:\Vivado\2018.2\lib\win64.o\librdi_xdm.dll
0x00007fff9aca0000 - 0x00007fff9b241000 	E:\Vivado\2018.2\lib\win64.o\librdi_wavedata.dll
0x00007fffdc850000 - 0x00007fffdc899000 	E:\Vivado\2018.2\lib\win64.o\librdi_wavedata_SimpleApi.dll
0x00007fff97fb0000 - 0x00007fff98ea1000 	E:\Vivado\2018.2\lib\win64.o\librdi_route.dll
0x00007fff98eb0000 - 0x00007fff9ac92000 	E:\Vivado\2018.2\lib\win64.o\librdi_synth.dll
0x00007fff97d60000 - 0x00007fff97fa3000 	E:\Vivado\2018.2\lib\win64.o\librdi_hsm.dll
0x00007fff97790000 - 0x00007fff97d52000 	E:\Vivado\2018.2\lib\win64.o\librdi_abc_nomp.dll

VM Arguments:
jvm_args: -Dsun.java2d.pmoffscreen=false -Dsun.java2d.xrender=false -Dsun.java2d.d3d=false -Dsun.awt.nopixfmt=true -Xverify:none -Dswing.aatext=true -XX:-UsePerfData -Djdk.map.althashing.threshold=512 -XX:StringTableSize=4072 -XX:NewSize=60m -XX:MaxNewSize=60m -Xms128m -Xmx3072m -Xss5m 
java_command: <unknown>
java_class_path (initial): E:/Vivado/2018.2\lib\classes\alloy.jar;E:/Vivado/2018.2\lib\classes\autopilot.scelaborator.jar;E:/Vivado/2018.2\lib\classes\autopilot.sourceprocessor.jar;E:/Vivado/2018.2\lib\classes\autopilot.tbprocessor.jar;E:/Vivado/2018.2\lib\classes\batik-anim.jar;E:/Vivado/2018.2\lib\classes\batik-awt-util.jar;E:/Vivado/2018.2\lib\classes\batik-bridge.jar;E:/Vivado/2018.2\lib\classes\batik-codec.jar;E:/Vivado/2018.2\lib\classes\batik-css.jar;E:/Vivado/2018.2\lib\classes\batik-dom.jar;E:/Vivado/2018.2\lib\classes\batik-ext.jar;E:/Vivado/2018.2\lib\classes\batik-gui-util.jar;E:/Vivado/2018.2\lib\classes\batik-gvt.jar;E:/Vivado/2018.2\lib\classes\batik-parser.jar;E:/Vivado/2018.2\lib\classes\batik-script.jar;E:/Vivado/2018.2\lib\classes\batik-svg-dom.jar;E:/Vivado/2018.2\lib\classes\batik-swing.jar;E:/Vivado/2018.2\lib\classes\batik-transcoder.jar;E:/Vivado/2018.2\lib\classes\batik-util.jar;E:/Vivado/2018.2\lib\classes\batik-xml.jar;E:/Vivado/2018.2\lib\classes\com.ibm.icu_4.4.2.v20110208.jar;E:/Vivado/2018.2\lib\classes\commons-collections4-4.1.jar;E:/Vivado/2018.2\lib\classes\commons-math-2.2.jar;E:/Vivado/2018.2\lib\classes\dom4j-1.6.1.jar;E:/Vivado/2018.2\lib\classes\guava-18.0.jar;E:/Vivado/2018.2\lib\classes\help.jar;E:/Vivado/2018.2\lib\classes\hsqldb.jar;E:/Vivado/2018.2\lib\classes\jargs.jar;E:/Vivado/2018.2\lib\classes\jh.jar;E:/Vivado/2018.2\lib\classes\jide-action.jar;E:/Vivado/2018.2\lib\classes\jide-charts.jar;E:/Vivado/2018.2\lib\classes\jide-common.jar;E:/Vivado/2018.2\lib\classes\jide-components.jar;E:/Vivado/2018.2\lib\classes\jide-dashboard.jar;E:/Vivado/2018.2\lib\classes\jide-data.jar;E:/Vivado/2018.2\lib\classes\jide-dialogs.jar;E:/Vivado/2018.2\lib\classes\jide-diff.jar;E:/Vivado/2018.2\lib\classes\jide-dock.jar;E:/Vivado/2018.2\lib\classes\jide-editor.jar;E:/Vivado/2018.2\lib\classes\jide-gantt.jar;E:/Vivado/2018.2\lib\classes\jide-grids.jar;E:/Vivado/2018.2\lib\classes\jide-pivot.jar;E:/Vivado/2018.2\lib\classes\jide-plaf-jdk7
Launcher Type: generic

Environment Variables:
PATH=E:/Vivado/2018.2/bin;E:/Vivado/2018.2/lib/win64.o;E:/Vivado/2018.2/tps/win64/jre/bin/server;E:/Vivado/2018.2/tps/win64/jre/bin;E:/SDK/2018.2/bin;E:/Vivado/2018.2/ids_lite/ISE/bin/nt64;E:/Vivado/2018.2/ids_lite/ISE/lib/nt64;C:\Windows\system32;C:\Windows;C:\Windows\System32\Wbem;C:\Windows\System32\WindowsPowerShell\v1.0\;C:\Windows\System32\OpenSSH\;C:\Program Files\Git\cmd;C:\Users\Wasif Hassan\AppData\Local\Programs\Python\Python313\Scripts\;C:\Users\Wasif Hassan\AppData\Local\Programs\Python\Python313\;C:\Users\Wasif Hassan\AppData\Local\Programs\Python\Launcher\;C:\Users\Wasif Hassan\AppData\Local\Microsoft\WindowsApps;C:\Users\Wasif Hassan\AppData\Local\Programs\Microsoft VS Code\bin;C:\Users\Wasif Hassan\AppData\Local\GitHubDesktop\bin;E:/Vivado/2018.2\tps\mingw\6.2.0\win64.o\nt\bin;E:/Vivado/2018.2\tps\mingw\6.2.0\win64.o\nt\libexec\gcc\x86_64-w64-mingw32\6.2.0
USERNAME=Amir Leelya
OS=Windows_NT
PROCESSOR_IDENTIFIER=Intel64 Family 6 Model 61 Stepping 4, GenuineIntel



---------------  S Y S T E M  ---------------

OS: Windows 10.0 , 64 bit Build 19041 (10.0.19041.5678)

CPU:total 4 (2 cores per cpu, 2 threads per core) family 6 model 61 stepping 4, cmov, cx8, fxsr, mmx, sse, sse2, sse3, ssse3, sse4.1, sse4.2, popcnt, avx, avx2, aes, clmul, erms, rtm, 3dnowpref, lzcnt, ht, tsc, tscinvbit, bmi1, bmi2, adx

Memory: 4k page, physical 8260716k(714604k free), swap 18014440k(5252k free)

vm_info: Java HotSpot(TM) 64-Bit Server VM (25.112-b15) for windows-amd64 JRE (1.8.0_112-b15), built on Sep 22 2016 21:31:56 by "java_re" with MS VC++ 10.0 (VS2010)

time: Wed Apr 16 19:50:15 2025
elapsed time: 113 seconds (0d 0h 1m 53s)

