#
# There is insufficient memory for the Java Runtime Environment to continue.
# Native memory allocation (malloc) failed to allocate 810816 bytes for Chunk::new
# Possible reasons:
#   The system is out of physical RAM or swap space
#   In 32 bit mode, the process size limit was hit
# Possible solutions:
#   Reduce memory load on the system
#   Increase physical memory or swap space
#   Check if swap backing store is full
#   Use 64 bit Java on a 64 bit OS
#   Decrease Java heap size (-Xmx/-Xms)
#   Decrease number of Java threads
#   Decrease Java thread stack sizes (-Xss)
#   Set larger code cache with -XX:ReservedCodeCacheSize=
# This output file may be truncated or incomplete.
#
#  Out of Memory Error (allocation.cpp:390), pid=7100, tid=0x000000000000192c
#
# JRE version: Java(TM) SE Runtime Environment (8.0_112-b15) (build 1.8.0_112-b15)
# Java VM: Java HotSpot(TM) 64-Bit Server VM (25.112-b15 mixed mode windows-amd64 compressed oops)
# Failed to write core dump. Minidumps are not enabled by default on client versions of Windows
#

---------------  T H R E A D  ---------------

Current thread (0x000001aff7561800):  JavaThread "C2 CompilerThread1" daemon [_thread_in_native, id=6444, stack(0x00000083a0a00000,0x00000083a0b00000)]

Stack: [0x00000083a0a00000,0x00000083a0b00000]
[error occurred during error reporting (printing stack bounds), id 0xc0000005]

Native frames: (J=compiled Java code, j=interpreted, Vv=VM code, C=native code)


Current CompileTask:
C2:   9624 4505   !   4       java.net.URL::<init> (543 bytes)


---------------  P R O C E S S  ---------------

Java Threads: ( => current thread )
  0x000001affad2f800 JavaThread "Image Fetcher 0" daemon [_thread_blocked, id=7284, stack(0x00000083a4400000,0x00000083a4900000)]
  0x000001affad2d000 JavaThread "SyntheticaCleanerThread" daemon [_thread_blocked, id=6440, stack(0x00000083a3f00000,0x00000083a4400000)]
  0x000001aff8f25800 JavaThread "Image Fetcher 3" daemon [_thread_blocked, id=10140, stack(0x00000083a3a00000,0x00000083a3f00000)]
  0x000001affaa04800 JavaThread "Batik CleanerThread" daemon [_thread_blocked, id=14672, stack(0x00000083a3000000,0x00000083a3500000)]
  0x000001aff8f7a000 JavaThread "Process Messages" [_thread_blocked, id=4192, stack(0x00000083a3500000,0x00000083a3a00000)]
  0x000001affa7e0800 JavaThread "Thread-3" [_thread_blocked, id=11012, stack(0x000000839d800000,0x000000839ec00000)]
  0x000001affa60c000 JavaThread "AWT-EventQueue-0" [_thread_in_vm, id=16056, stack(0x00000083a2b00000,0x00000083a3000000)]
  0x000001affa4c3800 JavaThread "Thread-2" daemon [_thread_blocked, id=13760, stack(0x00000083a2600000,0x00000083a2b00000)]
  0x000001aff8e14000 JavaThread "AWT-Windows" daemon [_thread_in_native, id=7056, stack(0x00000083a2100000,0x00000083a2600000)]
  0x000001aff8e13800 JavaThread "AWT-Shutdown" [_thread_blocked, id=7988, stack(0x00000083a1c00000,0x00000083a2100000)]
  0x000001aff8eb3000 JavaThread "Java2D Disposer" daemon [_thread_blocked, id=7048, stack(0x00000083a1700000,0x00000083a1c00000)]
  0x000001aff8dff800 JavaThread "TimerQueue" daemon [_thread_blocked, id=10976, stack(0x00000083a1200000,0x00000083a1700000)]
  0x000001aff7571000 JavaThread "Service Thread" daemon [_thread_blocked, id=10984, stack(0x00000083a0c00000,0x00000083a1100000)]
  0x000001aff7567800 JavaThread "C1 CompilerThread2" daemon [_thread_in_native, id=15448, stack(0x00000083a0b00000,0x00000083a0c00000)]
=>0x000001aff7561800 JavaThread "C2 CompilerThread1" daemon [_thread_in_native, id=6444, stack(0x00000083a0a00000,0x00000083a0b00000)]
  0x000001aff7560000 JavaThread "C2 CompilerThread0" daemon [_thread_in_native, id=8372, stack(0x00000083a0900000,0x00000083a0a00000)]
  0x000001aff755e800 JavaThread "Attach Listener" daemon [_thread_blocked, id=6840, stack(0x00000083a0400000,0x00000083a0900000)]
  0x000001aff755d000 JavaThread "Signal Dispatcher" daemon [_thread_blocked, id=6104, stack(0x000000839ff00000,0x00000083a0400000)]
  0x000001aff7549800 JavaThread "Finalizer" daemon [_thread_blocked, id=12272, stack(0x000000839fa00000,0x000000839ff00000)]
  0x000001aff7523000 JavaThread "Reference Handler" daemon [_thread_blocked, id=976, stack(0x000000839f500000,0x000000839fa00000)]
  0x000001afe0394000 JavaThread "main" [_thread_blocked, id=9484, stack(0x000000839ef00000,0x000000839f000000)]

Other Threads:
  0x000001aff7521800 VMThread [stack: 0x000000839f400000,0x000000839f500000] [id=8460]
  0x000001aff75d6800 WatcherThread [stack: 0x00000083a1100000,0x00000083a1200000] [id=492]

VM state:not at safepoint (normal execution)

VM Mutex/Monitor currently owned by a thread: None

Heap:
 PSYoungGen      total 53760K, used 28318K [0x00000007bc400000, 0x00000007c0000000, 0x00000007c0000000)
  eden space 46080K, 61% used [0x00000007bc400000,0x00000007bdfa7a38,0x00000007bf100000)
  from space 7680K, 0% used [0x00000007bf880000,0x00000007bf880000,0x00000007c0000000)
  to   space 7680K, 0% used [0x00000007bf100000,0x00000007bf100000,0x00000007bf880000)
 ParOldGen       total 159744K, used 24545K [0x0000000700000000, 0x0000000709c00000, 0x00000007bc400000)
  object space 159744K, 15% used [0x0000000700000000,0x00000007017f86c8,0x0000000709c00000)
 Metaspace       used 37371K, capacity 37632K, committed 38144K, reserved 1083392K
  class space    used 4691K, capacity 4785K, committed 4864K, reserved 1048576K

Card table byte_map: [0x000001afef850000,0x000001afefe60000] byte_map_base: 0x000001afec050000

Marking Bits: (ParMarkBitMap*) 0x000000005357a6d0
 Begin Bits: [0x000001aff0450000, 0x000001aff3450000)
 End Bits:   [0x000001aff3450000, 0x000001aff6450000)

Polling page: 0x000001afd70a0000

CodeCache: size=245760Kb used=13847Kb max_used=13847Kb free=231912Kb
 bounds [0x000001afe0490000, 0x000001afe1230000, 0x000001afef490000]
 total_blobs=4858 nmethods=4136 adapters=632
 compilation: enabled

Compilation events (10 events):
Event: 9.610 Thread 0x000001aff7567800 4636       3       org.apache.batik.parser.AWTPathProducer::arcAbs (39 bytes)
Event: 9.610 Thread 0x000001aff7567800 nmethod 4636 0x000001afe1215e50 code [0x000001afe1215fc0, 0x000001afe1216190]
Event: 9.610 Thread 0x000001aff7567800 4637       3       org.apache.batik.dom.svg.AbstractSVGPathSegList$SVGPathSegLinetoHorizontalItem::<init> (19 bytes)
Event: 9.611 Thread 0x000001aff7567800 nmethod 4637 0x000001afe1216290 code [0x000001afe1216400, 0x000001afe12166d8]
Event: 9.611 Thread 0x000001aff7567800 4638       3       org.apache.batik.dom.svg.AbstractSVGPathSegList$SVGPathSegLinetoHorizontalItem::getX (5 bytes)
Event: 9.611 Thread 0x000001aff7567800 nmethod 4638 0x000001afe1216850 code [0x000001afe12169a0, 0x000001afe1216af8]
Event: 9.615 Thread 0x000001aff7567800 4641       3       com.sun.org.apache.xerces.internal.impl.XMLDocumentFragmentScannerImpl::scanDocument (342 bytes)
Event: 9.618 Thread 0x000001aff7567800 nmethod 4641 0x000001afe1217310 code [0x000001afe12176a0, 0x000001afe12194e0]
Event: 9.618 Thread 0x000001aff7560000 4645       4       com.sun.org.apache.xerces.internal.impl.XMLNSDocumentScannerImpl::scanAttribute (824 bytes)
Event: 9.618 Thread 0x000001aff7567800 4642       3       org.apache.batik.dom.svg.SVGAnimatedPathDataSupport::handlePathSegList (842 bytes)

GC Heap History (10 events):
Event: 4.420 GC heap before
{Heap before GC invocations=2 (full 0):
 PSYoungGen      total 53760K, used 41519K [0x00000007bc400000, 0x00000007c0000000, 0x00000007c0000000)
  eden space 46080K, 73% used [0x00000007bc400000,0x00000007be510a20,0x00000007bf100000)
  from space 7680K, 99% used [0x00000007bf100000,0x00000007bf87b5a0,0x00000007bf880000)
  to   space 7680K, 0% used [0x00000007bf880000,0x00000007bf880000,0x00000007c0000000)
 ParOldGen       total 69632K, used 2230K [0x0000000700000000, 0x0000000704400000, 0x00000007bc400000)
  object space 69632K, 3% used [0x0000000700000000,0x000000070022daa0,0x0000000704400000)
 Metaspace       used 20979K, capacity 21140K, committed 21296K, reserved 1069056K
  class space    used 2295K, capacity 2381K, committed 2432K, reserved 1048576K
Event: 4.441 GC heap after
Heap after GC invocations=2 (full 0):
 PSYoungGen      total 53760K, used 7656K [0x00000007bc400000, 0x00000007c0000000, 0x00000007c0000000)
  eden space 46080K, 0% used [0x00000007bc400000,0x00000007bc400000,0x00000007bf100000)
  from space 7680K, 99% used [0x00000007bf880000,0x00000007bfffa2f8,0x00000007c0000000)
  to   space 7680K, 0% used [0x00000007bf100000,0x00000007bf100000,0x00000007bf880000)
 ParOldGen       total 69632K, used 9268K [0x0000000700000000, 0x0000000704400000, 0x00000007bc400000)
  object space 69632K, 13% used [0x0000000700000000,0x000000070090d018,0x0000000704400000)
 Metaspace       used 20979K, capacity 21140K, committed 21296K, reserved 1069056K
  class space    used 2295K, capacity 2381K, committed 2432K, reserved 1048576K
}
Event: 4.441 GC heap before
{Heap before GC invocations=3 (full 1):
 PSYoungGen      total 53760K, used 7656K [0x00000007bc400000, 0x00000007c0000000, 0x00000007c0000000)
  eden space 46080K, 0% used [0x00000007bc400000,0x00000007bc400000,0x00000007bf100000)
  from space 7680K, 99% used [0x00000007bf880000,0x00000007bfffa2f8,0x00000007c0000000)
  to   space 7680K, 0% used [0x00000007bf100000,0x00000007bf100000,0x00000007bf880000)
 ParOldGen       total 69632K, used 9268K [0x0000000700000000, 0x0000000704400000, 0x00000007bc400000)
  object space 69632K, 13% used [0x0000000700000000,0x000000070090d018,0x0000000704400000)
 Metaspace       used 20979K, capacity 21140K, committed 21296K, reserved 1069056K
  class space    used 2295K, capacity 2381K, committed 2432K, reserved 1048576K
Event: 4.511 GC heap after
Heap after GC invocations=3 (full 1):
 PSYoungGen      total 53760K, used 0K [0x00000007bc400000, 0x00000007c0000000, 0x00000007c0000000)
  eden space 46080K, 0% used [0x00000007bc400000,0x00000007bc400000,0x00000007bf100000)
  from space 7680K, 0% used [0x00000007bf880000,0x00000007bf880000,0x00000007c0000000)
  to   space 7680K, 0% used [0x00000007bf100000,0x00000007bf100000,0x00000007bf880000)
 ParOldGen       total 96768K, used 14633K [0x0000000700000000, 0x0000000705e80000, 0x00000007bc400000)
  object space 96768K, 15% used [0x0000000700000000,0x0000000700e4a758,0x0000000705e80000)
 Metaspace       used 20979K, capacity 21140K, committed 21296K, reserved 1069056K
  class space    used 2295K, capacity 2381K, committed 2432K, reserved 1048576K
}
Event: 6.670 GC heap before
{Heap before GC invocations=4 (full 1):
 PSYoungGen      total 53760K, used 46080K [0x00000007bc400000, 0x00000007c0000000, 0x00000007c0000000)
  eden space 46080K, 100% used [0x00000007bc400000,0x00000007bf100000,0x00000007bf100000)
  from space 7680K, 0% used [0x00000007bf880000,0x00000007bf880000,0x00000007c0000000)
  to   space 7680K, 0% used [0x00000007bf100000,0x00000007bf100000,0x00000007bf880000)
 ParOldGen       total 96768K, used 14633K [0x0000000700000000, 0x0000000705e80000, 0x00000007bc400000)
  object space 96768K, 15% used [0x0000000700000000,0x0000000700e4a758,0x0000000705e80000)
 Metaspace       used 29643K, capacity 29906K, committed 30208K, reserved 1075200K
  class space    used 3694K, capacity 3780K, committed 3840K, reserved 1048576K
Event: 6.677 GC heap after
Heap after GC invocations=4 (full 1):
 PSYoungGen      total 53760K, used 6383K [0x00000007bc400000, 0x00000007c0000000, 0x00000007c0000000)
  eden space 46080K, 0% used [0x00000007bc400000,0x00000007bc400000,0x00000007bf100000)
  from space 7680K, 83% used [0x00000007bf100000,0x00000007bf73be98,0x00000007bf880000)
  to   space 7680K, 0% used [0x00000007bf880000,0x00000007bf880000,0x00000007c0000000)
 ParOldGen       total 96768K, used 14641K [0x0000000700000000, 0x0000000705e80000, 0x00000007bc400000)
  object space 96768K, 15% used [0x0000000700000000,0x0000000700e4c758,0x0000000705e80000)
 Metaspace       used 29643K, capacity 29906K, committed 30208K, reserved 1075200K
  class space    used 3694K, capacity 3780K, committed 3840K, reserved 1048576K
}
Event: 8.221 GC heap before
{Heap before GC invocations=5 (full 1):
 PSYoungGen      total 53760K, used 48842K [0x00000007bc400000, 0x00000007c0000000, 0x00000007c0000000)
  eden space 46080K, 92% used [0x00000007bc400000,0x00000007bed76ce0,0x00000007bf100000)
  from space 7680K, 83% used [0x00000007bf100000,0x00000007bf73be98,0x00000007bf880000)
  to   space 7680K, 0% used [0x00000007bf880000,0x00000007bf880000,0x00000007c0000000)
 ParOldGen       total 96768K, used 14641K [0x0000000700000000, 0x0000000705e80000, 0x00000007bc400000)
  object space 96768K, 15% used [0x0000000700000000,0x0000000700e4c758,0x0000000705e80000)
 Metaspace       used 34839K, capacity 35087K, committed 35456K, reserved 1081344K
  class space    used 4288K, capacity 4362K, committed 4480K, reserved 1048576K
Event: 8.256 GC heap after
Heap after GC invocations=5 (full 1):
 PSYoungGen      total 53760K, used 7676K [0x00000007bc400000, 0x00000007c0000000, 0x00000007c0000000)
  eden space 46080K, 0% used [0x00000007bc400000,0x00000007bc400000,0x00000007bf100000)
  from space 7680K, 99% used [0x00000007bf880000,0x00000007bffff208,0x00000007c0000000)
  to   space 7680K, 0% used [0x00000007bf100000,0x00000007bf100000,0x00000007bf880000)
 ParOldGen       total 96768K, used 20964K [0x0000000700000000, 0x0000000705e80000, 0x00000007bc400000)
  object space 96768K, 21% used [0x0000000700000000,0x0000000701479378,0x0000000705e80000)
 Metaspace       used 34839K, capacity 35087K, committed 35456K, reserved 1081344K
  class space    used 4288K, capacity 4362K, committed 4480K, reserved 1048576K
}
Event: 8.256 GC heap before
{Heap before GC invocations=6 (full 2):
 PSYoungGen      total 53760K, used 7676K [0x00000007bc400000, 0x00000007c0000000, 0x00000007c0000000)
  eden space 46080K, 0% used [0x00000007bc400000,0x00000007bc400000,0x00000007bf100000)
  from space 7680K, 99% used [0x00000007bf880000,0x00000007bffff208,0x00000007c0000000)
  to   space 7680K, 0% used [0x00000007bf100000,0x00000007bf100000,0x00000007bf880000)
 ParOldGen       total 96768K, used 20964K [0x0000000700000000, 0x0000000705e80000, 0x00000007bc400000)
  object space 96768K, 21% used [0x0000000700000000,0x0000000701479378,0x0000000705e80000)
 Metaspace       used 34839K, capacity 35087K, committed 35456K, reserved 1081344K
  class space    used 4288K, capacity 4362K, committed 4480K, reserved 1048576K
Event: 8.400 GC heap after
Heap after GC invocations=6 (full 2):
 PSYoungGen      total 53760K, used 0K [0x00000007bc400000, 0x00000007c0000000, 0x00000007c0000000)
  eden space 46080K, 0% used [0x00000007bc400000,0x00000007bc400000,0x00000007bf100000)
  from space 7680K, 0% used [0x00000007bf880000,0x00000007bf880000,0x00000007c0000000)
  to   space 7680K, 0% used [0x00000007bf100000,0x00000007bf100000,0x00000007bf880000)
 ParOldGen       total 159744K, used 24545K [0x0000000700000000, 0x0000000709c00000, 0x00000007bc400000)
  object space 159744K, 15% used [0x0000000700000000,0x00000007017f86c8,0x0000000709c00000)
 Metaspace       used 34839K, capacity 35087K, committed 35456K, reserved 1081344K
  class space    used 4288K, capacity 4362K, committed 4480K, reserved 1048576K
}

Deoptimization events (10 events):
Event: 6.865 Thread 0x000001affa60c000 Uncommon trap: reason=predicate action=maybe_recompile pc=0x000001afe0e99cb0 method=java.util.StringTokenizer.skipDelimiters(I)I @ 17
Event: 6.865 Thread 0x000001affa60c000 Uncommon trap: reason=unstable_if action=reinterpret pc=0x000001afe0745be4 method=java.util.StringTokenizer.scanToken(I)I @ 96
Event: 6.865 Thread 0x000001affa60c000 Uncommon trap: reason=predicate action=maybe_recompile pc=0x000001afe0c59460 method=java.util.StringTokenizer.skipDelimiters(I)I @ 17
Event: 6.907 Thread 0x000001affa60c000 Uncommon trap: reason=unstable_if action=reinterpret pc=0x000001afe0d1bae8 method=sun.swing.plaf.synth.DefaultSynthStyle.getStateInfo(I)Lsun/swing/plaf/synth/DefaultSynthStyle$StateInfo; @ 188
Event: 7.222 Thread 0x000001affa60c000 Uncommon trap: reason=unstable_if action=reinterpret pc=0x000001afe0da4bc8 method=java.util.concurrent.ConcurrentHashMap.putVal(Ljava/lang/Object;Ljava/lang/Object;Z)Ljava/lang/Object; @ 195
Event: 7.431 Thread 0x000001affa60c000 Uncommon trap: reason=unstable_if action=reinterpret pc=0x000001afe08e7c6c method=java.util.regex.Pattern$Start.match(Ljava/util/regex/Matcher;ILjava/lang/CharSequence;)Z @ 10
Event: 7.894 Thread 0x000001affa60c000 Uncommon trap: reason=unstable_if action=reinterpret pc=0x000001afe07f8818 method=com.sun.org.apache.xerces.internal.utils.XMLLimitAnalyzer.addValue(ILjava/lang/String;I)V @ 78
Event: 9.305 Thread 0x000001affad2e000 Uncommon trap: reason=unstable_if action=reinterpret pc=0x000001afe0fd9394 method=org.apache.batik.ext.awt.image.GraphicsUtil.copyData_INT_PACK(Ljava/awt/image/Raster;Ljava/awt/image/WritableRaster;)V @ 258
Event: 9.408 Thread 0x000001affa60c000 Uncommon trap: reason=unstable_if action=reinterpret pc=0x000001afe0b9f170 method=sun.awt.image.ByteInterleavedRaster.putByteData(IIII[B)V @ 395
Event: 9.411 Thread 0x000001affa60c000 Uncommon trap: reason=unstable_if action=reinterpret pc=0x000001afe119771c method=java.awt.image.ComponentColorModel.extractComponent(Ljava/lang/Object;II)I @ 4

Internal exceptions (10 events):
Event: 0.868 Thread 0x000001afe0394000 Exception <a 'java/io/FileNotFoundException'> (0x00000007bc9ebba8) thrown at [C:\re\workspace\8-2-build-windows-amd64-cygwin\jdk8u112\7884\hotspot\src\share\vm\prims\jni.cpp, line 709]
Event: 0.923 Thread 0x000001afe0394000 Exception <a 'java/lang/NoSuchFieldError': method resolution failed> (0x00000007bcab8ce8) thrown at [C:\re\workspace\8-2-build-windows-amd64-cygwin\jdk8u112\7884\hotspot\src\share\vm\prims\methodHandles.cpp, line 1146]
Event: 0.925 Thread 0x000001afe0394000 Exception <a 'java/lang/NoSuchFieldError': method resolution failed> (0x00000007bcac60b8) thrown at [C:\re\workspace\8-2-build-windows-amd64-cygwin\jdk8u112\7884\hotspot\src\share\vm\prims\methodHandles.cpp, line 1146]
Event: 1.620 Thread 0x000001afe0394000 Implicit null exception at 0x000001afe062f591 to 0x000001afe062f78d
Event: 1.639 Thread 0x000001afe0394000 Exception <a 'java/io/FileNotFoundException'> (0x00000007bcff28d8) thrown at [C:\re\workspace\8-2-build-windows-amd64-cygwin\jdk8u112\7884\hotspot\src\share\vm\prims\jni.cpp, line 709]
Event: 2.666 Thread 0x000001aff8fec000 Implicit null exception at 0x000001afe086416f to 0x000001afe0864215
Event: 4.402 Thread 0x000001affa60c000 Implicit null exception at 0x000001afe0822ab5 to 0x000001afe0822cdd
Event: 4.417 Thread 0x000001affa60c000 Implicit null exception at 0x000001afe088dd0c to 0x000001afe088dd51
Event: 4.417 Thread 0x000001affa60c000 Implicit null exception at 0x000001afe0a9796f to 0x000001afe0a979d9
Event: 4.417 Thread 0x000001affa60c000 Implicit null exception at 0x000001afe0835258 to 0x000001afe08352e6

Events (10 events):
Event: 9.476 loading class org/apache/batik/dom/svg/SVGOMCircleElement
Event: 9.476 loading class org/apache/batik/dom/svg/SVGOMCircleElement done
Event: 9.478 loading class org/w3c/dom/svg/SVGCircleElement
Event: 9.478 loading class org/w3c/dom/svg/SVGCircleElement done
Event: 9.484 loading class java/awt/geom/Ellipse2D$Float
Event: 9.485 loading class java/awt/geom/Ellipse2D
Event: 9.486 loading class java/awt/geom/Ellipse2D done
Event: 9.486 loading class java/awt/geom/Ellipse2D$Float done
Event: 9.488 loading class java/awt/geom/EllipseIterator
Event: 9.488 loading class java/awt/geom/EllipseIterator done


Dynamic libraries:
0x00007ff62b9e0000 - 0x00007ff62ba10000 	E:\Vivado\2018.2\bin\unwrapped\win64.o\vivado.exe
0x00007ff809030000 - 0x00007ff809228000 	C:\Windows\SYSTEM32\ntdll.dll
0x00007ff808bd0000 - 0x00007ff808c92000 	C:\Windows\System32\KERNEL32.DLL
0x00007ff806a90000 - 0x00007ff806d86000 	C:\Windows\System32\KERNELBASE.dll
0x00007ff8066c0000 - 0x00007ff8067c0000 	C:\Windows\System32\ucrtbase.dll
0x00007fffc4380000 - 0x00007fffc5199000 	E:\Vivado\2018.2\lib\win64.o\librdi_common.dll
0x00007ff800ad0000 - 0x00007ff800ae4000 	E:\Vivado\2018.2\lib\win64.o\librdi_commonmain.dll
0x00007ff800ab0000 - 0x00007ff800ac4000 	E:\Vivado\2018.2\lib\win64.o\libboost_signals.dll
0x00007fffc7d80000 - 0x00007fffc7e0d000 	C:\Windows\SYSTEM32\MSVCP140.dll
0x00007ffff1960000 - 0x00007ffff197e000 	C:\Windows\SYSTEM32\VCRUNTIME140.dll
0x00007fffc7d70000 - 0x00007fffc7d7c000 	C:\Windows\SYSTEM32\VCRUNTIME140_1.dll
0x00007fffcf190000 - 0x00007fffcf4fe000 	E:\Vivado\2018.2\lib\win64.o\libCOIN-all.dll
0x00007ff808ca0000 - 0x00007ff808e3d000 	C:\Windows\System32\USER32.dll
0x00007fffdb400000 - 0x00007fffdb6b5000 	E:\Vivado\2018.2\lib\win64.o\libXil_lmgr11.dll
0x00007ff8067f0000 - 0x00007ff806812000 	C:\Windows\System32\win32u.dll
0x00007ff808260000 - 0x00007ff80828b000 	C:\Windows\System32\GDI32.dll
0x00007ff806e90000 - 0x00007ff806faa000 	C:\Windows\System32\gdi32full.dll
0x00007ff806fb0000 - 0x00007ff80704d000 	C:\Windows\System32\msvcp_win.dll
0x00007ff807c80000 - 0x00007ff807d5a000 	C:\Windows\System32\COMDLG32.dll
0x00007ff8081c0000 - 0x00007ff80825e000 	C:\Windows\System32\msvcrt.dll
0x00007ff800a60000 - 0x00007ff800a74000 	E:\Vivado\2018.2\lib\win64.o\libboost_date_time.dll
0x00007ff8078c0000 - 0x00007ff807c15000 	C:\Windows\System32\combase.dll
0x00007ff808070000 - 0x00007ff80811f000 	C:\Windows\System32\ADVAPI32.dll
0x00007ff807e40000 - 0x00007ff807f63000 	C:\Windows\System32\RPCRT4.dll
0x00007ff808120000 - 0x00007ff8081bf000 	C:\Windows\System32\sechost.dll
0x00007ff808b20000 - 0x00007ff808bcd000 	C:\Windows\System32\shcore.dll
0x00007ff8067c0000 - 0x00007ff8067e7000 	C:\Windows\System32\bcrypt.dll
0x00007ff807de0000 - 0x00007ff807e35000 	C:\Windows\System32\SHLWAPI.dll
0x00007ff808300000 - 0x00007ff808a6f000 	C:\Windows\System32\SHELL32.dll
0x00007ff800a80000 - 0x00007ff800aa6000 	E:\Vivado\2018.2\lib\win64.o\libboost_filesystem.dll
0x00007ff807620000 - 0x00007ff8076ed000 	C:\Windows\System32\OLEAUT32.dll
0x00007ff807070000 - 0x00007ff80719b000 	C:\Windows\System32\ole32.dll
0x00007ff808290000 - 0x00007ff8082fb000 	C:\Windows\System32\WS2_32.dll
0x00007ff806980000 - 0x00007ff8069f3000 	C:\Windows\System32\WINTRUST.dll
0x00007ff806820000 - 0x00007ff80697d000 	C:\Windows\System32\CRYPT32.dll
0x00007ff8009e0000 - 0x00007ff800a5f000 	E:\Vivado\2018.2\lib\win64.o\libboost_program_options.dll
0x00007fffe9540000 - 0x00007fffe9654000 	E:\Vivado\2018.2\lib\win64.o\libboost_regex.dll
0x00007ff803610000 - 0x00007ff80361a000 	E:\Vivado\2018.2\lib\win64.o\librdi_commonversion.dll
0x00007fffeab30000 - 0x00007fffeac51000 	E:\Vivado\2018.2\lib\win64.o\librdi_commonxillic.dll
0x0000000053600000 - 0x000000005372b000 	E:\Vivado\2018.2\lib\win64.o\tcl85t.dll
0x00007ff8034c0000 - 0x00007ff8034cb000 	E:\Vivado\2018.2\lib\win64.o\libboost_system.dll
0x00007ffff7160000 - 0x00007ffff7181000 	E:\Vivado\2018.2\lib\win64.o\libboost_thread.dll
0x00007ff802fc0000 - 0x00007ff802fcf000 	E:\Vivado\2018.2\lib\win64.o\libboost_xilinx.dll
0x00007ffff0070000 - 0x00007ffff00f2000 	E:\Vivado\2018.2\lib\win64.o\libhdlpsolve.dll
0x00007fffdf1d0000 - 0x00007fffdf275000 	E:\Vivado\2018.2\lib\win64.o\libhdxml.dll
0x00007fffc3ac0000 - 0x00007fffc4373c00 	E:\Vivado\2018.2\lib\win64.o\libisl_iostreams.dll
0x00007ffff41c0000 - 0x00007ffff41ee000 	E:\Vivado\2018.2\lib\win64.o\libisl_sysinfo.dll
0x0000000052d60000 - 0x00000000535fa000 	E:\Vivado\2018.2\tps\win64\jre\bin\server\jvm.dll
0x00007fffe7530000 - 0x00007fffe7595000 	E:\Vivado\2018.2\lib\win64.o\liblmx6.0.dll
0x00007ff8009c0000 - 0x00007ff8009da000 	E:\Vivado\2018.2\lib\win64.o\pthreadVC2.dll
0x00007ff807050000 - 0x00007ff807058000 	C:\Windows\System32\PSAPI.DLL
0x00007fffdca20000 - 0x00007fffdcb71000 	E:\Vivado\2018.2\lib\win64.o\librdi_curl.dll
0x00007ffff2610000 - 0x00007ffff262c000 	E:\Vivado\2018.2\lib\win64.o\librdiconfig.dll
0x00007ffff2170000 - 0x00007ffff2191000 	E:\Vivado\2018.2\lib\win64.o\librdizlib.dll
0x0000000012000000 - 0x0000000012272000 	E:\Vivado\2018.2\lib\win64.o\xerces-c_3_1.dll
0x00007fffeef40000 - 0x00007fffeef59000 	C:\Windows\SYSTEM32\NETAPI32.dll
0x00007ffff4650000 - 0x00007ffff4b27000 	C:\Windows\SYSTEM32\WININET.dll
0x00007ffffd6e0000 - 0x00007ffffd7ea000 	C:\Windows\SYSTEM32\WINHTTP.dll
0x00007ffff8bd0000 - 0x00007ffff8dc1000 	C:\Windows\SYSTEM32\urlmon.dll
0x00007ffff3140000 - 0x00007ffff31f0000 	C:\Windows\WinSxS\amd64_microsoft.windows.common-controls_6595b64144ccf1df_5.82.19041.4355_none_792ecafd2442822f\COMCTL32.dll
0x00007ffff0dd0000 - 0x00007ffff0dd9000 	C:\Windows\SYSTEM32\WSOCK32.dll
0x00007fffc2c20000 - 0x00007fffc3ab1000 	E:\Vivado\2018.2\lib\win64.o\gurobi65.dll
0x00007ffff2140000 - 0x00007ffff2170000 	C:\Windows\SYSTEM32\VCOMP140.DLL
0x00007ff800140000 - 0x00007ff80015d000 	C:\Windows\SYSTEM32\dhcpcsvc.DLL
0x00007ff802e10000 - 0x00007ff802e1d000 	E:\Vivado\2018.2\lib\win64.o\libboost_chrono.dll
0x00007ffff1d10000 - 0x00007ffff1d2b000 	E:\Vivado\2018.2\lib\win64.o\libboost_iostreams.dll
0x00007fffe9510000 - 0x00007fffe9535000 	E:\Vivado\2018.2\lib\win64.o\libisl_iosutils.dll
0x00007ffff69f0000 - 0x00007ffff69fa000 	C:\Windows\SYSTEM32\VERSION.dll
0x00007ffff6400000 - 0x00007ffff6427000 	C:\Windows\SYSTEM32\WINMM.dll
0x0000000053800000 - 0x00000000538d2000 	C:\Windows\SYSTEM32\MSVCR100.dll
0x00007ff805c00000 - 0x00007ff805c0c000 	C:\Windows\SYSTEM32\netutils.dll
0x00007ffff9980000 - 0x00007ffff99a8000 	C:\Windows\SYSTEM32\srvcli.dll
0x00007ffff99b0000 - 0x00007ffff9c6f000 	C:\Windows\SYSTEM32\iertutil.dll
0x00007ff804700000 - 0x00007ff804ea3000 	C:\Windows\SYSTEM32\windows.storage.dll
0x00007ff806010000 - 0x00007ff80603b000 	C:\Windows\SYSTEM32\Wldp.dll
0x00007ff808af0000 - 0x00007ff808b1f000 	C:\Windows\System32\IMM32.DLL
0x00007ff8063a0000 - 0x00007ff8063b2000 	C:\Windows\SYSTEM32\MSASN1.dll
0x00007ff804500000 - 0x00007ff804512000 	C:\Windows\SYSTEM32\kernel.appcore.dll
0x00007fffc8850000 - 0x00007fffc8cdc000 	E:\Vivado\2018.2\lib\win64.o\librdi_commontasks.dll
0x00007fffd8e30000 - 0x00007fffd90a7000 	E:\Vivado\2018.2\lib\win64.o\librdi_sio.dll
0x00007ff805aa0000 - 0x00007ff805adb000 	C:\Windows\SYSTEM32\IPHLPAPI.DLL
0x00007fffae630000 - 0x00007fffb082f000 	E:\Vivado\2018.2\lib\win64.o\librdi_tcltasks.dll
0x00007fffe1320000 - 0x00007fffe138a000 	E:\Vivado\2018.2\lib\win64.o\librdi_boarddep.dll
0x00007fffd69f0000 - 0x00007fffd6b6e000 	E:\Vivado\2018.2\lib\win64.o\librdi_board.dll
0x00007fffc8d10000 - 0x00007fffc90e5000 	E:\Vivado\2018.2\lib\win64.o\librdi_bitstream.dll
0x00007fffcec50000 - 0x00007fffcee97000 	E:\Vivado\2018.2\lib\win64.o\librdi_chipscope.dll
0x00007fffd5800000 - 0x00007fffd5928000 	E:\Vivado\2018.2\lib\win64.o\librdi_containers.dll
0x00007fffacdd0000 - 0x00007fffae629000 	E:\Vivado\2018.2\lib\win64.o\librdi_constraints.dll
0x00007fffa6c60000 - 0x00007fffa7339000 	E:\Vivado\2018.2\lib\win64.o\librdi_coregenipxact.dll
0x00007fffa7340000 - 0x00007fffa9051000 	E:\Vivado\2018.2\lib\win64.o\librdi_coregen.dll
0x00007fffa9060000 - 0x00007fffacdc2000 	E:\Vivado\2018.2\lib\win64.o\librdi_designutils.dll
0x00007fff774f0000 - 0x00007fff85ce8000 	E:\Vivado\2018.2\lib\win64.o\librdi_device.dll
0x00007fffce1e0000 - 0x00007fffce4f8000 	E:\Vivado\2018.2\lib\win64.o\librdi_dlyest.dll
0x00007fffc26d0000 - 0x00007fffc2c11000 	E:\Vivado\2018.2\lib\win64.o\librdi_drc.dll
0x00007fffd4750000 - 0x00007fffd4812000 	E:\Vivado\2018.2\lib\win64.o\librdi_dsp.dll
0x00007fffc2090000 - 0x00007fffc26c1000 	E:\Vivado\2018.2\lib\win64.o\librdi_filemgmt.dll
0x00007fffc5890000 - 0x00007fffc5b61000 	E:\Vivado\2018.2\lib\win64.o\librdi_guitools.dll
0x00007fffe0f40000 - 0x00007fffe0f98000 	E:\Vivado\2018.2\lib\win64.o\librdi_hdf.dll
0x00007fffa5a20000 - 0x00007fffa6c54000 	E:\Vivado\2018.2\lib\win64.o\librdi_implflow.dll
0x00007fffa53c0000 - 0x00007fffa5a11000 	E:\Vivado\2018.2\lib\win64.o\librdi_memdata.dll
0x00007fffa1700000 - 0x00007fffa4f0a000 	E:\Vivado\2018.2\lib\win64.o\librdi_mig.dll
0x00007fffa4f10000 - 0x00007fffa53b2000 	E:\Vivado\2018.2\lib\win64.o\librdi_netlist.dll
0x00007fffdcc10000 - 0x00007fffdcc59000 	E:\Vivado\2018.2\lib\win64.o\librdi_pfi.dll
0x00007fff9ec70000 - 0x00007fffa100e000 	E:\Vivado\2018.2\lib\win64.o\librdi_place.dll
0x00007fffc6560000 - 0x00007fffc67ea000 	E:\Vivado\2018.2\lib\win64.o\librdi_platform.dll
0x00007fff9b7a0000 - 0x00007fff9c4bd000 	E:\Vivado\2018.2\lib\win64.o\librdi_timing.dll
0x00007fff9e730000 - 0x00007fff9ec6d000 	E:\Vivado\2018.2\lib\win64.o\librdi_project.dll
0x00007fffa1010000 - 0x00007fffa16fc000 	E:\Vivado\2018.2\lib\win64.o\librdi_power.dll
0x00007fff9da00000 - 0x00007fff9e0e1000 	E:\Vivado\2018.2\lib\win64.o\librdi_psta.dll
0x00007fff9e0f0000 - 0x00007fff9e72e000 	E:\Vivado\2018.2\lib\win64.o\librdi_rsb.dll
0x00007fff9d630000 - 0x00007fff9d9f3000 	E:\Vivado\2018.2\lib\win64.o\librdi_runs.dll
0x00007fffd4670000 - 0x00007fffd4747000 	E:\Vivado\2018.2\lib\win64.o\librdi_runsbase.dll
0x00007fffc7e60000 - 0x00007fffc8086000 	E:\Vivado\2018.2\lib\win64.o\librdi_simdata.dll
0x00007fffdcbc0000 - 0x00007fffdcc0c000 	E:\Vivado\2018.2\lib\win64.o\libboost_serialization.dll
0x00007fffd3c70000 - 0x00007fffd3d3b000 	E:\Vivado\2018.2\lib\win64.o\librdi_xhub.dll
0x00007fffd3bc0000 - 0x00007fffd3c6f000 	E:\Vivado\2018.2\lib\win64.o\librdi_hip_devdesign.dll
0x00007fffda870000 - 0x00007fffda8d6000 	E:\Vivado\2018.2\lib\win64.o\librdi_ipconfig_readwrite.dll
0x00007fffe11b0000 - 0x00007fffe11e8000 	E:\Vivado\2018.2\lib\win64.o\librdi_noc_frameworks.dll
0x00007fff9cb30000 - 0x00007fff9d623000 	E:\Vivado\2018.2\lib\win64.o\libverific.dll
0x00007fffd6950000 - 0x00007fffd69ee000 	E:\Vivado\2018.2\lib\win64.o\libise.dll
0x00007fff9aca0000 - 0x00007fff9b241000 	E:\Vivado\2018.2\lib\win64.o\librdi_wavedata.dll
0x00007fffdc850000 - 0x00007fffdc899000 	E:\Vivado\2018.2\lib\win64.o\librdi_wavedata_SimpleApi.dll
0x00007fffd8da0000 - 0x00007fffd8e28000 	E:\Vivado\2018.2\lib\win64.o\librdi_hip_config.dll
0x00007fff9b250000 - 0x00007fff9b79e000 	E:\Vivado\2018.2\lib\win64.o\librdi_xdm.dll
0x00007fff97d60000 - 0x00007fff97fa3000 	E:\Vivado\2018.2\lib\win64.o\librdi_hsm.dll
0x00007fff97fb0000 - 0x00007fff98ea1000 	E:\Vivado\2018.2\lib\win64.o\librdi_route.dll
0x00007fff98eb0000 - 0x00007fff9ac92000 	E:\Vivado\2018.2\lib\win64.o\librdi_synth.dll
0x00007fff97790000 - 0x00007fff97d52000 	E:\Vivado\2018.2\lib\win64.o\librdi_abc_nomp.dll

VM Arguments:
jvm_args: -Dsun.java2d.pmoffscreen=false -Dsun.java2d.xrender=false -Dsun.java2d.d3d=false -Dsun.awt.nopixfmt=true -Xverify:none -Dswing.aatext=true -XX:-UsePerfData -Djdk.map.althashing.threshold=512 -XX:StringTableSize=4072 -XX:NewSize=60m -XX:MaxNewSize=60m -Xms128m -Xmx3072m -Xss5m 
java_command: <unknown>
java_class_path (initial): E:/Vivado/2018.2\lib\classes\alloy.jar;E:/Vivado/2018.2\lib\classes\autopilot.scelaborator.jar;E:/Vivado/2018.2\lib\classes\autopilot.sourceprocessor.jar;E:/Vivado/2018.2\lib\classes\autopilot.tbprocessor.jar;E:/Vivado/2018.2\lib\classes\batik-anim.jar;E:/Vivado/2018.2\lib\classes\batik-awt-util.jar;E:/Vivado/2018.2\lib\classes\batik-bridge.jar;E:/Vivado/2018.2\lib\classes\batik-codec.jar;E:/Vivado/2018.2\lib\classes\batik-css.jar;E:/Vivado/2018.2\lib\classes\batik-dom.jar;E:/Vivado/2018.2\lib\classes\batik-ext.jar;E:/Vivado/2018.2\lib\classes\batik-gui-util.jar;E:/Vivado/2018.2\lib\classes\batik-gvt.jar;E:/Vivado/2018.2\lib\classes\batik-parser.jar;E:/Vivado/2018.2\lib\classes\batik-script.jar;E:/Vivado/2018.2\lib\classes\batik-svg-dom.jar;E:/Vivado/2018.2\lib\classes\batik-swing.jar;E:/Vivado/2018.2\lib\classes\batik-transcoder.jar;E:/Vivado/2018.2\lib\classes\batik-util.jar;E:/Vivado/2018.2\lib\classes\batik-xml.jar;E:/Vivado/2018.2\lib\classes\com.ibm.icu_4.4.2.v20110208.jar;E:/Vivado/2018.2\lib\classes\commons-collections4-4.1.jar;E:/Vivado/2018.2\lib\classes\commons-math-2.2.jar;E:/Vivado/2018.2\lib\classes\dom4j-1.6.1.jar;E:/Vivado/2018.2\lib\classes\guava-18.0.jar;E:/Vivado/2018.2\lib\classes\help.jar;E:/Vivado/2018.2\lib\classes\hsqldb.jar;E:/Vivado/2018.2\lib\classes\jargs.jar;E:/Vivado/2018.2\lib\classes\jh.jar;E:/Vivado/2018.2\lib\classes\jide-action.jar;E:/Vivado/2018.2\lib\classes\jide-charts.jar;E:/Vivado/2018.2\lib\classes\jide-common.jar;E:/Vivado/2018.2\lib\classes\jide-components.jar;E:/Vivado/2018.2\lib\classes\jide-dashboard.jar;E:/Vivado/2018.2\lib\classes\jide-data.jar;E:/Vivado/2018.2\lib\classes\jide-dialogs.jar;E:/Vivado/2018.2\lib\classes\jide-diff.jar;E:/Vivado/2018.2\lib\classes\jide-dock.jar;E:/Vivado/2018.2\lib\classes\jide-editor.jar;E:/Vivado/2018.2\lib\classes\jide-gantt.jar;E:/Vivado/2018.2\lib\classes\jide-grids.jar;E:/Vivado/2018.2\lib\classes\jide-pivot.jar;E:/Vivado/2018.2\lib\classes\jide-plaf-jdk7
Launcher Type: generic

Environment Variables:
PATH=E:/Vivado/2018.2/bin;E:/Vivado/2018.2/lib/win64.o;E:/Vivado/2018.2/tps/win64/jre/bin/server;E:/Vivado/2018.2/tps/win64/jre/bin;E:/SDK/2018.2/bin;E:/Vivado/2018.2/ids_lite/ISE/bin/nt64;E:/Vivado/2018.2/ids_lite/ISE/lib/nt64;C:\Windows\system32;C:\Windows;C:\Windows\System32\Wbem;C:\Windows\System32\WindowsPowerShell\v1.0\;C:\Windows\System32\OpenSSH\;C:\Program Files\Git\cmd;C:\Users\Wasif Hassan\AppData\Local\Programs\Python\Python313\Scripts\;C:\Users\Wasif Hassan\AppData\Local\Programs\Python\Python313\;C:\Users\Wasif Hassan\AppData\Local\Programs\Python\Launcher\;C:\Users\Wasif Hassan\AppData\Local\Microsoft\WindowsApps;C:\Users\Wasif Hassan\AppData\Local\Programs\Microsoft VS Code\bin;C:\Users\Wasif Hassan\AppData\Local\GitHubDesktop\bin;E:/Vivado/2018.2\tps\mingw\6.2.0\win64.o\nt\bin;E:/Vivado/2018.2\tps\mingw\6.2.0\win64.o\nt\libexec\gcc\x86_64-w64-mingw32\6.2.0
USERNAME=Amir Leelya
OS=Windows_NT
PROCESSOR_IDENTIFIER=Intel64 Family 6 Model 61 Stepping 4, GenuineIntel



---------------  S Y S T E M  ---------------

OS: Windows 10.0 , 64 bit Build 19041 (10.0.19041.5678)

CPU:total 4 (2 cores per cpu, 2 threads per core) family 6 model 61 stepping 4, cmov, cx8, fxsr, mmx, sse, sse2, sse3, ssse3, sse4.1, sse4.2, popcnt, avx, avx2, aes, clmul, erms, rtm, 3dnowpref, lzcnt, ht, tsc, tscinvbit, bmi1, bmi2, adx

Memory: 4k page, physical 8260716k(474776k free), swap 18014440k(3620k free)

vm_info: Java HotSpot(TM) 64-Bit Server VM (25.112-b15) for windows-amd64 JRE (1.8.0_112-b15), built on Sep 22 2016 21:31:56 by "java_re" with MS VC++ 10.0 (VS2010)

time: Wed Apr 16 19:46:37 2025
elapsed time: 9 seconds (0d 0h 0m 9s)

