#-----------------------------------------------------------
# Vivado v2018.2 (64-bit)
# SW Build 2258646 on Thu Jun 14 20:02:38 MDT 2018
# IP Build 2256618 on Thu Jun 14 22:10:49 MDT 2018
# Start of session at: Sat Feb 15 22:18:43 2025
# Process ID: 1834696
# Current directory: /home/mlatif/Athestia
# Command line: vivado
# Log file: /home/mlatif/Athestia/vivado.log
# Journal file: /home/mlatif/Athestia/vivado.jou
#-----------------------------------------------------------
start_gui
create_project AGenerate_process_drbg /home/mlatif/Athestia/AGenerate_process_drbg -part xc7a100tcsg324-1
INFO: [IP_Flow 19-234] Refreshing IP repositories
INFO: [IP_Flow 19-1704] No user IP repositories specified
INFO: [IP_Flow 19-2313] Loaded Vivado IP repository '/merledu1/tools/Xilinx/Vivado/2018.2/data/ip'.
create_project: Time (s): cpu = 00:00:22 ; elapsed = 00:00:27 . Memory (MB): peak = 6209.332 ; gain = 39.375 ; free physical = 16125 ; free virtual = 90429
file mkdir /home/mlatif/Athestia/AGenerate_process_drbg/AGenerate_process_drbg.srcs/sources_1/new
close [ open /home/mlatif/Athestia/AGenerate_process_drbg/AGenerate_process_drbg.srcs/sources_1/new/generateProcess.sv w ]
add_files /home/mlatif/Athestia/AGenerate_process_drbg/AGenerate_process_drbg.srcs/sources_1/new/generateProcess.sv
update_compile_order -fileset sources_1
exit
INFO: [Common 17-206] Exiting Vivado at Mon Feb 17 12:57:52 2025...
