#-----------------------------------------------------------
# Vivado v2018.2 (64-bit)
# SW Build 2258646 on Thu Jun 14 20:02:38 MDT 2018
# IP Build 2256618 on Thu Jun 14 22:10:49 MDT 2018
# Start of session at: Mon Feb 10 11:58:53 2025
# Process ID: 1194429
# Current directory: /home/mlatif/Athestia
# Command line: vivado
# Log file: /home/mlatif/Athestia/vivado.log
# Journal file: /home/mlatif/Athestia/vivado.jou
#-----------------------------------------------------------
start_gui
open_project /home/mlatif/Athestia/ff2_part2_hintbitpack/ff2_part2_hintbitpack.xpr
INFO: [Project 1-313] Project file moved from '/home/mlatif/ff2_part2_hintbitpack' since last save.
WARNING: [Project 1-312] File not found as '/home/mlatif/Athestia/Downloads/Arty_Master.xdc'; using path '/home/mlatif/Downloads/Arty_Master.xdc' instead.
Scanning sources...
Finished scanning sources
WARNING: [Project 1-312] File not found as '/home/mlatif/Athestia/Downloads/Arty_Master.xdc'; using path '/home/mlatif/Downloads/Arty_Master.xdc' instead.
WARNING: [Project 1-312] File not found as '/home/mlatif/Athestia/Downloads/Arty_Master.xdc'; using path '/home/mlatif/Downloads/Arty_Master.xdc' instead.
INFO: [IP_Flow 19-234] Refreshing IP repositories
INFO: [IP_Flow 19-1704] No user IP repositories specified
INFO: [IP_Flow 19-2313] Loaded Vivado IP repository '/merledu1/tools/Xilinx/Vivado/2018.2/data/ip'.
open_project: Time (s): cpu = 00:00:40 ; elapsed = 00:01:03 . Memory (MB): peak = 6262.828 ; gain = 191.523 ; free physical = 53975 ; free virtual = 210940
update_compile_order -fileset sources_1
launch_simulation
INFO: [Vivado 12-5682] Launching behavioral simulation in '/home/mlatif/Athestia/ff2_part2_hintbitpack/ff2_part2_hintbitpack.sim/sim_1/behav/xsim'
INFO: [SIM-utils-51] Simulation object is 'sim_1'
INFO: [SIM-utils-54] Inspecting design source files for 'HintBitPack_tb' in fileset 'sim_1'...
INFO: [USF-XSim-97] Finding global include files...
INFO: [USF-XSim-98] Fetching design files from 'sim_1'...
INFO: [USF-XSim-2] XSim::Compile design
INFO: [USF-XSim-61] Executing 'COMPILE and ANALYZE' step in '/home/mlatif/Athestia/ff2_part2_hintbitpack/ff2_part2_hintbitpack.sim/sim_1/behav/xsim'
xvlog --incr --relax -prj HintBitPack_tb_vlog.prj
INFO: [VRFC 10-2263] Analyzing SystemVerilog file "/home/mlatif/Athestia/ff2_part2_hintbitpack/ff2_part2_hintbitpack.srcs/sources_1/new/HintBitPack.sv" into library xil_defaultlib
INFO: [VRFC 10-311] analyzing module HintBitPack
INFO: [VRFC 10-2263] Analyzing SystemVerilog file "/home/mlatif/Athestia/ff2_part2_hintbitpack/ff2_part2_hintbitpack.srcs/sim_1/new/HintbitPack_tb.sv" into library xil_defaultlib
INFO: [VRFC 10-311] analyzing module HintBitPack_tb
INFO: [VRFC 10-2263] Analyzing Verilog file "/home/mlatif/Athestia/ff2_part2_hintbitpack/ff2_part2_hintbitpack.sim/sim_1/behav/xsim/glbl.v" into library xil_defaultlib
INFO: [VRFC 10-311] analyzing module glbl
INFO: [USF-XSim-69] 'compile' step finished in '4' seconds
INFO: [USF-XSim-3] XSim::Elaborate design
INFO: [USF-XSim-61] Executing 'ELABORATE' step in '/home/mlatif/Athestia/ff2_part2_hintbitpack/ff2_part2_hintbitpack.sim/sim_1/behav/xsim'
Vivado Simulator 2018.2
Copyright 1986-1999, 2001-2018 Xilinx, Inc. All Rights Reserved.
Running: /merledu1/tools/Xilinx/Vivado/2018.2/bin/unwrapped/lnx64.o/xelab -wto ad3a265808024307845952d4429ad68f --incr --debug typical --relax --mt 8 -L xil_defaultlib -L unisims_ver -L unimacro_ver -L secureip --snapshot HintBitPack_tb_behav xil_defaultlib.HintBitPack_tb xil_defaultlib.glbl -log elaborate.log 
Using 8 slave threads.
Starting static elaboration
Completed static elaboration
Starting simulation data flow analysis
Completed simulation data flow analysis
Time Resolution for simulation is 1ps
Compiling module xil_defaultlib.HintBitPack
Compiling module xil_defaultlib.HintBitPack_tb
Compiling module xil_defaultlib.glbl
Built simulation snapshot HintBitPack_tb_behav

****** Webtalk v2018.2 (64-bit)
  **** SW Build 2258646 on Thu Jun 14 20:02:38 MDT 2018
  **** IP Build 2256618 on Thu Jun 14 22:10:49 MDT 2018
    ** Copyright 1986-2018 Xilinx, Inc. All Rights Reserved.

source /home/mlatif/Athestia/ff2_part2_hintbitpack/ff2_part2_hintbitpack.sim/sim_1/behav/xsim/xsim.dir/HintBitPack_tb_behav/webtalk/xsim_webtalk.tcl -notrace
INFO: [Common 17-206] Exiting Webtalk at Mon Feb 10 12:02:30 2025...
run_program: Time (s): cpu = 00:00:06 ; elapsed = 00:00:28 . Memory (MB): peak = 6280.836 ; gain = 0.000 ; free physical = 53926 ; free virtual = 210943
INFO: [USF-XSim-69] 'elaborate' step finished in '28' seconds
INFO: [USF-XSim-4] XSim::Simulate design
INFO: [USF-XSim-61] Executing 'SIMULATE' step in '/home/mlatif/Athestia/ff2_part2_hintbitpack/ff2_part2_hintbitpack.sim/sim_1/behav/xsim'
INFO: [USF-XSim-98] *** Running xsim
   with args "HintBitPack_tb_behav -key {Behavioral:sim_1:Functional:HintBitPack_tb} -tclbatch {HintBitPack_tb.tcl} -log {simulate.log}"
INFO: [USF-XSim-8] Loading simulator feature
Vivado Simulator 2018.2
Time resolution is 1 ps
source HintBitPack_tb.tcl
# set curr_wave [current_wave_config]
# if { [string length $curr_wave] == 0 } {
#   if { [llength [get_objects]] > 0} {
#     add_wave /
#     set_property needs_save false [current_wave_config]
#   } else {
#      send_msg_id Add_Wave-1 WARNING "No top level signals found. Simulator will start without a wave window. If you want to open a wave window go to 'File->New Waveform Configuration' or type 'create_wave_config' in the TCL console."
#   }
# }
# run 1000ns
$finish called at time : 420 ns : File "/home/mlatif/Athestia/ff2_part2_hintbitpack/ff2_part2_hintbitpack.srcs/sim_1/new/HintbitPack_tb.sv" Line 72
xsim: Time (s): cpu = 00:00:05 ; elapsed = 00:00:06 . Memory (MB): peak = 6349.469 ; gain = 57.652 ; free physical = 53879 ; free virtual = 210892
INFO: [USF-XSim-96] XSim completed. Design snapshot 'HintBitPack_tb_behav' loaded.
INFO: [USF-XSim-97] XSim simulation ran for 1000ns
launch_simulation: Time (s): cpu = 00:00:15 ; elapsed = 00:00:43 . Memory (MB): peak = 6349.469 ; gain = 70.625 ; free physical = 53879 ; free virtual = 210892
close_sim
INFO: [Simtcl 6-16] Simulation closed
close_sim: Time (s): cpu = 00:00:10 ; elapsed = 00:00:06 . Memory (MB): peak = 6351.465 ; gain = 0.000 ; free physical = 53238 ; free virtual = 210115
exit
INFO: [Common 17-206] Exiting Vivado at Mon Feb 10 12:05:54 2025...
