#-----------------------------------------------------------
# Vivado v2018.2 (64-bit)
# SW Build 2258646 on Thu Jun 14 20:02:38 MDT 2018
# IP Build 2256618 on Thu Jun 14 22:10:49 MDT 2018
# Start of session at: Mon Feb 17 12:58:27 2025
# Process ID: 2431457
# Current directory: /home/mlatif/Athestia
# Command line: vivado
# Log file: /home/mlatif/Athestia/vivado.log
# Journal file: /home/mlatif/Athestia/vivado.jou
#-----------------------------------------------------------
start_gui
open_project /home/mlatif/vaquita64only/vaquita128only.xpr
INFO: [Project 1-313] Project file moved from '/home/mlatif/vaquita128only' since last save.
Scanning sources...
Finished scanning sources
INFO: [IP_Flow 19-234] Refreshing IP repositories
INFO: [IP_Flow 19-1704] No user IP repositories specified
INFO: [IP_Flow 19-2313] Loaded Vivado IP repository '/merledu1/tools/Xilinx/Vivado/2018.2/data/ip'.
open_project: Time (s): cpu = 00:00:47 ; elapsed = 00:00:15 . Memory (MB): peak = 6339.305 ; gain = 222.789 ; free physical = 7804 ; free virtual = 93613
update_compile_order -fileset sources_1
exit
INFO: [Common 17-206] Exiting Vivado at Mon Feb 17 13:21:59 2025...
