#-----------------------------------------------------------
# Vivado v2018.2 (64-bit)
# SW Build 2258646 on Thu Jun 14 20:02:38 MDT 2018
# IP Build 2256618 on Thu Jun 14 22:10:49 MDT 2018
# Start of session at: Sat Feb 15 08:44:44 2025
# Process ID: 1649242
# Current directory: /home/mlatif/Athestia
# Command line: vivado
# Log file: /home/mlatif/Athestia/vivado.log
# Journal file: /home/mlatif/Athestia/vivado.jou
#-----------------------------------------------------------
start_gui
open_project /home/mlatif/Athestia/simpleBitPack/simpleBitPack.xpr
INFO: [Project 1-313] Project file moved from '/home/mlatif/simpleBitPack' since last save.
Scanning sources...
Finished scanning sources
INFO: [IP_Flow 19-234] Refreshing IP repositories
INFO: [IP_Flow 19-1704] No user IP repositories specified
INFO: [IP_Flow 19-2313] Loaded Vivado IP repository '/merledu1/tools/Xilinx/Vivado/2018.2/data/ip'.
open_project: Time (s): cpu = 00:00:24 ; elapsed = 00:00:12 . Memory (MB): peak = 6231.570 ; gain = 137.969 ; free physical = 100142 ; free virtual = 192941
update_compile_order -fileset sources_1
