#-----------------------------------------------------------
# Vivado v2018.2 (64-bit)
# SW Build 2258646 on Thu Jun 14 20:03:12 MDT 2018
# IP Build 2256618 on Thu Jun 14 22:10:49 MDT 2018
# Start of session at: Sun Dec 29 21:54:04 2024
# Process ID: 7244
# Current directory: E:/useHint
# Command line: vivado.exe -gui_launcher_event rodinguilauncherevent2440 E:\useHint\useHint.xpr
# Log file: E:/useHint/vivado.log
# Journal file: E:/useHint\vivado.jou
#-----------------------------------------------------------
start_gui
open_project E:/useHint/useHint.xpr
Scanning sources...
Finished scanning sources
INFO: [IP_Flow 19-234] Refreshing IP repositories
INFO: [IP_Flow 19-1704] No user IP repositories specified
INFO: [IP_Flow 19-2313] Loaded Vivado IP repository 'C:/Xilinx/Vivado/2018.2/data/ip'.
open_project: Time (s): cpu = 00:00:24 ; elapsed = 00:00:15 . Memory (MB): peak = 855.180 ; gain = 147.535
update_compile_order -fileset sources_1
exit
INFO: [Common 17-206] Exiting Vivado at Sun Dec 29 22:19:40 2024...
