INFO: [VRFC 10-2263] Analyzing SystemVerilog file "/home/asfyan/Athestia/key_internal_new/key_internal_new.srcs/sources_1/new/Chi.sv" into library xil_defaultlib
INFO: [VRFC 10-311] analyzing module Chi
INFO: [VRFC 10-2263] Analyzing SystemVerilog file "/home/asfyan/Athestia/key_internal_new/key_internal_new.srcs/sources_1/new/CoefFromHalfByte.sv" into library xil_defaultlib
INFO: [VRFC 10-311] analyzing module CoefFromHalfByte
INFO: [VRFC 10-2263] Analyzing SystemVerilog file "/home/asfyan/Athestia/key_internal_new/key_internal_new.srcs/sources_1/new/Coefficient_three_bytes.sv" into library xil_defaultlib
INFO: [VRFC 10-311] analyzing module CoefFromThreeBytes
INFO: [VRFC 10-2263] Analyzing SystemVerilog file "/home/asfyan/Athestia/key_internal_new/key_internal_new.srcs/sources_1/new/Dilithium_pkg.sv" into library xil_defaultlib
INFO: [VRFC 10-2263] Analyzing SystemVerilog file "/home/asfyan/Athestia/key_internal_new/key_internal_new.srcs/sources_1/new/ExpandA.sv" into library xil_defaultlib
INFO: [VRFC 10-311] analyzing module ExpandA
INFO: [VRFC 10-2263] Analyzing SystemVerilog file "/home/asfyan/Athestia/key_internal_new/key_internal_new.srcs/sources_1/new/ExpandS.sv" into library xil_defaultlib
INFO: [VRFC 10-311] analyzing module ExpandS
INFO: [VRFC 10-2263] Analyzing SystemVerilog file "/home/asfyan/Athestia/key_internal_new/key_internal_new.srcs/sources_1/new/Iota.sv" into library xil_defaultlib
INFO: [VRFC 10-311] analyzing module Iota
INFO: [VRFC 10-2263] Analyzing SystemVerilog file "/home/asfyan/Athestia/key_internal_new/key_internal_new.srcs/sources_1/new/Keccak.sv" into library xil_defaultlib
INFO: [VRFC 10-311] analyzing module keccak
INFO: [VRFC 10-2263] Analyzing SystemVerilog file "/home/asfyan/Athestia/key_internal_new/key_internal_new.srcs/sources_1/new/NTT.sv" into library xil_defaultlib
INFO: [VRFC 10-311] analyzing module NTT
INFO: [VRFC 10-2263] Analyzing SystemVerilog file "/home/asfyan/Athestia/key_internal_new/key_internal_new.srcs/sources_1/new/NTT_INV.sv" into library xil_defaultlib
INFO: [VRFC 10-311] analyzing module NTT_INV
INFO: [VRFC 10-2263] Analyzing SystemVerilog file "/home/asfyan/Athestia/key_internal_new/key_internal_new.srcs/sources_1/new/Pad10_1.sv" into library xil_defaultlib
INFO: [VRFC 10-311] analyzing module pad10_1
INFO: [VRFC 10-2263] Analyzing SystemVerilog file "/home/asfyan/Athestia/key_internal_new/key_internal_new.srcs/sources_1/new/Pi.sv" into library xil_defaultlib
INFO: [VRFC 10-311] analyzing module Pi
INFO: [VRFC 10-2263] Analyzing SystemVerilog file "/home/asfyan/Athestia/key_internal_new/key_internal_new.srcs/sources_1/new/Power2round.sv" into library xil_defaultlib
INFO: [VRFC 10-311] analyzing module Power2round
INFO: [VRFC 10-2263] Analyzing SystemVerilog file "/home/asfyan/Athestia/key_internal_new/key_internal_new.srcs/sources_1/new/RejBoundedPoly.sv" into library xil_defaultlib
INFO: [VRFC 10-311] analyzing module RejBoundedPoly
INFO: [VRFC 10-2263] Analyzing SystemVerilog file "/home/asfyan/Athestia/key_internal_new/key_internal_new.srcs/sources_1/new/RejNttPoly.sv" into library xil_defaultlib
INFO: [VRFC 10-311] analyzing module RejNttPoly
INFO: [VRFC 10-2263] Analyzing SystemVerilog file "/home/asfyan/Athestia/key_internal_new/key_internal_new.srcs/sources_1/new/Rho.sv" into library xil_defaultlib
INFO: [VRFC 10-311] analyzing module Rho
INFO: [VRFC 10-2263] Analyzing SystemVerilog file "/home/asfyan/Athestia/key_internal_new/key_internal_new.srcs/sources_1/new/Round.sv" into library xil_defaultlib
INFO: [VRFC 10-311] analyzing module Rnd
INFO: [VRFC 10-2263] Analyzing SystemVerilog file "/home/asfyan/Athestia/key_internal_new/key_internal_new.srcs/sources_1/new/Shake.sv" into library xil_defaultlib
INFO: [VRFC 10-311] analyzing module sponge
INFO: [VRFC 10-2458] undeclared symbol don5, assumed default net type wire [/home/asfyan/Athestia/key_internal_new/key_internal_new.srcs/sources_1/new/Shake.sv:190]
INFO: [VRFC 10-2263] Analyzing SystemVerilog file "/home/asfyan/Athestia/key_internal_new/key_internal_new.srcs/sources_1/new/SimpleBitPack.sv" into library xil_defaultlib
INFO: [VRFC 10-311] analyzing module SimpleBitPack
INFO: [VRFC 10-2263] Analyzing SystemVerilog file "/home/asfyan/Athestia/key_internal_new/key_internal_new.srcs/sources_1/new/Theta.sv" into library xil_defaultlib
INFO: [VRFC 10-311] analyzing module Theta
INFO: [VRFC 10-2263] Analyzing SystemVerilog file "/home/asfyan/Athestia/key_internal_new/key_internal_new.srcs/sources_1/new/key_internal.sv" into library xil_defaultlib
INFO: [VRFC 10-311] analyzing module key_internal
INFO: [VRFC 10-2263] Analyzing SystemVerilog file "/home/asfyan/Athestia/key_internal_new/key_internal_new.srcs/sources_1/new/pkEncode.sv" into library xil_defaultlib
INFO: [VRFC 10-311] analyzing module PkEncode
INFO: [VRFC 10-2263] Analyzing SystemVerilog file "/home/asfyan/Athestia/key_internal_new/key_internal_new.srcs/sources_1/new/shake2.sv" into library xil_defaultlib
INFO: [VRFC 10-311] analyzing module spongee
INFO: [VRFC 10-2458] undeclared symbol don5, assumed default net type wire [/home/asfyan/Athestia/key_internal_new/key_internal_new.srcs/sources_1/new/shake2.sv:393]
INFO: [VRFC 10-2263] Analyzing SystemVerilog file "/home/asfyan/Athestia/key_internal_new/key_internal_new.srcs/sources_1/new/swapbits.sv" into library xil_defaultlib
INFO: [VRFC 10-311] analyzing module SwapNibbles
INFO: [VRFC 10-2263] Analyzing SystemVerilog file "/home/asfyan/Athestia/key_internal_new/key_internal_new.srcs/sim_1/new/tb.sv" into library xil_defaultlib
INFO: [VRFC 10-311] analyzing module KeyInternal_tb
