
*** Running vivado
    with args -log sponge.vds -m64 -product Vivado -mode batch -messageDb vivado.pb -notrace -source sponge.tcl


****** Vivado v2018.2 (64-bit)
  **** SW Build 2258646 on Thu Jun 14 20:03:12 MDT 2018
  **** IP Build 2256618 on Thu Jun 14 22:10:49 MDT 2018
    ** Copyright 1986-2018 Xilinx, Inc. All Rights Reserved.

source sponge.tcl -notrace
Command: synth_design -top sponge -part xc7a100tcsg324-1
Starting synth_design
Attempting to get a license for feature 'Synthesis' and/or device 'xc7a100t'
INFO: [Common 17-349] Got license for feature 'Synthesis' and/or device 'xc7a100t'
INFO: Launching helper process for spawning children vivado processes
INFO: Helper process launched with PID 9936 
---------------------------------------------------------------------------------
Starting RTL Elaboration : Time (s): cpu = 00:00:04 ; elapsed = 00:00:06 . Memory (MB): peak = 408.453 ; gain = 96.234
---------------------------------------------------------------------------------
INFO: [Synth 8-6157] synthesizing module 'sponge' [C:/Users/HP/Downloads/shake/shake.srcs/sources_1/new/Shake.sv:1]
	Parameter msg_len bound to: 9 - type: integer 
	Parameter d_len bound to: 7000 - type: integer 
	Parameter capacity bound to: 256 - type: integer 
	Parameter r bound to: 1344 - type: integer 
INFO: [Synth 8-5534] Detected attribute (* keep = "true" *) [C:/Users/HP/Downloads/shake/shake.srcs/sources_1/new/Shake.sv:32]
INFO: [Synth 8-5534] Detected attribute (* keep = "true" *) [C:/Users/HP/Downloads/shake/shake.srcs/sources_1/new/Shake.sv:33]
INFO: [Synth 8-6157] synthesizing module 'keccak' [C:/Users/HP/Downloads/shake/shake.srcs/sources_1/new/Keccak.sv:23]
INFO: [Synth 8-5534] Detected attribute (* keep = "true" *) [C:/Users/HP/Downloads/shake/shake.srcs/sources_1/new/Keccak.sv:81]
INFO: [Synth 8-6157] synthesizing module 'Rnd' [C:/Users/HP/Downloads/shake/shake.srcs/sources_1/new/Round.sv:23]
INFO: [Synth 8-6157] synthesizing module 'Theta' [C:/Users/HP/Downloads/shake/shake.srcs/sources_1/new/Theta.sv:1]
INFO: [Synth 8-6155] done synthesizing module 'Theta' (1#1) [C:/Users/HP/Downloads/shake/shake.srcs/sources_1/new/Theta.sv:1]
INFO: [Synth 8-6157] synthesizing module 'Rho' [C:/Users/HP/Downloads/shake/shake.srcs/sources_1/new/Rho.sv:23]
INFO: [Synth 8-6155] done synthesizing module 'Rho' (2#1) [C:/Users/HP/Downloads/shake/shake.srcs/sources_1/new/Rho.sv:23]
INFO: [Synth 8-6157] synthesizing module 'Pi' [C:/Users/HP/Downloads/shake/shake.srcs/sources_1/new/Pi.sv:23]
INFO: [Synth 8-6155] done synthesizing module 'Pi' (3#1) [C:/Users/HP/Downloads/shake/shake.srcs/sources_1/new/Pi.sv:23]
INFO: [Synth 8-6157] synthesizing module 'Chi' [C:/Users/HP/Downloads/shake/shake.srcs/sources_1/new/Chi.sv:21]
INFO: [Synth 8-6155] done synthesizing module 'Chi' (4#1) [C:/Users/HP/Downloads/shake/shake.srcs/sources_1/new/Chi.sv:21]
INFO: [Synth 8-6157] synthesizing module 'Iota' [C:/Users/HP/Downloads/shake/shake.srcs/sources_1/new/Iota.sv:23]
INFO: [Synth 8-6155] done synthesizing module 'Iota' (5#1) [C:/Users/HP/Downloads/shake/shake.srcs/sources_1/new/Iota.sv:23]
INFO: [Synth 8-6155] done synthesizing module 'Rnd' (6#1) [C:/Users/HP/Downloads/shake/shake.srcs/sources_1/new/Round.sv:23]
INFO: [Synth 8-6155] done synthesizing module 'keccak' (7#1) [C:/Users/HP/Downloads/shake/shake.srcs/sources_1/new/Keccak.sv:23]
INFO: [Synth 8-6157] synthesizing module 'pad10_1' [C:/Users/HP/Downloads/shake/shake.srcs/sources_1/new/Pad10_1.sv:1]
	Parameter x bound to: 1344 - type: integer 
	Parameter m bound to: 9 - type: integer 
INFO: [Synth 8-6155] done synthesizing module 'pad10_1' (8#1) [C:/Users/HP/Downloads/shake/shake.srcs/sources_1/new/Pad10_1.sv:1]
WARNING: [Synth 8-5788] Register done_reg in module sponge is has both Set and reset with same priority. This may cause simulation mismatches. Consider rewriting code  [C:/Users/HP/Downloads/shake/shake.srcs/sources_1/new/Shake.sv:148]
WARNING: [Synth 8-3848] Net strEx3 in module/entity sponge does not have driver. [C:/Users/HP/Downloads/shake/shake.srcs/sources_1/new/Shake.sv:38]
INFO: [Synth 8-6155] done synthesizing module 'sponge' (9#1) [C:/Users/HP/Downloads/shake/shake.srcs/sources_1/new/Shake.sv:1]
---------------------------------------------------------------------------------
Finished RTL Elaboration : Time (s): cpu = 00:00:06 ; elapsed = 00:00:08 . Memory (MB): peak = 486.684 ; gain = 174.465
---------------------------------------------------------------------------------

Report Check Netlist: 
+------+------------------+-------+---------+-------+------------------+
|      |Item              |Errors |Warnings |Status |Description       |
+------+------------------+-------+---------+-------+------------------+
|1     |multi_driven_nets |      0|        0|Passed |Multi driven nets |
+------+------------------+-------+---------+-------+------------------+
WARNING: [Synth 8-3295] tying undriven pin kp7:AB[1599] to constant 0 [C:/Users/HP/Downloads/shake/shake.srcs/sources_1/new/Shake.sv:218]
WARNING: [Synth 8-3295] tying undriven pin kp7:AB[1598] to constant 0 [C:/Users/HP/Downloads/shake/shake.srcs/sources_1/new/Shake.sv:218]
WARNING: [Synth 8-3295] tying undriven pin kp7:AB[1597] to constant 0 [C:/Users/HP/Downloads/shake/shake.srcs/sources_1/new/Shake.sv:218]
WARNING: [Synth 8-3295] tying undriven pin kp7:AB[1596] to constant 0 [C:/Users/HP/Downloads/shake/shake.srcs/sources_1/new/Shake.sv:218]
WARNING: [Synth 8-3295] tying undriven pin kp7:AB[1595] to constant 0 [C:/Users/HP/Downloads/shake/shake.srcs/sources_1/new/Shake.sv:218]
WARNING: [Synth 8-3295] tying undriven pin kp7:AB[1594] to constant 0 [C:/Users/HP/Downloads/shake/shake.srcs/sources_1/new/Shake.sv:218]
WARNING: [Synth 8-3295] tying undriven pin kp7:AB[1593] to constant 0 [C:/Users/HP/Downloads/shake/shake.srcs/sources_1/new/Shake.sv:218]
WARNING: [Synth 8-3295] tying undriven pin kp7:AB[1592] to constant 0 [C:/Users/HP/Downloads/shake/shake.srcs/sources_1/new/Shake.sv:218]
WARNING: [Synth 8-3295] tying undriven pin kp7:AB[1591] to constant 0 [C:/Users/HP/Downloads/shake/shake.srcs/sources_1/new/Shake.sv:218]
WARNING: [Synth 8-3295] tying undriven pin kp7:AB[1590] to constant 0 [C:/Users/HP/Downloads/shake/shake.srcs/sources_1/new/Shake.sv:218]
WARNING: [Synth 8-3295] tying undriven pin kp7:AB[1589] to constant 0 [C:/Users/HP/Downloads/shake/shake.srcs/sources_1/new/Shake.sv:218]
WARNING: [Synth 8-3295] tying undriven pin kp7:AB[1588] to constant 0 [C:/Users/HP/Downloads/shake/shake.srcs/sources_1/new/Shake.sv:218]
WARNING: [Synth 8-3295] tying undriven pin kp7:AB[1587] to constant 0 [C:/Users/HP/Downloads/shake/shake.srcs/sources_1/new/Shake.sv:218]
WARNING: [Synth 8-3295] tying undriven pin kp7:AB[1586] to constant 0 [C:/Users/HP/Downloads/shake/shake.srcs/sources_1/new/Shake.sv:218]
WARNING: [Synth 8-3295] tying undriven pin kp7:AB[1585] to constant 0 [C:/Users/HP/Downloads/shake/shake.srcs/sources_1/new/Shake.sv:218]
WARNING: [Synth 8-3295] tying undriven pin kp7:AB[1584] to constant 0 [C:/Users/HP/Downloads/shake/shake.srcs/sources_1/new/Shake.sv:218]
WARNING: [Synth 8-3295] tying undriven pin kp7:AB[1583] to constant 0 [C:/Users/HP/Downloads/shake/shake.srcs/sources_1/new/Shake.sv:218]
WARNING: [Synth 8-3295] tying undriven pin kp7:AB[1582] to constant 0 [C:/Users/HP/Downloads/shake/shake.srcs/sources_1/new/Shake.sv:218]
WARNING: [Synth 8-3295] tying undriven pin kp7:AB[1581] to constant 0 [C:/Users/HP/Downloads/shake/shake.srcs/sources_1/new/Shake.sv:218]
WARNING: [Synth 8-3295] tying undriven pin kp7:AB[1580] to constant 0 [C:/Users/HP/Downloads/shake/shake.srcs/sources_1/new/Shake.sv:218]
WARNING: [Synth 8-3295] tying undriven pin kp7:AB[1579] to constant 0 [C:/Users/HP/Downloads/shake/shake.srcs/sources_1/new/Shake.sv:218]
WARNING: [Synth 8-3295] tying undriven pin kp7:AB[1578] to constant 0 [C:/Users/HP/Downloads/shake/shake.srcs/sources_1/new/Shake.sv:218]
WARNING: [Synth 8-3295] tying undriven pin kp7:AB[1577] to constant 0 [C:/Users/HP/Downloads/shake/shake.srcs/sources_1/new/Shake.sv:218]
WARNING: [Synth 8-3295] tying undriven pin kp7:AB[1576] to constant 0 [C:/Users/HP/Downloads/shake/shake.srcs/sources_1/new/Shake.sv:218]
WARNING: [Synth 8-3295] tying undriven pin kp7:AB[1575] to constant 0 [C:/Users/HP/Downloads/shake/shake.srcs/sources_1/new/Shake.sv:218]
WARNING: [Synth 8-3295] tying undriven pin kp7:AB[1574] to constant 0 [C:/Users/HP/Downloads/shake/shake.srcs/sources_1/new/Shake.sv:218]
WARNING: [Synth 8-3295] tying undriven pin kp7:AB[1573] to constant 0 [C:/Users/HP/Downloads/shake/shake.srcs/sources_1/new/Shake.sv:218]
WARNING: [Synth 8-3295] tying undriven pin kp7:AB[1572] to constant 0 [C:/Users/HP/Downloads/shake/shake.srcs/sources_1/new/Shake.sv:218]
WARNING: [Synth 8-3295] tying undriven pin kp7:AB[1571] to constant 0 [C:/Users/HP/Downloads/shake/shake.srcs/sources_1/new/Shake.sv:218]
WARNING: [Synth 8-3295] tying undriven pin kp7:AB[1570] to constant 0 [C:/Users/HP/Downloads/shake/shake.srcs/sources_1/new/Shake.sv:218]
WARNING: [Synth 8-3295] tying undriven pin kp7:AB[1569] to constant 0 [C:/Users/HP/Downloads/shake/shake.srcs/sources_1/new/Shake.sv:218]
WARNING: [Synth 8-3295] tying undriven pin kp7:AB[1568] to constant 0 [C:/Users/HP/Downloads/shake/shake.srcs/sources_1/new/Shake.sv:218]
WARNING: [Synth 8-3295] tying undriven pin kp7:AB[1567] to constant 0 [C:/Users/HP/Downloads/shake/shake.srcs/sources_1/new/Shake.sv:218]
WARNING: [Synth 8-3295] tying undriven pin kp7:AB[1566] to constant 0 [C:/Users/HP/Downloads/shake/shake.srcs/sources_1/new/Shake.sv:218]
WARNING: [Synth 8-3295] tying undriven pin kp7:AB[1565] to constant 0 [C:/Users/HP/Downloads/shake/shake.srcs/sources_1/new/Shake.sv:218]
WARNING: [Synth 8-3295] tying undriven pin kp7:AB[1564] to constant 0 [C:/Users/HP/Downloads/shake/shake.srcs/sources_1/new/Shake.sv:218]
WARNING: [Synth 8-3295] tying undriven pin kp7:AB[1563] to constant 0 [C:/Users/HP/Downloads/shake/shake.srcs/sources_1/new/Shake.sv:218]
WARNING: [Synth 8-3295] tying undriven pin kp7:AB[1562] to constant 0 [C:/Users/HP/Downloads/shake/shake.srcs/sources_1/new/Shake.sv:218]
WARNING: [Synth 8-3295] tying undriven pin kp7:AB[1561] to constant 0 [C:/Users/HP/Downloads/shake/shake.srcs/sources_1/new/Shake.sv:218]
WARNING: [Synth 8-3295] tying undriven pin kp7:AB[1560] to constant 0 [C:/Users/HP/Downloads/shake/shake.srcs/sources_1/new/Shake.sv:218]
WARNING: [Synth 8-3295] tying undriven pin kp7:AB[1559] to constant 0 [C:/Users/HP/Downloads/shake/shake.srcs/sources_1/new/Shake.sv:218]
WARNING: [Synth 8-3295] tying undriven pin kp7:AB[1558] to constant 0 [C:/Users/HP/Downloads/shake/shake.srcs/sources_1/new/Shake.sv:218]
WARNING: [Synth 8-3295] tying undriven pin kp7:AB[1557] to constant 0 [C:/Users/HP/Downloads/shake/shake.srcs/sources_1/new/Shake.sv:218]
WARNING: [Synth 8-3295] tying undriven pin kp7:AB[1556] to constant 0 [C:/Users/HP/Downloads/shake/shake.srcs/sources_1/new/Shake.sv:218]
WARNING: [Synth 8-3295] tying undriven pin kp7:AB[1555] to constant 0 [C:/Users/HP/Downloads/shake/shake.srcs/sources_1/new/Shake.sv:218]
WARNING: [Synth 8-3295] tying undriven pin kp7:AB[1554] to constant 0 [C:/Users/HP/Downloads/shake/shake.srcs/sources_1/new/Shake.sv:218]
WARNING: [Synth 8-3295] tying undriven pin kp7:AB[1553] to constant 0 [C:/Users/HP/Downloads/shake/shake.srcs/sources_1/new/Shake.sv:218]
WARNING: [Synth 8-3295] tying undriven pin kp7:AB[1552] to constant 0 [C:/Users/HP/Downloads/shake/shake.srcs/sources_1/new/Shake.sv:218]
WARNING: [Synth 8-3295] tying undriven pin kp7:AB[1551] to constant 0 [C:/Users/HP/Downloads/shake/shake.srcs/sources_1/new/Shake.sv:218]
WARNING: [Synth 8-3295] tying undriven pin kp7:AB[1550] to constant 0 [C:/Users/HP/Downloads/shake/shake.srcs/sources_1/new/Shake.sv:218]
WARNING: [Synth 8-3295] tying undriven pin kp7:AB[1549] to constant 0 [C:/Users/HP/Downloads/shake/shake.srcs/sources_1/new/Shake.sv:218]
WARNING: [Synth 8-3295] tying undriven pin kp7:AB[1548] to constant 0 [C:/Users/HP/Downloads/shake/shake.srcs/sources_1/new/Shake.sv:218]
WARNING: [Synth 8-3295] tying undriven pin kp7:AB[1547] to constant 0 [C:/Users/HP/Downloads/shake/shake.srcs/sources_1/new/Shake.sv:218]
WARNING: [Synth 8-3295] tying undriven pin kp7:AB[1546] to constant 0 [C:/Users/HP/Downloads/shake/shake.srcs/sources_1/new/Shake.sv:218]
WARNING: [Synth 8-3295] tying undriven pin kp7:AB[1545] to constant 0 [C:/Users/HP/Downloads/shake/shake.srcs/sources_1/new/Shake.sv:218]
WARNING: [Synth 8-3295] tying undriven pin kp7:AB[1544] to constant 0 [C:/Users/HP/Downloads/shake/shake.srcs/sources_1/new/Shake.sv:218]
WARNING: [Synth 8-3295] tying undriven pin kp7:AB[1543] to constant 0 [C:/Users/HP/Downloads/shake/shake.srcs/sources_1/new/Shake.sv:218]
WARNING: [Synth 8-3295] tying undriven pin kp7:AB[1542] to constant 0 [C:/Users/HP/Downloads/shake/shake.srcs/sources_1/new/Shake.sv:218]
WARNING: [Synth 8-3295] tying undriven pin kp7:AB[1541] to constant 0 [C:/Users/HP/Downloads/shake/shake.srcs/sources_1/new/Shake.sv:218]
WARNING: [Synth 8-3295] tying undriven pin kp7:AB[1540] to constant 0 [C:/Users/HP/Downloads/shake/shake.srcs/sources_1/new/Shake.sv:218]
WARNING: [Synth 8-3295] tying undriven pin kp7:AB[1539] to constant 0 [C:/Users/HP/Downloads/shake/shake.srcs/sources_1/new/Shake.sv:218]
WARNING: [Synth 8-3295] tying undriven pin kp7:AB[1538] to constant 0 [C:/Users/HP/Downloads/shake/shake.srcs/sources_1/new/Shake.sv:218]
WARNING: [Synth 8-3295] tying undriven pin kp7:AB[1537] to constant 0 [C:/Users/HP/Downloads/shake/shake.srcs/sources_1/new/Shake.sv:218]
WARNING: [Synth 8-3295] tying undriven pin kp7:AB[1536] to constant 0 [C:/Users/HP/Downloads/shake/shake.srcs/sources_1/new/Shake.sv:218]
WARNING: [Synth 8-3295] tying undriven pin kp7:AB[1535] to constant 0 [C:/Users/HP/Downloads/shake/shake.srcs/sources_1/new/Shake.sv:218]
WARNING: [Synth 8-3295] tying undriven pin kp7:AB[1534] to constant 0 [C:/Users/HP/Downloads/shake/shake.srcs/sources_1/new/Shake.sv:218]
WARNING: [Synth 8-3295] tying undriven pin kp7:AB[1533] to constant 0 [C:/Users/HP/Downloads/shake/shake.srcs/sources_1/new/Shake.sv:218]
WARNING: [Synth 8-3295] tying undriven pin kp7:AB[1532] to constant 0 [C:/Users/HP/Downloads/shake/shake.srcs/sources_1/new/Shake.sv:218]
WARNING: [Synth 8-3295] tying undriven pin kp7:AB[1531] to constant 0 [C:/Users/HP/Downloads/shake/shake.srcs/sources_1/new/Shake.sv:218]
WARNING: [Synth 8-3295] tying undriven pin kp7:AB[1530] to constant 0 [C:/Users/HP/Downloads/shake/shake.srcs/sources_1/new/Shake.sv:218]
WARNING: [Synth 8-3295] tying undriven pin kp7:AB[1529] to constant 0 [C:/Users/HP/Downloads/shake/shake.srcs/sources_1/new/Shake.sv:218]
WARNING: [Synth 8-3295] tying undriven pin kp7:AB[1528] to constant 0 [C:/Users/HP/Downloads/shake/shake.srcs/sources_1/new/Shake.sv:218]
WARNING: [Synth 8-3295] tying undriven pin kp7:AB[1527] to constant 0 [C:/Users/HP/Downloads/shake/shake.srcs/sources_1/new/Shake.sv:218]
WARNING: [Synth 8-3295] tying undriven pin kp7:AB[1526] to constant 0 [C:/Users/HP/Downloads/shake/shake.srcs/sources_1/new/Shake.sv:218]
WARNING: [Synth 8-3295] tying undriven pin kp7:AB[1525] to constant 0 [C:/Users/HP/Downloads/shake/shake.srcs/sources_1/new/Shake.sv:218]
WARNING: [Synth 8-3295] tying undriven pin kp7:AB[1524] to constant 0 [C:/Users/HP/Downloads/shake/shake.srcs/sources_1/new/Shake.sv:218]
WARNING: [Synth 8-3295] tying undriven pin kp7:AB[1523] to constant 0 [C:/Users/HP/Downloads/shake/shake.srcs/sources_1/new/Shake.sv:218]
WARNING: [Synth 8-3295] tying undriven pin kp7:AB[1522] to constant 0 [C:/Users/HP/Downloads/shake/shake.srcs/sources_1/new/Shake.sv:218]
WARNING: [Synth 8-3295] tying undriven pin kp7:AB[1521] to constant 0 [C:/Users/HP/Downloads/shake/shake.srcs/sources_1/new/Shake.sv:218]
WARNING: [Synth 8-3295] tying undriven pin kp7:AB[1520] to constant 0 [C:/Users/HP/Downloads/shake/shake.srcs/sources_1/new/Shake.sv:218]
WARNING: [Synth 8-3295] tying undriven pin kp7:AB[1519] to constant 0 [C:/Users/HP/Downloads/shake/shake.srcs/sources_1/new/Shake.sv:218]
WARNING: [Synth 8-3295] tying undriven pin kp7:AB[1518] to constant 0 [C:/Users/HP/Downloads/shake/shake.srcs/sources_1/new/Shake.sv:218]
WARNING: [Synth 8-3295] tying undriven pin kp7:AB[1517] to constant 0 [C:/Users/HP/Downloads/shake/shake.srcs/sources_1/new/Shake.sv:218]
WARNING: [Synth 8-3295] tying undriven pin kp7:AB[1516] to constant 0 [C:/Users/HP/Downloads/shake/shake.srcs/sources_1/new/Shake.sv:218]
WARNING: [Synth 8-3295] tying undriven pin kp7:AB[1515] to constant 0 [C:/Users/HP/Downloads/shake/shake.srcs/sources_1/new/Shake.sv:218]
WARNING: [Synth 8-3295] tying undriven pin kp7:AB[1514] to constant 0 [C:/Users/HP/Downloads/shake/shake.srcs/sources_1/new/Shake.sv:218]
WARNING: [Synth 8-3295] tying undriven pin kp7:AB[1513] to constant 0 [C:/Users/HP/Downloads/shake/shake.srcs/sources_1/new/Shake.sv:218]
WARNING: [Synth 8-3295] tying undriven pin kp7:AB[1512] to constant 0 [C:/Users/HP/Downloads/shake/shake.srcs/sources_1/new/Shake.sv:218]
WARNING: [Synth 8-3295] tying undriven pin kp7:AB[1511] to constant 0 [C:/Users/HP/Downloads/shake/shake.srcs/sources_1/new/Shake.sv:218]
WARNING: [Synth 8-3295] tying undriven pin kp7:AB[1510] to constant 0 [C:/Users/HP/Downloads/shake/shake.srcs/sources_1/new/Shake.sv:218]
WARNING: [Synth 8-3295] tying undriven pin kp7:AB[1509] to constant 0 [C:/Users/HP/Downloads/shake/shake.srcs/sources_1/new/Shake.sv:218]
WARNING: [Synth 8-3295] tying undriven pin kp7:AB[1508] to constant 0 [C:/Users/HP/Downloads/shake/shake.srcs/sources_1/new/Shake.sv:218]
WARNING: [Synth 8-3295] tying undriven pin kp7:AB[1507] to constant 0 [C:/Users/HP/Downloads/shake/shake.srcs/sources_1/new/Shake.sv:218]
WARNING: [Synth 8-3295] tying undriven pin kp7:AB[1506] to constant 0 [C:/Users/HP/Downloads/shake/shake.srcs/sources_1/new/Shake.sv:218]
WARNING: [Synth 8-3295] tying undriven pin kp7:AB[1505] to constant 0 [C:/Users/HP/Downloads/shake/shake.srcs/sources_1/new/Shake.sv:218]
WARNING: [Synth 8-3295] tying undriven pin kp7:AB[1504] to constant 0 [C:/Users/HP/Downloads/shake/shake.srcs/sources_1/new/Shake.sv:218]
WARNING: [Synth 8-3295] tying undriven pin kp7:AB[1503] to constant 0 [C:/Users/HP/Downloads/shake/shake.srcs/sources_1/new/Shake.sv:218]
WARNING: [Synth 8-3295] tying undriven pin kp7:AB[1502] to constant 0 [C:/Users/HP/Downloads/shake/shake.srcs/sources_1/new/Shake.sv:218]
WARNING: [Synth 8-3295] tying undriven pin kp7:AB[1501] to constant 0 [C:/Users/HP/Downloads/shake/shake.srcs/sources_1/new/Shake.sv:218]
WARNING: [Synth 8-3295] tying undriven pin kp7:AB[1500] to constant 0 [C:/Users/HP/Downloads/shake/shake.srcs/sources_1/new/Shake.sv:218]
INFO: [Common 17-14] Message 'Synth 8-3295' appears 100 times and further instances of the messages will be disabled. Use the Tcl command set_msg_config to change the current settings.
---------------------------------------------------------------------------------
Start Handling Custom Attributes
---------------------------------------------------------------------------------
---------------------------------------------------------------------------------
Finished Handling Custom Attributes : Time (s): cpu = 00:00:07 ; elapsed = 00:00:09 . Memory (MB): peak = 486.684 ; gain = 174.465
---------------------------------------------------------------------------------
---------------------------------------------------------------------------------
Finished RTL Optimization Phase 1 : Time (s): cpu = 00:00:07 ; elapsed = 00:00:09 . Memory (MB): peak = 486.684 ; gain = 174.465
---------------------------------------------------------------------------------
INFO: [Device 21-403] Loading part xc7a100tcsg324-1
INFO: [Project 1-570] Preparing netlist for logic optimization

Processing XDC Constraints
Initializing timing engine
Parsing XDC File [C:/Users/HP/Downloads/shake/shake.srcs/constrs_1/new/abc.xdc]
WARNING: [Vivado 12-584] No ports matched 'btn'. [C:/Users/HP/Downloads/shake/shake.srcs/constrs_1/new/abc.xdc:11]
CRITICAL WARNING: [Common 17-55] 'set_property' expects at least one object. [C:/Users/HP/Downloads/shake/shake.srcs/constrs_1/new/abc.xdc:11]
Resolution: If [get_<value>] was used to populate the object, check to make sure this command returns at least one valid object.
WARNING: [Vivado 12-584] No ports matched 'led'. [C:/Users/HP/Downloads/shake/shake.srcs/constrs_1/new/abc.xdc:31]
CRITICAL WARNING: [Common 17-55] 'set_property' expects at least one object. [C:/Users/HP/Downloads/shake/shake.srcs/constrs_1/new/abc.xdc:31]
Resolution: If [get_<value>] was used to populate the object, check to make sure this command returns at least one valid object.
WARNING: [Vivado 12-584] No ports matched 'rst'. [C:/Users/HP/Downloads/shake/shake.srcs/constrs_1/new/abc.xdc:37]
CRITICAL WARNING: [Common 17-55] 'set_property' expects at least one object. [C:/Users/HP/Downloads/shake/shake.srcs/constrs_1/new/abc.xdc:37]
Resolution: If [get_<value>] was used to populate the object, check to make sure this command returns at least one valid object.
Finished Parsing XDC File [C:/Users/HP/Downloads/shake/shake.srcs/constrs_1/new/abc.xdc]
INFO: [Project 1-236] Implementation specific constraints were found while reading constraint file [C:/Users/HP/Downloads/shake/shake.srcs/constrs_1/new/abc.xdc]. These constraints will be ignored for synthesis but will be used in implementation. Impacted constraints are listed in the file [.Xil/sponge_propImpl.xdc].
Resolution: To avoid this warning, move constraints listed in [.Xil/sponge_propImpl.xdc] to another XDC file and exclude this new file from synthesis with the used_in_synthesis property (File Properties dialog in GUI) and re-run elaboration/synthesis.
Completed Processing XDC Constraints

INFO: [Project 1-111] Unisim Transformation Summary:
No Unisim elements were transformed.

Constraint Validation Runtime : Time (s): cpu = 00:00:00 ; elapsed = 00:00:00.034 . Memory (MB): peak = 1063.918 ; gain = 0.000
---------------------------------------------------------------------------------
Finished Constraint Validation : Time (s): cpu = 00:01:00 ; elapsed = 00:01:01 . Memory (MB): peak = 1063.918 ; gain = 751.699
---------------------------------------------------------------------------------
---------------------------------------------------------------------------------
Start Loading Part and Timing Information
---------------------------------------------------------------------------------
Loading part: xc7a100tcsg324-1
---------------------------------------------------------------------------------
Finished Loading Part and Timing Information : Time (s): cpu = 00:01:00 ; elapsed = 00:01:01 . Memory (MB): peak = 1063.918 ; gain = 751.699
---------------------------------------------------------------------------------
---------------------------------------------------------------------------------
Start Applying 'set_property' XDC Constraints
---------------------------------------------------------------------------------
---------------------------------------------------------------------------------
Finished applying 'set_property' XDC Constraints : Time (s): cpu = 00:01:00 ; elapsed = 00:01:01 . Memory (MB): peak = 1063.918 ; gain = 751.699
---------------------------------------------------------------------------------
INFO: [Synth 8-5546] ROM "round_done" won't be mapped to RAM because it is too sparse
---------------------------------------------------------------------------------
Finished RTL Optimization Phase 2 : Time (s): cpu = 00:01:02 ; elapsed = 00:01:03 . Memory (MB): peak = 1063.918 ; gain = 751.699
---------------------------------------------------------------------------------

Report RTL Partitions: 
+------+--------------+------------+----------+
|      |RTL Partition |Replication |Instances |
+------+--------------+------------+----------+
|1     |keccak        |           8|     14563|
|2     |sponge__GC0   |           1|     25855|
+------+--------------+------------+----------+
---------------------------------------------------------------------------------
Start RTL Component Statistics 
---------------------------------------------------------------------------------
INFO: [Synth 8-3538] Detected potentially large (wide) register h_reg [C:/Users/HP/Downloads/shake/shake.srcs/sources_1/new/Shake.sv:102]
INFO: [Synth 8-3538] Detected potentially large (wide) register z_reg [C:/Users/HP/Downloads/shake/shake.srcs/sources_1/new/Shake.sv:103]
Detailed RTL Component Info : 
+---Adders : 
	   2 Input      5 Bit       Adders := 8     
+---XORs : 
	   5 Input     64 Bit         XORs := 40    
	   2 Input     64 Bit         XORs := 448   
+---Registers : 
	             9409 Bit    Registers := 1     
	             7000 Bit    Registers := 1     
	               64 Bit    Registers := 208   
	                5 Bit    Registers := 8     
	                1 Bit    Registers := 9     
+---Muxes : 
	   2 Input   1344 Bit        Muxes := 7     
	   2 Input     64 Bit        Muxes := 200   
	   2 Input      5 Bit        Muxes := 8     
	   2 Input      1 Bit        Muxes := 16    
---------------------------------------------------------------------------------
Finished RTL Component Statistics 
---------------------------------------------------------------------------------
---------------------------------------------------------------------------------
Start RTL Hierarchical Component Statistics 
---------------------------------------------------------------------------------
INFO: [Synth 8-3538] Detected potentially large (wide) register h_reg [C:/Users/HP/Downloads/shake/shake.srcs/sources_1/new/Shake.sv:102]
INFO: [Synth 8-3538] Detected potentially large (wide) register z_reg [C:/Users/HP/Downloads/shake/shake.srcs/sources_1/new/Shake.sv:103]
Hierarchical RTL Component report 
Module sponge 
Detailed RTL Component Info : 
+---Registers : 
	             9409 Bit    Registers := 1     
	             7000 Bit    Registers := 1     
	                1 Bit    Registers := 1     
+---Muxes : 
	   2 Input   1344 Bit        Muxes := 7     
Module Theta 
Detailed RTL Component Info : 
+---XORs : 
	   5 Input     64 Bit         XORs := 5     
	   2 Input     64 Bit         XORs := 30    
Module Chi 
Detailed RTL Component Info : 
+---XORs : 
	   2 Input     64 Bit         XORs := 25    
Module Iota 
Detailed RTL Component Info : 
+---XORs : 
	   2 Input     64 Bit         XORs := 1     
Module keccak 
Detailed RTL Component Info : 
+---Adders : 
	   2 Input      5 Bit       Adders := 1     
+---Registers : 
	               64 Bit    Registers := 26    
	                5 Bit    Registers := 1     
	                1 Bit    Registers := 1     
+---Muxes : 
	   2 Input     64 Bit        Muxes := 25    
	   2 Input      5 Bit        Muxes := 1     
	   2 Input      1 Bit        Muxes := 2     
---------------------------------------------------------------------------------
Finished RTL Hierarchical Component Statistics
---------------------------------------------------------------------------------
---------------------------------------------------------------------------------
Start Part Resource Summary
---------------------------------------------------------------------------------
Part Resources:
DSPs: 240 (col length:80)
BRAMs: 270 (col length: RAMB18 80 RAMB36 40)
---------------------------------------------------------------------------------
Finished Part Resource Summary
---------------------------------------------------------------------------------
---------------------------------------------------------------------------------
Start Cross Boundary and Area Optimization
---------------------------------------------------------------------------------
Warning: Parallel synthesis criteria is not met 
WARNING: [Synth 8-3332] Sequential element (round_done_reg) is unused and will be removed from module keccak__4.
WARNING: [Synth 8-3332] Sequential element (temp_in_reg[0][0][63]) is unused and will be removed from module keccak__4.
WARNING: [Synth 8-3332] Sequential element (temp_in_reg[0][0][62]) is unused and will be removed from module keccak__4.
WARNING: [Synth 8-3332] Sequential element (temp_in_reg[0][0][61]) is unused and will be removed from module keccak__4.
WARNING: [Synth 8-3332] Sequential element (temp_in_reg[0][0][60]) is unused and will be removed from module keccak__4.
WARNING: [Synth 8-3332] Sequential element (temp_in_reg[0][0][59]) is unused and will be removed from module keccak__4.
WARNING: [Synth 8-3332] Sequential element (temp_in_reg[0][0][58]) is unused and will be removed from module keccak__4.
WARNING: [Synth 8-3332] Sequential element (temp_in_reg[0][0][57]) is unused and will be removed from module keccak__4.
WARNING: [Synth 8-3332] Sequential element (temp_in_reg[0][0][56]) is unused and will be removed from module keccak__4.
WARNING: [Synth 8-3332] Sequential element (temp_in_reg[0][0][55]) is unused and will be removed from module keccak__4.
WARNING: [Synth 8-3332] Sequential element (temp_in_reg[0][0][54]) is unused and will be removed from module keccak__4.
WARNING: [Synth 8-3332] Sequential element (temp_in_reg[0][0][53]) is unused and will be removed from module keccak__4.
WARNING: [Synth 8-3332] Sequential element (temp_in_reg[0][0][52]) is unused and will be removed from module keccak__4.
WARNING: [Synth 8-3332] Sequential element (temp_in_reg[0][0][51]) is unused and will be removed from module keccak__4.
WARNING: [Synth 8-3332] Sequential element (temp_in_reg[0][0][50]) is unused and will be removed from module keccak__4.
WARNING: [Synth 8-3332] Sequential element (temp_in_reg[0][0][49]) is unused and will be removed from module keccak__4.
WARNING: [Synth 8-3332] Sequential element (temp_in_reg[0][0][48]) is unused and will be removed from module keccak__4.
WARNING: [Synth 8-3332] Sequential element (temp_in_reg[0][0][47]) is unused and will be removed from module keccak__4.
WARNING: [Synth 8-3332] Sequential element (temp_in_reg[0][0][46]) is unused and will be removed from module keccak__4.
WARNING: [Synth 8-3332] Sequential element (temp_in_reg[0][0][45]) is unused and will be removed from module keccak__4.
WARNING: [Synth 8-3332] Sequential element (temp_in_reg[0][0][44]) is unused and will be removed from module keccak__4.
WARNING: [Synth 8-3332] Sequential element (temp_in_reg[0][0][43]) is unused and will be removed from module keccak__4.
WARNING: [Synth 8-3332] Sequential element (temp_in_reg[0][0][42]) is unused and will be removed from module keccak__4.
WARNING: [Synth 8-3332] Sequential element (temp_in_reg[0][0][41]) is unused and will be removed from module keccak__4.
WARNING: [Synth 8-3332] Sequential element (temp_in_reg[0][0][40]) is unused and will be removed from module keccak__4.
WARNING: [Synth 8-3332] Sequential element (temp_in_reg[0][0][39]) is unused and will be removed from module keccak__4.
WARNING: [Synth 8-3332] Sequential element (temp_in_reg[0][0][38]) is unused and will be removed from module keccak__4.
WARNING: [Synth 8-3332] Sequential element (temp_in_reg[0][0][37]) is unused and will be removed from module keccak__4.
WARNING: [Synth 8-3332] Sequential element (temp_in_reg[0][0][36]) is unused and will be removed from module keccak__4.
WARNING: [Synth 8-3332] Sequential element (temp_in_reg[0][0][35]) is unused and will be removed from module keccak__4.
WARNING: [Synth 8-3332] Sequential element (temp_in_reg[0][0][34]) is unused and will be removed from module keccak__4.
WARNING: [Synth 8-3332] Sequential element (temp_in_reg[0][0][33]) is unused and will be removed from module keccak__4.
WARNING: [Synth 8-3332] Sequential element (temp_in_reg[0][0][32]) is unused and will be removed from module keccak__4.
WARNING: [Synth 8-3332] Sequential element (temp_in_reg[0][0][31]) is unused and will be removed from module keccak__4.
WARNING: [Synth 8-3332] Sequential element (temp_in_reg[0][0][30]) is unused and will be removed from module keccak__4.
WARNING: [Synth 8-3332] Sequential element (temp_in_reg[0][0][29]) is unused and will be removed from module keccak__4.
WARNING: [Synth 8-3332] Sequential element (temp_in_reg[0][0][28]) is unused and will be removed from module keccak__4.
WARNING: [Synth 8-3332] Sequential element (temp_in_reg[0][0][27]) is unused and will be removed from module keccak__4.
WARNING: [Synth 8-3332] Sequential element (temp_in_reg[0][0][26]) is unused and will be removed from module keccak__4.
WARNING: [Synth 8-3332] Sequential element (temp_in_reg[0][0][25]) is unused and will be removed from module keccak__4.
WARNING: [Synth 8-3332] Sequential element (temp_in_reg[0][0][24]) is unused and will be removed from module keccak__4.
WARNING: [Synth 8-3332] Sequential element (temp_in_reg[0][0][23]) is unused and will be removed from module keccak__4.
WARNING: [Synth 8-3332] Sequential element (temp_in_reg[0][0][22]) is unused and will be removed from module keccak__4.
WARNING: [Synth 8-3332] Sequential element (temp_in_reg[0][0][21]) is unused and will be removed from module keccak__4.
WARNING: [Synth 8-3332] Sequential element (temp_in_reg[0][0][20]) is unused and will be removed from module keccak__4.
WARNING: [Synth 8-3332] Sequential element (temp_in_reg[0][0][19]) is unused and will be removed from module keccak__4.
WARNING: [Synth 8-3332] Sequential element (temp_in_reg[0][0][18]) is unused and will be removed from module keccak__4.
WARNING: [Synth 8-3332] Sequential element (temp_in_reg[0][0][17]) is unused and will be removed from module keccak__4.
WARNING: [Synth 8-3332] Sequential element (temp_in_reg[0][0][16]) is unused and will be removed from module keccak__4.
WARNING: [Synth 8-3332] Sequential element (temp_in_reg[0][0][15]) is unused and will be removed from module keccak__4.
WARNING: [Synth 8-3332] Sequential element (temp_in_reg[0][0][14]) is unused and will be removed from module keccak__4.
WARNING: [Synth 8-3332] Sequential element (temp_in_reg[0][0][13]) is unused and will be removed from module keccak__4.
WARNING: [Synth 8-3332] Sequential element (temp_in_reg[0][0][12]) is unused and will be removed from module keccak__4.
WARNING: [Synth 8-3332] Sequential element (temp_in_reg[0][0][11]) is unused and will be removed from module keccak__4.
WARNING: [Synth 8-3332] Sequential element (temp_in_reg[0][0][10]) is unused and will be removed from module keccak__4.
WARNING: [Synth 8-3332] Sequential element (temp_in_reg[0][0][9]) is unused and will be removed from module keccak__4.
WARNING: [Synth 8-3332] Sequential element (temp_in_reg[0][0][8]) is unused and will be removed from module keccak__4.
WARNING: [Synth 8-3332] Sequential element (temp_in_reg[0][0][7]) is unused and will be removed from module keccak__4.
WARNING: [Synth 8-3332] Sequential element (temp_in_reg[0][0][6]) is unused and will be removed from module keccak__4.
WARNING: [Synth 8-3332] Sequential element (temp_in_reg[0][0][5]) is unused and will be removed from module keccak__4.
WARNING: [Synth 8-3332] Sequential element (temp_in_reg[0][0][4]) is unused and will be removed from module keccak__4.
WARNING: [Synth 8-3332] Sequential element (temp_in_reg[0][0][3]) is unused and will be removed from module keccak__4.
WARNING: [Synth 8-3332] Sequential element (temp_in_reg[0][0][2]) is unused and will be removed from module keccak__4.
WARNING: [Synth 8-3332] Sequential element (temp_in_reg[0][0][1]) is unused and will be removed from module keccak__4.
WARNING: [Synth 8-3332] Sequential element (temp_in_reg[0][0][0]) is unused and will be removed from module keccak__4.
WARNING: [Synth 8-3332] Sequential element (temp_in_reg[0][1][63]) is unused and will be removed from module keccak__4.
WARNING: [Synth 8-3332] Sequential element (temp_in_reg[0][1][62]) is unused and will be removed from module keccak__4.
WARNING: [Synth 8-3332] Sequential element (temp_in_reg[0][1][61]) is unused and will be removed from module keccak__4.
WARNING: [Synth 8-3332] Sequential element (temp_in_reg[0][1][60]) is unused and will be removed from module keccak__4.
WARNING: [Synth 8-3332] Sequential element (temp_in_reg[0][1][59]) is unused and will be removed from module keccak__4.
WARNING: [Synth 8-3332] Sequential element (temp_in_reg[0][1][58]) is unused and will be removed from module keccak__4.
WARNING: [Synth 8-3332] Sequential element (temp_in_reg[0][1][57]) is unused and will be removed from module keccak__4.
WARNING: [Synth 8-3332] Sequential element (temp_in_reg[0][1][56]) is unused and will be removed from module keccak__4.
WARNING: [Synth 8-3332] Sequential element (temp_in_reg[0][1][55]) is unused and will be removed from module keccak__4.
WARNING: [Synth 8-3332] Sequential element (temp_in_reg[0][1][54]) is unused and will be removed from module keccak__4.
WARNING: [Synth 8-3332] Sequential element (temp_in_reg[0][1][53]) is unused and will be removed from module keccak__4.
WARNING: [Synth 8-3332] Sequential element (temp_in_reg[0][1][52]) is unused and will be removed from module keccak__4.
WARNING: [Synth 8-3332] Sequential element (temp_in_reg[0][1][51]) is unused and will be removed from module keccak__4.
WARNING: [Synth 8-3332] Sequential element (temp_in_reg[0][1][50]) is unused and will be removed from module keccak__4.
WARNING: [Synth 8-3332] Sequential element (temp_in_reg[0][1][49]) is unused and will be removed from module keccak__4.
WARNING: [Synth 8-3332] Sequential element (temp_in_reg[0][1][48]) is unused and will be removed from module keccak__4.
WARNING: [Synth 8-3332] Sequential element (temp_in_reg[0][1][47]) is unused and will be removed from module keccak__4.
WARNING: [Synth 8-3332] Sequential element (temp_in_reg[0][1][46]) is unused and will be removed from module keccak__4.
WARNING: [Synth 8-3332] Sequential element (temp_in_reg[0][1][45]) is unused and will be removed from module keccak__4.
WARNING: [Synth 8-3332] Sequential element (temp_in_reg[0][1][44]) is unused and will be removed from module keccak__4.
WARNING: [Synth 8-3332] Sequential element (temp_in_reg[0][1][43]) is unused and will be removed from module keccak__4.
WARNING: [Synth 8-3332] Sequential element (temp_in_reg[0][1][42]) is unused and will be removed from module keccak__4.
WARNING: [Synth 8-3332] Sequential element (temp_in_reg[0][1][41]) is unused and will be removed from module keccak__4.
WARNING: [Synth 8-3332] Sequential element (temp_in_reg[0][1][40]) is unused and will be removed from module keccak__4.
WARNING: [Synth 8-3332] Sequential element (temp_in_reg[0][1][39]) is unused and will be removed from module keccak__4.
WARNING: [Synth 8-3332] Sequential element (temp_in_reg[0][1][38]) is unused and will be removed from module keccak__4.
WARNING: [Synth 8-3332] Sequential element (temp_in_reg[0][1][37]) is unused and will be removed from module keccak__4.
WARNING: [Synth 8-3332] Sequential element (temp_in_reg[0][1][36]) is unused and will be removed from module keccak__4.
WARNING: [Synth 8-3332] Sequential element (temp_in_reg[0][1][35]) is unused and will be removed from module keccak__4.
WARNING: [Synth 8-3332] Sequential element (temp_in_reg[0][1][34]) is unused and will be removed from module keccak__4.
WARNING: [Synth 8-3332] Sequential element (temp_in_reg[0][1][33]) is unused and will be removed from module keccak__4.
WARNING: [Synth 8-3332] Sequential element (temp_in_reg[0][1][32]) is unused and will be removed from module keccak__4.
WARNING: [Synth 8-3332] Sequential element (temp_in_reg[0][1][31]) is unused and will be removed from module keccak__4.
WARNING: [Synth 8-3332] Sequential element (temp_in_reg[0][1][30]) is unused and will be removed from module keccak__4.
WARNING: [Synth 8-3332] Sequential element (temp_in_reg[0][1][29]) is unused and will be removed from module keccak__4.
INFO: [Common 17-14] Message 'Synth 8-3332' appears 100 times and further instances of the messages will be disabled. Use the Tcl command set_msg_config to change the current settings.
---------------------------------------------------------------------------------
Finished Cross Boundary and Area Optimization : Time (s): cpu = 00:02:13 ; elapsed = 00:02:16 . Memory (MB): peak = 1063.918 ; gain = 751.699
---------------------------------------------------------------------------------

Report RTL Partitions: 
+------+--------------+------------+----------+
|      |RTL Partition |Replication |Instances |
+------+--------------+------------+----------+
|1     |keccak        |           1|      9852|
|2     |sponge__GC0   |           1|     21038|
|3     |keccak__1     |           1|      9832|
|4     |keccak__2     |           4|     13032|
|5     |keccak__3     |           1|     13032|
|6     |keccak__4     |           1|       159|
+------+--------------+------------+----------+
---------------------------------------------------------------------------------
Start Applying XDC Timing Constraints
---------------------------------------------------------------------------------
---------------------------------------------------------------------------------
Finished Applying XDC Timing Constraints : Time (s): cpu = 00:02:33 ; elapsed = 00:02:38 . Memory (MB): peak = 1063.918 ; gain = 751.699
---------------------------------------------------------------------------------
---------------------------------------------------------------------------------
Start Timing Optimization
---------------------------------------------------------------------------------
---------------------------------------------------------------------------------
Finished Timing Optimization : Time (s): cpu = 00:03:00 ; elapsed = 00:03:06 . Memory (MB): peak = 1063.918 ; gain = 751.699
---------------------------------------------------------------------------------

Report RTL Partitions: 
+------+--------------+------------+----------+
|      |RTL Partition |Replication |Instances |
+------+--------------+------------+----------+
|1     |keccak        |           1|      9852|
|2     |sponge__GC0   |           1|     21038|
|3     |keccak__1     |           1|      9832|
|4     |keccak__2     |           4|     13032|
|5     |keccak__3     |           1|     13032|
|6     |keccak__4     |           1|       159|
+------+--------------+------------+----------+
---------------------------------------------------------------------------------
Start Technology Mapping
---------------------------------------------------------------------------------
---------------------------------------------------------------------------------
Finished Technology Mapping : Time (s): cpu = 00:03:40 ; elapsed = 00:03:48 . Memory (MB): peak = 1063.918 ; gain = 751.699
---------------------------------------------------------------------------------

Report RTL Partitions: 
+-+--------------+------------+----------+
| |RTL Partition |Replication |Instances |
+-+--------------+------------+----------+
+-+--------------+------------+----------+
---------------------------------------------------------------------------------
Start IO Insertion
---------------------------------------------------------------------------------
---------------------------------------------------------------------------------
Start Flattening Before IO Insertion
---------------------------------------------------------------------------------
---------------------------------------------------------------------------------
Finished Flattening Before IO Insertion
---------------------------------------------------------------------------------
---------------------------------------------------------------------------------
Start Final Netlist Cleanup
---------------------------------------------------------------------------------
---------------------------------------------------------------------------------
Finished Final Netlist Cleanup
---------------------------------------------------------------------------------
---------------------------------------------------------------------------------
Finished IO Insertion : Time (s): cpu = 00:03:50 ; elapsed = 00:03:58 . Memory (MB): peak = 1063.918 ; gain = 751.699
---------------------------------------------------------------------------------

Report Check Netlist: 
+------+------------------+-------+---------+-------+------------------+
|      |Item              |Errors |Warnings |Status |Description       |
+------+------------------+-------+---------+-------+------------------+
|1     |multi_driven_nets |      0|        0|Passed |Multi driven nets |
+------+------------------+-------+---------+-------+------------------+
---------------------------------------------------------------------------------
Start Renaming Generated Instances
---------------------------------------------------------------------------------
---------------------------------------------------------------------------------
Finished Renaming Generated Instances : Time (s): cpu = 00:03:50 ; elapsed = 00:03:58 . Memory (MB): peak = 1063.918 ; gain = 751.699
---------------------------------------------------------------------------------

Report RTL Partitions: 
+-+--------------+------------+----------+
| |RTL Partition |Replication |Instances |
+-+--------------+------------+----------+
+-+--------------+------------+----------+
---------------------------------------------------------------------------------
Start Rebuilding User Hierarchy
---------------------------------------------------------------------------------
---------------------------------------------------------------------------------
Finished Rebuilding User Hierarchy : Time (s): cpu = 00:04:00 ; elapsed = 00:04:08 . Memory (MB): peak = 1063.918 ; gain = 751.699
---------------------------------------------------------------------------------
---------------------------------------------------------------------------------
Start Renaming Generated Ports
---------------------------------------------------------------------------------
---------------------------------------------------------------------------------
Finished Renaming Generated Ports : Time (s): cpu = 00:04:01 ; elapsed = 00:04:09 . Memory (MB): peak = 1063.918 ; gain = 751.699
---------------------------------------------------------------------------------
---------------------------------------------------------------------------------
Start Handling Custom Attributes
---------------------------------------------------------------------------------
---------------------------------------------------------------------------------
Finished Handling Custom Attributes : Time (s): cpu = 00:05:07 ; elapsed = 00:05:16 . Memory (MB): peak = 1063.918 ; gain = 751.699
---------------------------------------------------------------------------------
---------------------------------------------------------------------------------
Start Renaming Generated Nets
---------------------------------------------------------------------------------
---------------------------------------------------------------------------------
Finished Renaming Generated Nets : Time (s): cpu = 00:05:08 ; elapsed = 00:05:17 . Memory (MB): peak = 1063.918 ; gain = 751.699
---------------------------------------------------------------------------------
---------------------------------------------------------------------------------
Start Writing Synthesis Report
---------------------------------------------------------------------------------

Report BlackBoxes: 
+-+--------------+----------+
| |BlackBox name |Instances |
+-+--------------+----------+
+-+--------------+----------+

Report Cell Usage: 
+------+-----+------+
|      |Cell |Count |
+------+-----+------+
|1     |BUFG |     1|
|2     |LUT1 |  1367|
|3     |LUT2 |  5216|
|4     |LUT3 | 18581|
|5     |LUT4 |  1553|
|6     |LUT5 | 12614|
|7     |LUT6 |  1980|
|8     |FDCE | 25759|
|9     |FDRE |     1|
|10    |IBUF |    12|
|11    |OBUF |  7001|
+------+-----+------+

Report Instance Areas: 
+------+--------------+---------+------+
|      |Instance      |Module   |Cells |
+------+--------------+---------+------+
|1     |top           |         | 74085|
|2     |  kp          |keccak   |  6508|
|3     |    u_Rnd     |Rnd_17   |  1600|
|4     |      u_theta |Theta_18 |  1600|
|5     |  kp1         |keccak_0 |  8128|
|6     |    u_Rnd     |Rnd_15   |  1920|
|7     |      u_theta |Theta_16 |  1920|
|8     |  kp2         |keccak_1 |  8150|
|9     |    u_Rnd     |Rnd_13   |  1920|
|10    |      u_theta |Theta_14 |  1920|
|11    |  kp3         |keccak_2 |  8128|
|12    |    u_Rnd     |Rnd_11   |  1920|
|13    |      u_theta |Theta_12 |  1920|
|14    |  kp4         |keccak_3 |  7020|
|15    |    u_Rnd     |Rnd_9    |  1600|
|16    |      u_theta |Theta_10 |  1600|
|17    |  kp5         |keccak_4 |  8150|
|18    |    u_Rnd     |Rnd_7    |  1920|
|19    |      u_theta |Theta_8  |  1920|
|20    |  kp6         |keccak_5 |  5528|
|21    |    u_Rnd     |Rnd      |  1920|
|22    |      u_theta |Theta    |  1920|
|23    |  kp7         |keccak_6 |    82|
+------+--------------+---------+------+
---------------------------------------------------------------------------------
Finished Writing Synthesis Report : Time (s): cpu = 00:05:08 ; elapsed = 00:05:17 . Memory (MB): peak = 1063.918 ; gain = 751.699
---------------------------------------------------------------------------------
Synthesis finished with 0 errors, 0 critical warnings and 1601 warnings.
Synthesis Optimization Runtime : Time (s): cpu = 00:04:13 ; elapsed = 00:04:29 . Memory (MB): peak = 1063.918 ; gain = 174.465
Synthesis Optimization Complete : Time (s): cpu = 00:05:08 ; elapsed = 00:05:17 . Memory (MB): peak = 1063.918 ; gain = 751.699
INFO: [Project 1-571] Translating synthesized netlist
INFO: [Netlist 29-17] Analyzing 12 Unisim elements for replacement
INFO: [Netlist 29-28] Unisim Transformation completed in 0 CPU seconds
INFO: [Project 1-570] Preparing netlist for logic optimization
INFO: [Opt 31-138] Pushed 0 inverter(s) to 0 load pin(s).
INFO: [Project 1-111] Unisim Transformation Summary:
No Unisim elements were transformed.

INFO: [Common 17-83] Releasing license: Synthesis
40 Infos, 205 Warnings, 3 Critical Warnings and 0 Errors encountered.
synth_design completed successfully
synth_design: Time (s): cpu = 00:05:42 ; elapsed = 00:05:48 . Memory (MB): peak = 1125.754 ; gain = 826.215
WARNING: [Constraints 18-5210] No constraint will be written out.
INFO: [Common 17-1381] The checkpoint 'C:/Users/HP/Downloads/shake/shake.runs/synth_2/sponge.dcp' has been generated.
write_checkpoint: Time (s): cpu = 00:00:23 ; elapsed = 00:00:18 . Memory (MB): peak = 1125.754 ; gain = 0.000
INFO: [runtcl-4] Executing : report_utilization -file sponge_utilization_synth.rpt -pb sponge_utilization_synth.pb
report_utilization: Time (s): cpu = 00:00:02 ; elapsed = 00:00:02 . Memory (MB): peak = 1125.754 ; gain = 0.000
INFO: [Common 17-206] Exiting Vivado at Thu Jan  9 08:40:06 2025...
