#-----------------------------------------------------------
# Vivado v2018.2 (64-bit)
# SW Build 2258646 on Thu Jun 14 20:03:12 MDT 2018
# IP Build 2256618 on Thu Jun 14 22:10:49 MDT 2018
# Start of session at: Sun Dec 29 17:04:02 2024
# Process ID: 2692
# Current directory: E:/pkencode_2
# Command line: vivado.exe -gui_launcher_event rodinguilauncherevent14316 E:\pkencode_2\pkencode.xpr
# Log file: E:/pkencode_2/vivado.log
# Journal file: E:/pkencode_2\vivado.jou
#-----------------------------------------------------------
start_gui
open_project E:/pkencode_2/pkencode.xpr
Scanning sources...
Finished scanning sources
INFO: [IP_Flow 19-234] Refreshing IP repositories
INFO: [IP_Flow 19-1704] No user IP repositories specified
INFO: [IP_Flow 19-2313] Loaded Vivado IP repository 'C:/Xilinx/Vivado/2018.2/data/ip'.
open_project: Time (s): cpu = 00:00:23 ; elapsed = 00:00:13 . Memory (MB): peak = 846.676 ; gain = 124.824
update_compile_order -fileset sources_1
