#-----------------------------------------------------------
# Vivado v2018.2 (64-bit)
# SW Build 2258646 on Thu Jun 14 20:03:12 MDT 2018
# IP Build 2256618 on Thu Jun 14 22:10:49 MDT 2018
# Start of session at: Mon Dec 30 01:29:55 2024
# Process ID: 9760
# Current directory: E:/pkencode_2
# Command line: vivado.exe -gui_launcher_event rodinguilauncherevent8332 E:\pkencode_2\pkencode.xpr
# Log file: E:/pkencode_2/vivado.log
# Journal file: E:/pkencode_2\vivado.jou
#-----------------------------------------------------------
start_gui
open_project E:/pkencode_2/pkencode.xpr
Scanning sources...
Finished scanning sources
INFO: [IP_Flow 19-234] Refreshing IP repositories
INFO: [IP_Flow 19-1704] No user IP repositories specified
INFO: [IP_Flow 19-2313] Loaded Vivado IP repository 'C:/Xilinx/Vivado/2018.2/data/ip'.
open_project: Time (s): cpu = 00:00:26 ; elapsed = 00:00:14 . Memory (MB): peak = 876.234 ; gain = 142.312
update_compile_order -fileset sources_1
exit
INFO: [Common 17-206] Exiting Vivado at Mon Dec 30 01:36:01 2024...
