#-----------------------------------------------------------
# Vivado v2018.2 (64-bit)
# SW Build 2258646 on Thu Jun 14 20:03:12 MDT 2018
# IP Build 2256618 on Thu Jun 14 22:10:49 MDT 2018
# Start of session at: Wed Feb 26 00:37:14 2025
# Process ID: 11980
# Current directory: G:/pkencode_2
# Command line: vivado.exe -gui_launcher_event rodinguilauncherevent3976 G:\pkencode_2\pkencode.xpr
# Log file: G:/pkencode_2/vivado.log
# Journal file: G:/pkencode_2\vivado.jou
#-----------------------------------------------------------
start_gui
open_project G:/pkencode_2/pkencode.xpr
INFO: [Project 1-313] Project file moved from 'E:/pkencode_2' since last save.
Scanning sources...
Finished scanning sources
INFO: [IP_Flow 19-234] Refreshing IP repositories
INFO: [IP_Flow 19-1704] No user IP repositories specified
INFO: [IP_Flow 19-2313] Loaded Vivado IP repository 'C:/Xilinx/Vivado/2018.2/data/ip'.
open_project: Time (s): cpu = 00:00:23 ; elapsed = 00:01:58 . Memory (MB): peak = 815.977 ; gain = 121.082
update_compile_order -fileset sources_1
close [ open G:/pkencode_2/pkencode.srcs/sources_1/new/Dilithium_pkg.sv w ]
add_files G:/pkencode_2/pkencode.srcs/sources_1/new/Dilithium_pkg.sv
update_compile_order -fileset sources_1
exit
INFO: [Common 17-206] Exiting Vivado at Thu Feb 27 00:20:39 2025...
