#-----------------------------------------------------------
# Vivado v2018.2 (64-bit)
# SW Build 2258646 on Thu Jun 14 20:03:12 MDT 2018
# IP Build 2256618 on Thu Jun 14 22:10:49 MDT 2018
# Start of session at: Mon Dec 30 02:03:14 2024
# Process ID: 13032
# Current directory: E:/coefficientthreebytes
# Command line: vivado.exe -gui_launcher_event rodinguilauncherevent12292 E:\coefficientthreebytes\coefficientthreebytes.xpr
# Log file: E:/coefficientthreebytes/vivado.log
# Journal file: E:/coefficientthreebytes\vivado.jou
#-----------------------------------------------------------
start_gui
open_project E:/coefficientthreebytes/coefficientthreebytes.xpr
Scanning sources...
Finished scanning sources
INFO: [IP_Flow 19-234] Refreshing IP repositories
INFO: [IP_Flow 19-1704] No user IP repositories specified
INFO: [IP_Flow 19-2313] Loaded Vivado IP repository 'C:/Xilinx/Vivado/2018.2/data/ip'.
open_project: Time (s): cpu = 00:00:30 ; elapsed = 00:00:25 . Memory (MB): peak = 787.062 ; gain = 120.281
update_compile_order -fileset sources_1
launch_simulation
INFO: [Vivado 12-5682] Launching behavioral simulation in 'E:/coefficientthreebytes/coefficientthreebytes.sim/sim_1/behav/xsim'
INFO: [SIM-utils-51] Simulation object is 'sim_1'
INFO: [SIM-utils-54] Inspecting design source files for 'tb_CoefFromThreeBytes' in fileset 'sim_1'...
INFO: [USF-XSim-97] Finding global include files...
INFO: [USF-XSim-98] Fetching design files from 'sim_1'...
INFO: [USF-XSim-2] XSim::Compile design
INFO: [USF-XSim-61] Executing 'COMPILE and ANALYZE' step in 'E:/coefficientthreebytes/coefficientthreebytes.sim/sim_1/behav/xsim'
"xvlog --incr --relax -prj tb_CoefFromThreeBytes_vlog.prj"
INFO: [USF-XSim-69] 'compile' step finished in '2' seconds
INFO: [USF-XSim-3] XSim::Elaborate design
INFO: [USF-XSim-61] Executing 'ELABORATE' step in 'E:/coefficientthreebytes/coefficientthreebytes.sim/sim_1/behav/xsim'
Vivado Simulator 2018.2
Copyright 1986-1999, 2001-2018 Xilinx, Inc. All Rights Reserved.
Running: C:/Xilinx/Vivado/2018.2/bin/unwrapped/win64.o/xelab.exe -wto 08a83b4ff0e640799aa2a35557060cdc --incr --debug typical --relax --mt 2 -L xil_defaultlib -L unisims_ver -L unimacro_ver -L secureip --snapshot tb_CoefFromThreeBytes_behav xil_defaultlib.tb_CoefFromThreeBytes xil_defaultlib.glbl -log elaborate.log 
Using 2 slave threads.
Starting static elaboration
Completed static elaboration
INFO: [XSIM 43-4323] No Change in HDL. Linking previously generated obj files to create kernel
INFO: [USF-XSim-69] 'elaborate' step finished in '2' seconds
INFO: [USF-XSim-4] XSim::Simulate design
INFO: [USF-XSim-61] Executing 'SIMULATE' step in 'E:/coefficientthreebytes/coefficientthreebytes.sim/sim_1/behav/xsim'
INFO: [USF-XSim-98] *** Running xsim
   with args "tb_CoefFromThreeBytes_behav -key {Behavioral:sim_1:Functional:tb_CoefFromThreeBytes} -tclbatch {tb_CoefFromThreeBytes.tcl} -log {simulate.log}"
INFO: [USF-XSim-8] Loading simulator feature
Vivado Simulator 2018.2
Time resolution is 1 ps
source tb_CoefFromThreeBytes.tcl
# set curr_wave [current_wave_config]
# if { [string length $curr_wave] == 0 } {
#   if { [llength [get_objects]] > 0} {
#     add_wave /
#     set_property needs_save false [current_wave_config]
#   } else {
#      send_msg_id Add_Wave-1 WARNING "No top level signals found. Simulator will start without a wave window. If you want to open a wave window go to 'File->New Waveform Configuration' or type 'create_wave_config' in the TCL console."
#   }
# }
# run 1000ns
Test Case 1: coef = 88676, valid = 1
$finish called at time : 15 ns : File "E:/coefficientthreebytes/coefficientthreebytes.srcs/sim_1/new/tb.sv" Line 61
INFO: [USF-XSim-96] XSim completed. Design snapshot 'tb_CoefFromThreeBytes_behav' loaded.
INFO: [USF-XSim-97] XSim simulation ran for 1000ns
launch_simulation: Time (s): cpu = 00:00:10 ; elapsed = 00:00:11 . Memory (MB): peak = 811.738 ; gain = 1.438
close_sim
INFO: [Simtcl 6-16] Simulation closed
close_sim: Time (s): cpu = 00:00:04 ; elapsed = 00:00:08 . Memory (MB): peak = 837.441 ; gain = 4.477
exit
INFO: [Common 17-206] Exiting Vivado at Mon Dec 30 02:07:25 2024...
