Vivado Simulator 2018.2
Copyright 1986-1999, 2001-2018 Xilinx, Inc. All Rights Reserved.
Running: C:/Xilinx/Vivado/2018.2/bin/unwrapped/win64.o/xelab.exe -wto 5977889421ba45f58a4dcba7aecee94d --incr --debug typical --relax --mt 2 -L xil_defaultlib -L unisims_ver -L unimacro_ver -L secureip --snapshot tb_sponge_behav xil_defaultlib.tb_sponge xil_defaultlib.glbl -log elaborate.log 
Using 2 slave threads.
Starting static elaboration
WARNING: [VRFC 10-597] element index 2687 into k is out of bounds [G:/shake_3/shake/shake.srcs/sources_1/new/Shake.sv:94]
Completed static elaboration
Starting simulation data flow analysis
Completed simulation data flow analysis
Time Resolution for simulation is 1ps
Compiling module xil_defaultlib.Theta
Compiling module xil_defaultlib.Rho
Compiling module xil_defaultlib.Pi
Compiling module xil_defaultlib.Chi
Compiling module xil_defaultlib.Iota
Compiling module xil_defaultlib.Rnd
Compiling module xil_defaultlib.keccak
Compiling module xil_defaultlib.pad10_1(x=1344,m=276)
Compiling module xil_defaultlib.sponge(msg_len=276,d_len=6501,r=...
Compiling module xil_defaultlib.tb_sponge
Compiling module xil_defaultlib.glbl
Built simulation snapshot tb_sponge_behav
