INFO: [VRFC 10-2263] Analyzing SystemVerilog file "C:/Users/masfiyan/Documents/GitHub/Athestia/shake.srcs/sources_1/new/Chi.sv" into library xil_defaultlib
INFO: [VRFC 10-311] analyzing module Chi
INFO: [VRFC 10-2263] Analyzing SystemVerilog file "C:/Users/masfiyan/Documents/GitHub/Athestia/shake.srcs/sources_1/new/Iota.sv" into library xil_defaultlib
INFO: [VRFC 10-311] analyzing module Iota
INFO: [VRFC 10-2263] Analyzing SystemVerilog file "C:/Users/masfiyan/Documents/GitHub/Athestia/shake.srcs/sources_1/new/Keccak.sv" into library xil_defaultlib
INFO: [VRFC 10-311] analyzing module keccak
INFO: [VRFC 10-2263] Analyzing SystemVerilog file "C:/Users/masfiyan/Documents/GitHub/Athestia/shake.srcs/sources_1/new/Pad10_1.sv" into library xil_defaultlib
INFO: [VRFC 10-311] analyzing module pad10_1
INFO: [VRFC 10-2263] Analyzing SystemVerilog file "C:/Users/masfiyan/Documents/GitHub/Athestia/shake.srcs/sources_1/new/Pi.sv" into library xil_defaultlib
INFO: [VRFC 10-311] analyzing module Pi
INFO: [VRFC 10-2263] Analyzing SystemVerilog file "C:/Users/masfiyan/Documents/GitHub/Athestia/shake.srcs/sources_1/new/Rho.sv" into library xil_defaultlib
INFO: [VRFC 10-311] analyzing module Rho
INFO: [VRFC 10-2263] Analyzing SystemVerilog file "C:/Users/masfiyan/Documents/GitHub/Athestia/shake.srcs/sources_1/new/Round.sv" into library xil_defaultlib
INFO: [VRFC 10-311] analyzing module Rnd
INFO: [VRFC 10-2263] Analyzing SystemVerilog file "C:/Users/masfiyan/Documents/GitHub/Athestia/shake.srcs/sources_1/new/Theta.sv" into library xil_defaultlib
INFO: [VRFC 10-311] analyzing module Theta
INFO: [VRFC 10-2263] Analyzing SystemVerilog file "C:/Users/masfiyan/Documents/GitHub/Athestia/shake.srcs/sources_1/new/shake2.sv" into library xil_defaultlib
INFO: [VRFC 10-311] analyzing module spongee
INFO: [VRFC 10-2458] undeclared symbol don5, assumed default net type wire [C:/Users/masfiyan/Documents/GitHub/Athestia/shake.srcs/sources_1/new/shake2.sv:393]
INFO: [VRFC 10-2263] Analyzing SystemVerilog file "C:/Users/masfiyan/Documents/GitHub/Athestia/shake.srcs/sim_1/new/tb_shake2.sv" into library xil_defaultlib
INFO: [VRFC 10-311] analyzing module tb_spongee
