#-----------------------------------------------------------
# Vivado v2018.2 (64-bit)
# SW Build 2258646 on Thu Jun 14 20:03:12 MDT 2018
# IP Build 2256618 on Thu Jun 14 22:10:49 MDT 2018
# Start of session at: Tue Apr 15 17:16:37 2025
# Process ID: 11120
# Current directory: C:/Users/Wasif Hassan/Documents/GitHub/Athestia/update_Sample_in_ball
# Command line: vivado.exe -gui_launcher_event rodinguilauncherevent6392 C:\Users\Wasif Hassan\Documents\GitHub\Athestia\update_Sample_in_ball\update_Sample_in_ball.xpr
# Log file: C:/Users/Wasif Hassan/Documents/GitHub/Athestia/update_Sample_in_ball/vivado.log
# Journal file: C:/Users/Wasif Hassan/Documents/GitHub/Athestia/update_Sample_in_ball\vivado.jou
#-----------------------------------------------------------
start_gui
open_project {C:/Users/Wasif Hassan/Documents/GitHub/Athestia/update_Sample_in_ball/update_Sample_in_ball.xpr}
INFO: [Project 1-313] Project file moved from 'C:/Users/Wasif Hassan/Downloads/update_Sample_in_ball' since last save.
Scanning sources...
Finished scanning sources
INFO: [IP_Flow 19-234] Refreshing IP repositories
INFO: [IP_Flow 19-1704] No user IP repositories specified
INFO: [IP_Flow 19-2313] Loaded Vivado IP repository 'E:/Vivado/2018.2/data/ip'.
open_project: Time (s): cpu = 00:00:19 ; elapsed = 00:00:09 . Memory (MB): peak = 828.438 ; gain = 122.895
update_compile_order -fileset sources_1
