#-----------------------------------------------------------
# Vivado v2018.2 (64-bit)
# SW Build 2258646 on Thu Jun 14 20:03:12 MDT 2018
# IP Build 2256618 on Thu Jun 14 22:10:49 MDT 2018
# Start of session at: Fri Jan 31 18:39:50 2025
# Process ID: 9368
# Current directory: G:/RejBoundedPoly
# Command line: vivado.exe -gui_launcher_event rodinguilauncherevent3112 G:\RejBoundedPoly\RejBoundedPoly.xpr
# Log file: G:/RejBoundedPoly/vivado.log
# Journal file: G:/RejBoundedPoly\vivado.jou
#-----------------------------------------------------------
start_gui
open_project G:/RejBoundedPoly/RejBoundedPoly.xpr
Scanning sources...
Finished scanning sources
INFO: [IP_Flow 19-234] Refreshing IP repositories
INFO: [IP_Flow 19-1704] No user IP repositories specified
INFO: [IP_Flow 19-2313] Loaded Vivado IP repository 'C:/Xilinx/Vivado/2018.2/data/ip'.
open_project: Time (s): cpu = 00:00:24 ; elapsed = 00:00:16 . Memory (MB): peak = 827.320 ; gain = 96.742
update_compile_order -fileset sources_1
