Vivado Simulator 2018.2
Copyright 1986-1999, 2001-2018 Xilinx, Inc. All Rights Reserved.
Running: C:/Xilinx/Vivado/2018.2/bin/unwrapped/win64.o/xelab.exe -wto 71cbf9b9e39946b4852ee7bc566c11d8 --incr --debug typical --relax --mt 2 -L xil_defaultlib -L unisims_ver -L unimacro_ver -L secureip --snapshot tb_Sample_in_ball_behav xil_defaultlib.tb_Sample_in_ball xil_defaultlib.glbl -log elaborate.log 
Using 2 slave threads.
Starting static elaboration
WARNING: [VRFC 10-597] element index 2175 into k is out of bounds [H:/Store_Athestia/Athestia/update_Sample_in_ball/update_Sample_in_ball.srcs/sources_1/new/sponge.sv:94]
Completed static elaboration
Starting simulation data flow analysis
Completed simulation data flow analysis
Time Resolution for simulation is 1ps
Compiling module xil_defaultlib.Theta
Compiling module xil_defaultlib.Rho
Compiling module xil_defaultlib.Pi
Compiling module xil_defaultlib.Chi
Compiling module xil_defaultlib.Iota
Compiling module xil_defaultlib.Rnd
Compiling module xil_defaultlib.keccak
Compiling module xil_defaultlib.pad10_1(x=1088,m=516)
Compiling module xil_defaultlib.sponge(msg_len=516,d_len=5000,ca...
Compiling module xil_defaultlib.Sample_in_ball
Compiling module xil_defaultlib.tb_Sample_in_ball
Compiling module xil_defaultlib.glbl
Built simulation snapshot tb_Sample_in_ball_behav
