INFO: [VRFC 10-2263] Analyzing SystemVerilog file "C:/Users/Wasif Hassan/Downloads/update_Sample_in_ball/update_Sample_in_ball.srcs/sources_1/new/Iota.sv" into library xil_defaultlib
INFO: [VRFC 10-311] analyzing module Iota
INFO: [VRFC 10-2263] Analyzing SystemVerilog file "C:/Users/Wasif Hassan/Downloads/update_Sample_in_ball/update_Sample_in_ball.srcs/sources_1/new/Keccak.sv" into library xil_defaultlib
INFO: [VRFC 10-311] analyzing module keccak
INFO: [VRFC 10-2263] Analyzing SystemVerilog file "C:/Users/Wasif Hassan/Downloads/update_Sample_in_ball/update_Sample_in_ball.srcs/sources_1/new/Rho.sv" into library xil_defaultlib
INFO: [VRFC 10-311] analyzing module Rho
INFO: [VRFC 10-2263] Analyzing SystemVerilog file "C:/Users/Wasif Hassan/Downloads/update_Sample_in_ball/update_Sample_in_ball.srcs/sources_1/new/Rnd.sv" into library xil_defaultlib
INFO: [VRFC 10-311] analyzing module Rnd
INFO: [VRFC 10-2263] Analyzing SystemVerilog file "C:/Users/Wasif Hassan/Downloads/update_Sample_in_ball/update_Sample_in_ball.srcs/sources_1/new/chi.sv" into library xil_defaultlib
INFO: [VRFC 10-311] analyzing module Chi
INFO: [VRFC 10-2263] Analyzing SystemVerilog file "C:/Users/Wasif Hassan/Downloads/update_Sample_in_ball/update_Sample_in_ball.srcs/sources_1/new/pad_10.sv" into library xil_defaultlib
INFO: [VRFC 10-311] analyzing module pad10_1
INFO: [VRFC 10-2263] Analyzing SystemVerilog file "C:/Users/Wasif Hassan/Downloads/update_Sample_in_ball/update_Sample_in_ball.srcs/sources_1/new/pi.sv" into library xil_defaultlib
INFO: [VRFC 10-311] analyzing module Pi
INFO: [VRFC 10-2263] Analyzing SystemVerilog file "C:/Users/Wasif Hassan/Downloads/update_Sample_in_ball/update_Sample_in_ball.srcs/sources_1/new/sample_in_ball.sv" into library xil_defaultlib
INFO: [VRFC 10-311] analyzing module Sample_in_ball
INFO: [VRFC 10-2263] Analyzing SystemVerilog file "C:/Users/Wasif Hassan/Downloads/update_Sample_in_ball/update_Sample_in_ball.srcs/sources_1/new/sponge.sv" into library xil_defaultlib
INFO: [VRFC 10-311] analyzing module sponge
INFO: [VRFC 10-2458] undeclared symbol don5, assumed default net type wire [C:/Users/Wasif Hassan/Downloads/update_Sample_in_ball/update_Sample_in_ball.srcs/sources_1/new/sponge.sv:202]
INFO: [VRFC 10-2263] Analyzing SystemVerilog file "C:/Users/Wasif Hassan/Downloads/update_Sample_in_ball/update_Sample_in_ball.srcs/sources_1/new/theta.sv" into library xil_defaultlib
INFO: [VRFC 10-311] analyzing module Theta
INFO: [VRFC 10-2263] Analyzing SystemVerilog file "C:/Users/Wasif Hassan/Downloads/update_Sample_in_ball/update_Sample_in_ball.srcs/sim_1/new/tb_sample.sv" into library xil_defaultlib
INFO: [VRFC 10-311] analyzing module tb_Sample_in_ball
INFO: [VRFC 10-2263] Analyzing Verilog file "C:/Users/Wasif Hassan/Downloads/update_Sample_in_ball/update_Sample_in_ball.sim/sim_1/behav/xsim/glbl.v" into library xil_defaultlib
INFO: [VRFC 10-311] analyzing module glbl
