INFO: [VRFC 10-2263] Analyzing SystemVerilog file "G:/RejBoundedPoly_2/RejBoundedPoly/Chi.sv" into library xil_defaultlib
INFO: [VRFC 10-311] analyzing module Chi
INFO: [VRFC 10-2263] Analyzing SystemVerilog file "G:/RejBoundedPoly_2/RejBoundedPoly/RejBoundedPoly.srcs/sources_1/new/CoefFromHalfByte.sv" into library xil_defaultlib
INFO: [VRFC 10-311] analyzing module CoefFromHalfByte
INFO: [VRFC 10-2263] Analyzing SystemVerilog file "G:/RejBoundedPoly_2/RejBoundedPoly/RejBoundedPoly.srcs/sources_1/new/Dilithium_pkg.sv" into library xil_defaultlib
INFO: [VRFC 10-2263] Analyzing SystemVerilog file "G:/RejBoundedPoly_2/RejBoundedPoly/RejBoundedPoly.srcs/sources_1/new/ExpandS.sv" into library xil_defaultlib
INFO: [VRFC 10-311] analyzing module ExpandS
INFO: [VRFC 10-2263] Analyzing SystemVerilog file "G:/RejBoundedPoly_2/RejBoundedPoly/Iota.sv" into library xil_defaultlib
INFO: [VRFC 10-311] analyzing module Iota
INFO: [VRFC 10-2263] Analyzing SystemVerilog file "G:/RejBoundedPoly_2/RejBoundedPoly/Keccak.sv" into library xil_defaultlib
INFO: [VRFC 10-311] analyzing module keccak
INFO: [VRFC 10-2263] Analyzing SystemVerilog file "G:/RejBoundedPoly_2/RejBoundedPoly/Pad10_1.sv" into library xil_defaultlib
INFO: [VRFC 10-311] analyzing module pad10_1
INFO: [VRFC 10-2263] Analyzing SystemVerilog file "G:/RejBoundedPoly_2/RejBoundedPoly/Pi.sv" into library xil_defaultlib
INFO: [VRFC 10-311] analyzing module Pi
INFO: [VRFC 10-2263] Analyzing SystemVerilog file "G:/RejBoundedPoly_2/RejBoundedPoly/RejBoundedPoly.srcs/sources_1/new/RejBoundedPoly.sv" into library xil_defaultlib
INFO: [VRFC 10-311] analyzing module RejBoundedPoly
INFO: [VRFC 10-2263] Analyzing SystemVerilog file "G:/RejBoundedPoly_2/RejBoundedPoly/Rho.sv" into library xil_defaultlib
INFO: [VRFC 10-311] analyzing module Rho
INFO: [VRFC 10-2263] Analyzing SystemVerilog file "G:/RejBoundedPoly_2/RejBoundedPoly/Round.sv" into library xil_defaultlib
INFO: [VRFC 10-311] analyzing module Rnd
INFO: [VRFC 10-2263] Analyzing SystemVerilog file "G:/RejBoundedPoly_2/RejBoundedPoly/Shake.sv" into library xil_defaultlib
INFO: [VRFC 10-311] analyzing module sponge
INFO: [VRFC 10-2458] undeclared symbol don5, assumed default net type wire [G:/RejBoundedPoly_2/RejBoundedPoly/Shake.sv:119]
INFO: [VRFC 10-2263] Analyzing SystemVerilog file "G:/RejBoundedPoly_2/RejBoundedPoly/Theta.sv" into library xil_defaultlib
INFO: [VRFC 10-311] analyzing module Theta
INFO: [VRFC 10-2263] Analyzing SystemVerilog file "G:/RejBoundedPoly_2/RejBoundedPoly/RejBoundedPoly.srcs/sources_1/new/tb_expands.sv" into library xil_defaultlib
INFO: [VRFC 10-311] analyzing module ExpandS_tb
INFO: [VRFC 10-2263] Analyzing Verilog file "G:/RejBoundedPoly_2/RejBoundedPoly/RejBoundedPoly.sim/sim_1/behav/xsim/glbl.v" into library xil_defaultlib
INFO: [VRFC 10-311] analyzing module glbl
