#-----------------------------------------------------------
# Vivado v2018.2 (64-bit)
# SW Build 2258646 on Thu Jun 14 20:03:12 MDT 2018
# IP Build 2256618 on Thu Jun 14 22:10:49 MDT 2018
# Start of session at: Fri Dec 27 22:43:47 2024
# Process ID: 17704
# Current directory: E:/decompose_2
# Command line: vivado.exe -gui_launcher_event rodinguilauncherevent18028 E:\decompose_2\decompose_2.xpr
# Log file: E:/decompose_2/vivado.log
# Journal file: E:/decompose_2\vivado.jou
#-----------------------------------------------------------
start_gui
open_project E:/decompose_2/decompose_2.xpr
Scanning sources...
Finished scanning sources
INFO: [IP_Flow 19-234] Refreshing IP repositories
INFO: [IP_Flow 19-1704] No user IP repositories specified
INFO: [IP_Flow 19-2313] Loaded Vivado IP repository 'C:/Xilinx/Vivado/2018.2/data/ip'.
open_project: Time (s): cpu = 00:00:23 ; elapsed = 00:00:13 . Memory (MB): peak = 857.422 ; gain = 133.773
update_compile_order -fileset sources_1
exit
INFO: [Common 17-206] Exiting Vivado at Sat Dec 28 01:02:34 2024...
