Vivado Simulator 2018.2
Time resolution is 1 ps
       196  101
       197   25
       198   73
       199   51
       200  189
       201   53
       202  175
       203  140
       204  130
       205  144
       206  166
       207   88
       208  208
       209   55
       210   43
       211  171
       212   10
       213   69
       214   73
       215    5
       216  111
       217   44
       218  112
       219  212
       220   10
       221  204
       222   27
       223  205
       224  115
       225   14
       226   73
       227  161
       228  180
       229   10
       230   75
       231  220
       232   78
       233  168
       234  179
       235  104
       236   24
       237  117
       238    6
       239   55
       240   28
       241   35
       242  100
       243   64
       244  147
       245  243
       246   32
       247  148
       248   21
       249  210
       250  207
       251  151
       252   14
       253  187
       254   69
       255  168
