INFO: [VRFC 10-2263] Analyzing SystemVerilog file "H:/New_folder/sign_internal/sign_internal.srcs/sources_1/new/BitUnpak.sv" into library xil_defaultlib
INFO: [VRFC 10-311] analyzing module BitUnpack2
INFO: [VRFC 10-2263] Analyzing SystemVerilog file "H:/New_folder/sign_internal/sign_internal.srcs/sources_1/new/Chi.sv" into library xil_defaultlib
INFO: [VRFC 10-311] analyzing module Chi
INFO: [VRFC 10-2263] Analyzing SystemVerilog file "H:/New_folder/sign_internal/sign_internal.srcs/sources_1/new/Coefficient_three_bytes.sv" into library xil_defaultlib
INFO: [VRFC 10-311] analyzing module CoefFromThreeBytes
INFO: [VRFC 10-2263] Analyzing SystemVerilog file "H:/New_folder/sign_internal/sign_internal.srcs/sources_1/new/Dilithium_pkg.sv" into library xil_defaultlib
INFO: [VRFC 10-2263] Analyzing SystemVerilog file "H:/New_folder/sign_internal/sign_internal.srcs/sources_1/new/Decompose.sv" into library xil_defaultlib
INFO: [VRFC 10-311] analyzing module Decompose
INFO: [VRFC 10-2263] Analyzing SystemVerilog file "H:/New_folder/sign_internal/sign_internal.srcs/sources_1/new/ExpandA.sv" into library xil_defaultlib
INFO: [VRFC 10-311] analyzing module ExpandA
INFO: [VRFC 10-2263] Analyzing SystemVerilog file "H:/New_folder/sign_internal/sign_internal.srcs/sources_1/new/ExpandMask.sv" into library xil_defaultlib
INFO: [VRFC 10-311] analyzing module Expand_mask
INFO: [VRFC 10-2263] Analyzing SystemVerilog file "H:/New_folder/sign_internal/sign_internal.srcs/sources_1/new/Iota.sv" into library xil_defaultlib
INFO: [VRFC 10-311] analyzing module Iota
INFO: [VRFC 10-2263] Analyzing SystemVerilog file "H:/New_folder/sign_internal/sign_internal.srcs/sources_1/new/Keccak.sv" into library xil_defaultlib
INFO: [VRFC 10-311] analyzing module keccak
INFO: [VRFC 10-2263] Analyzing SystemVerilog file "H:/New_folder/sign_internal/sign_internal.srcs/sources_1/new/NTT.sv" into library xil_defaultlib
INFO: [VRFC 10-311] analyzing module NTT
INFO: [VRFC 10-2263] Analyzing SystemVerilog file "H:/New_folder/sign_internal/sign_internal.srcs/sources_1/new/NTT_INV.sv" into library xil_defaultlib
INFO: [VRFC 10-311] analyzing module NTT_INV
INFO: [VRFC 10-2263] Analyzing SystemVerilog file "H:/New_folder/sign_internal/sign_internal.srcs/sources_1/new/Pad10_1.sv" into library xil_defaultlib
INFO: [VRFC 10-311] analyzing module pad10_1
INFO: [VRFC 10-2263] Analyzing SystemVerilog file "H:/New_folder/sign_internal/sign_internal.srcs/sources_1/new/Pi.sv" into library xil_defaultlib
INFO: [VRFC 10-311] analyzing module Pi
INFO: [VRFC 10-2263] Analyzing SystemVerilog file "H:/New_folder/sign_internal/sign_internal.srcs/sources_1/new/RejNttPoly.sv" into library xil_defaultlib
INFO: [VRFC 10-311] analyzing module RejNttPoly
INFO: [VRFC 10-2263] Analyzing SystemVerilog file "H:/New_folder/sign_internal/sign_internal.srcs/sources_1/new/Rho.sv" into library xil_defaultlib
INFO: [VRFC 10-311] analyzing module Rho
INFO: [VRFC 10-2263] Analyzing SystemVerilog file "H:/New_folder/sign_internal/sign_internal.srcs/sources_1/new/Round.sv" into library xil_defaultlib
INFO: [VRFC 10-311] analyzing module Rnd
INFO: [VRFC 10-2263] Analyzing SystemVerilog file "H:/New_folder/sign_internal/sign_internal.srcs/sources_1/new/SampleInBall.sv" into library xil_defaultlib
INFO: [VRFC 10-311] analyzing module Sample_in_ball
INFO: [VRFC 10-2263] Analyzing SystemVerilog file "H:/New_folder/sign_internal/sign_internal.srcs/sources_1/new/Shake.sv" into library xil_defaultlib
INFO: [VRFC 10-311] analyzing module sponge
INFO: [VRFC 10-2263] Analyzing SystemVerilog file "H:/New_folder/sign_internal/sign_internal.srcs/sources_1/new/SignInternal2.sv" into library xil_defaultlib
INFO: [VRFC 10-311] analyzing module sign_internal2
INFO: [VRFC 10-2263] Analyzing SystemVerilog file "H:/New_folder/sign_internal/sign_internal.srcs/sources_1/new/SimpleBitPack.sv" into library xil_defaultlib
INFO: [VRFC 10-311] analyzing module SimpleBitPack
INFO: [VRFC 10-2263] Analyzing SystemVerilog file "H:/New_folder/sign_internal/sign_internal.srcs/sources_1/new/Theta.sv" into library xil_defaultlib
INFO: [VRFC 10-311] analyzing module Theta
INFO: [VRFC 10-2263] Analyzing SystemVerilog file "H:/New_folder/sign_internal/sign_internal.srcs/sources_1/new/W1Encode.sv" into library xil_defaultlib
INFO: [VRFC 10-311] analyzing module w1encode
INFO: [VRFC 10-2263] Analyzing SystemVerilog file "H:/New_folder/sign_internal/sign_internal.srcs/sources_1/new/check.sv" into library xil_defaultlib
INFO: [VRFC 10-311] analyzing module BitUnpack
INFO: [VRFC 10-2263] Analyzing SystemVerilog file "H:/New_folder/sign_internal/sign_internal.srcs/sources_1/new/skDecode.sv" into library xil_defaultlib
INFO: [VRFC 10-311] analyzing module skDecode
INFO: [VRFC 10-2263] Analyzing SystemVerilog file "H:/New_folder/sign_internal/sign_internal.srcs/sources_1/new/swapbits.sv" into library xil_defaultlib
INFO: [VRFC 10-311] analyzing module SwapNibbles
INFO: [VRFC 10-2263] Analyzing SystemVerilog file "H:/New_folder/sign_internal/sign_internal.srcs/sim_1/new/tb_sign.sv" into library xil_defaultlib
INFO: [VRFC 10-311] analyzing module sign
