INFO: [VRFC 10-2263] Analyzing SystemVerilog file "C:/Users/Muhammad Asfiyan/project_3/project_3.srcs/sources_1/new/Chi.sv" into library xil_defaultlib
INFO: [VRFC 10-311] analyzing module Chi
INFO: [VRFC 10-2263] Analyzing SystemVerilog file "C:/Users/Muhammad Asfiyan/project_3/project_3.srcs/sources_1/new/Iota.sv" into library xil_defaultlib
INFO: [VRFC 10-311] analyzing module Iota
INFO: [VRFC 10-2263] Analyzing SystemVerilog file "C:/Users/Muhammad Asfiyan/project_3/project_3.srcs/sources_1/new/Keccak.sv" into library xil_defaultlib
INFO: [VRFC 10-311] analyzing module keccak
INFO: [VRFC 10-2263] Analyzing SystemVerilog file "C:/Users/Muhammad Asfiyan/project_3/project_3.srcs/sources_1/new/Pad10_1.sv" into library xil_defaultlib
INFO: [VRFC 10-311] analyzing module pad10_1
INFO: [VRFC 10-2263] Analyzing SystemVerilog file "C:/Users/Muhammad Asfiyan/project_3/project_3.srcs/sources_1/new/Pi.sv" into library xil_defaultlib
INFO: [VRFC 10-311] analyzing module Pi
INFO: [VRFC 10-2263] Analyzing SystemVerilog file "C:/Users/Muhammad Asfiyan/project_3/project_3.srcs/sources_1/new/Rho.sv" into library xil_defaultlib
INFO: [VRFC 10-311] analyzing module rho
INFO: [VRFC 10-2263] Analyzing SystemVerilog file "C:/Users/Muhammad Asfiyan/project_3/project_3.srcs/sources_1/new/Rnd.sv" into library xil_defaultlib
INFO: [VRFC 10-311] analyzing module Rnd
INFO: [VRFC 10-2263] Analyzing SystemVerilog file "C:/Users/Muhammad Asfiyan/project_3/project_3.srcs/sources_1/new/Sponge.sv" into library xil_defaultlib
INFO: [VRFC 10-311] analyzing module sponge
INFO: [VRFC 10-2263] Analyzing SystemVerilog file "C:/Users/Muhammad Asfiyan/project_3/project_3.srcs/sources_1/new/Theta.sv" into library xil_defaultlib
INFO: [VRFC 10-311] analyzing module Theta
INFO: [VRFC 10-2263] Analyzing SystemVerilog file "C:/Users/Muhammad Asfiyan/project_3/project_3.srcs/sim_1/new/tb.sv" into library xil_defaultlib
INFO: [VRFC 10-311] analyzing module tb_sponge
